05-17-2026 21:39:48 RAM 1692/7620MB (lfb 109x4MB) SWAP 0/3810MB (cached 0MB) CPU [100%@1344,13%@1344,13%@1344,14%@1344,14%@960,43%@960] GR3D_FREQ 0% cpu@43.687C soc2@41.968C soc0@43.156C gpu@43.625C tj@43.687C soc1@43.625C VDD_IN 5368mW/5368mW VDD_CPU_GPU_CV 1200mW/1200mW VDD_SOC 1442mW/1442mW
05-17-2026 21:39:49 RAM 1730/7620MB (lfb 109x4MB) SWAP 0/3810MB (cached 0MB) CPU [100%@1344,0%@1344,0%@1344,1%@1344,0%@729,1%@729] GR3D_FREQ 0% cpu@43.312C soc2@42C soc0@43C gpu@43.718C tj@43.812C soc1@43.812C VDD_IN 5128mW/5248mW VDD_CPU_GPU_CV 1000mW/1100mW VDD_SOC 1442mW/1442mW
05-17-2026 21:39:50 RAM 1747/7620MB (lfb 109x4MB) SWAP 0/3810MB (cached 0MB) CPU [100%@1344,0%@1344,0%@1344,0%@1344,1%@729,1%@729] GR3D_FREQ 0% cpu@43.437C soc2@42C soc0@43C gpu@43.562C tj@43.562C soc1@43.5C VDD_IN 5088mW/5195mW VDD_CPU_GPU_CV 1000mW/1067mW VDD_SOC 1402mW/1429mW
05-17-2026 21:39:51 RAM 1760/7620MB (lfb 109x4MB) SWAP 0/3810MB (cached 0MB) CPU [100%@1344,0%@1344,0%@1344,0%@1344,0%@729,3%@729] GR3D_FREQ 0% cpu@43.5C soc2@41.968C soc0@43.156C gpu@43.562C tj@43.562C soc1@43.5C VDD_IN 5168mW/5188mW VDD_CPU_GPU_CV 1000mW/1050mW VDD_SOC 1402mW/1422mW
05-17-2026 21:39:52 RAM 1793/7620MB (lfb 109x4MB) SWAP 0/3810MB (cached 0MB) CPU [100%@1344,0%@1344,0%@1344,0%@1344,0%@729,1%@729] GR3D_FREQ 0% cpu@43.75C soc2@42C soc0@43.125C gpu@43.562C tj@43.75C soc1@43.625C VDD_IN 5168mW/5184mW VDD_CPU_GPU_CV 960mW/1032mW VDD_SOC 1442mW/1426mW
05-17-2026 21:39:53 RAM 1813/7620MB (lfb 109x4MB) SWAP 0/3810MB (cached 0MB) CPU [100%@1344,0%@1344,0%@1344,0%@1344,0%@729,2%@729] GR3D_FREQ 0% cpu@43.406C soc2@41.937C soc0@43.031C gpu@43.625C tj@43.687C soc1@43.687C VDD_IN 5128mW/5175mW VDD_CPU_GPU_CV 960mW/1020mW VDD_SOC 1442mW/1429mW
05-17-2026 21:39:54 RAM 1880/7620MB (lfb 109x4MB) SWAP 0/3810MB (cached 0MB) CPU [49%@1344,0%@1344,37%@1344,1%@1344,0%@729,1%@729] GR3D_FREQ 0% cpu@43.281C soc2@42C soc0@43.031C gpu@43.625C tj@43.625C soc1@43.593C VDD_IN 5056mW/5158mW VDD_CPU_GPU_CV 961mW/1012mW VDD_SOC 1404mW/1425mW
05-17-2026 21:39:55 RAM 2246/7620MB (lfb 109x4MB) SWAP 0/3810MB (cached 0MB) CPU [11%@729,17%@729,45%@729,31%@729,67%@1344,6%@1344] GR3D_FREQ 0% cpu@43.312C soc2@42.031C soc0@43.125C gpu@43.843C tj@43.843C soc1@43.5C VDD_IN 5528mW/5204mW VDD_CPU_GPU_CV 1240mW/1040mW VDD_SOC 1482mW/1432mW
05-17-2026 21:39:56 RAM 2286/7620MB (lfb 109x4MB) SWAP 0/3810MB (cached 0MB) CPU [72%@1344,22%@1344,35%@1344,21%@1344,9%@729,7%@729] GR3D_FREQ 99% cpu@43.75C soc2@42.25C soc0@43.187C gpu@43.937C tj@43.937C soc1@43.718C VDD_IN 6200mW/5315mW VDD_CPU_GPU_CV 1637mW/1106mW VDD_SOC 1600mW/1451mW
05-17-2026 21:39:57 RAM 2302/7620MB (lfb 109x4MB) SWAP 0/3810MB (cached 0MB) CPU [87%@729,19%@729,14%@729,16%@729,1%@1344,0%@1344] GR3D_FREQ 99% cpu@43.781C soc2@42.218C soc0@43.406C gpu@44.031C tj@44.031C soc1@43.812C VDD_IN 6200mW/5403mW VDD_CPU_GPU_CV 1637mW/1160mW VDD_SOC 1600mW/1466mW
05-17-2026 21:39:58 RAM 2323/7620MB (lfb 109x4MB) SWAP 0/3810MB (cached 0MB) CPU [4%@1344,20%@1344,31%@1344,16%@1344,70%@729,0%@729] GR3D_FREQ 23% cpu@43.718C soc2@42.156C soc0@43.218C gpu@43.843C tj@43.906C soc1@43.687C VDD_IN 5929mW/5451mW VDD_CPU_GPU_CV 1397mW/1181mW VDD_SOC 1560mW/1474mW
05-17-2026 21:39:59 RAM 2583/7620MB (lfb 57x4MB) SWAP 0/3810MB (cached 0MB) CPU [20%@729,35%@729,34%@729,28%@729,35%@1344,44%@1344] GR3D_FREQ 99% cpu@43.562C soc2@42.218C soc0@43.312C gpu@43.843C tj@43.843C soc1@43.718C VDD_IN 6480mW/5537mW VDD_CPU_GPU_CV 1797mW/1232mW VDD_SOC 1640mW/1488mW
05-17-2026 21:40:00 RAM 2797/7620MB (lfb 24x4MB) SWAP 0/3810MB (cached 0MB) CPU [15%@729,19%@729,16%@729,17%@729,6%@729,45%@729] GR3D_FREQ 89% cpu@43.687C soc2@42.25C soc0@43.375C gpu@43.906C tj@43.906C soc1@43.75C VDD_IN 5858mW/5561mW VDD_CPU_GPU_CV 1362mW/1242mW VDD_SOC 1564mW/1494mW
05-17-2026 21:40:01 RAM 2801/7620MB (lfb 25x4MB) SWAP 0/3810MB (cached 0MB) CPU [3%@729,5%@729,10%@729,27%@729,20%@729,6%@729] GR3D_FREQ 0% cpu@43.437C soc2@42.218C soc0@43.218C gpu@44.125C tj@44.125C soc1@43.906C VDD_IN 5555mW/5561mW VDD_CPU_GPU_CV 1163mW/1237mW VDD_SOC 1567mW/1499mW
05-17-2026 21:40:02 RAM 2804/7620MB (lfb 25x4MB) SWAP 0/3810MB (cached 0MB) CPU [11%@729,11%@729,8%@729,26%@729,21%@729,0%@729] GR3D_FREQ 0% cpu@43.375C soc2@42.25C soc0@43.343C gpu@44.093C tj@44.093C soc1@43.906C VDD_IN 5626mW/5565mW VDD_CPU_GPU_CV 1203mW/1234mW VDD_SOC 1567mW/1504mW
05-17-2026 21:40:03 RAM 2827/7620MB (lfb 26x4MB) SWAP 0/3810MB (cached 0MB) CPU [12%@729,12%@729,17%@729,18%@729,18%@960,48%@960] GR3D_FREQ 62% cpu@43.5C soc2@42.25C soc0@43.281C gpu@44.187C tj@43.937C soc1@43.781C VDD_IN 6049mW/5596mW VDD_CPU_GPU_CV 1440mW/1247mW VDD_SOC 1602mW/1510mW
05-17-2026 21:40:04 RAM 2996/7620MB (lfb 14x4MB) SWAP 0/3810MB (cached 0MB) CPU [16%@729,21%@729,18%@729,67%@729,18%@1344,19%@1344] GR3D_FREQ 15% cpu@43.781C soc2@42.25C soc0@43.562C gpu@43.968C tj@43.968C soc1@43.781C VDD_IN 6440mW/5645mW VDD_CPU_GPU_CV 1757mW/1277mW VDD_SOC 1640mW/1518mW
05-17-2026 21:40:05 RAM 2962/7620MB (lfb 21x4MB) SWAP 0/3810MB (cached 0MB) CPU [21%@729,31%@729,50%@729,38%@729,37%@1344,24%@1344] GR3D_FREQ 0% cpu@43.781C soc2@42.343C soc0@43.281C gpu@44C tj@44C soc1@43.875C VDD_IN 5889mW/5659mW VDD_CPU_GPU_CV 1397mW/1284mW VDD_SOC 1560mW/1520mW
05-17-2026 21:40:06 RAM 3364/7620MB (lfb 6x4MB) SWAP 0/3810MB (cached 0MB) CPU [16%@729,2%@729,7%@729,18%@729,56%@806,33%@806] GR3D_FREQ 67% cpu@43.593C soc2@42.343C soc0@43.406C gpu@44.125C tj@44.125C soc1@43.718C VDD_IN 6360mW/5696mW VDD_CPU_GPU_CV 1637mW/1303mW VDD_SOC 1640mW/1526mW
05-17-2026 21:40:07 RAM 3364/7620MB (lfb 6x4MB) SWAP 0/3810MB (cached 0MB) CPU [27%@729,7%@729,4%@729,17%@729,8%@729,31%@729] GR3D_FREQ 60% cpu@43.656C soc2@42.375C soc0@43.437C gpu@44.281C tj@44.281C soc1@43.843C VDD_IN 5747mW/5698mW VDD_CPU_GPU_CV 1243mW/1300mW VDD_SOC 1605mW/1530mW
05-17-2026 21:40:08 RAM 3364/7620MB (lfb 6x4MB) SWAP 0/3810MB (cached 0MB) CPU [0%@729,19%@729,7%@729,11%@729,4%@729,43%@729] GR3D_FREQ 72% cpu@43.625C soc2@42.218C soc0@43.5C gpu@44.343C tj@44.343C soc1@43.875C VDD_IN 5747mW/5701mW VDD_CPU_GPU_CV 1203mW/1295mW VDD_SOC 1607mW/1534mW
05-17-2026 21:40:09 RAM 3364/7620MB (lfb 6x4MB) SWAP 0/3810MB (cached 0MB) CPU [19%@729,7%@729,9%@729,11%@729,6%@729,23%@729] GR3D_FREQ 0% cpu@43.656C soc2@42.218C soc0@43.593C gpu@44.031C tj@44.031C soc1@43.906C VDD_IN 5515mW/5692mW VDD_CPU_GPU_CV 1123mW/1287mW VDD_SOC 1567mW/1535mW
05-17-2026 21:40:10 RAM 3364/7620MB (lfb 6x4MB) SWAP 0/3810MB (cached 0MB) CPU [25%@729,5%@729,10%@729,13%@729,3%@729,23%@729] GR3D_FREQ 0% cpu@43.406C soc2@42.343C soc0@43.5C gpu@44.031C tj@44.031C soc1@44C VDD_IN 5555mW/5686mW VDD_CPU_GPU_CV 1123mW/1280mW VDD_SOC 1567mW/1537mW
05-17-2026 21:40:11 RAM 3365/7620MB (lfb 6x4MB) SWAP 0/3810MB (cached 0MB) CPU [25%@729,9%@729,9%@729,13%@729,19%@729,3%@729] GR3D_FREQ 0% cpu@43.687C soc2@42.406C soc0@43.468C gpu@44.125C tj@44.125C soc1@43.843C VDD_IN 5555mW/5681mW VDD_CPU_GPU_CV 1163mW/1275mW VDD_SOC 1567mW/1538mW
05-17-2026 21:40:12 RAM 3363/7620MB (lfb 6x4MB) SWAP 0/3810MB (cached 0MB) CPU [5%@729,13%@729,11%@729,27%@729,11%@729,8%@729] GR3D_FREQ 0% cpu@43.843C soc2@42.312C soc0@43.5C gpu@44.375C tj@44.375C soc1@43.906C VDD_IN 5555mW/5676mW VDD_CPU_GPU_CV 1163mW/1271mW VDD_SOC 1567mW/1539mW
05-17-2026 21:40:13 RAM 3363/7620MB (lfb 6x4MB) SWAP 0/3810MB (cached 0MB) CPU [16%@729,16%@729,11%@729,11%@729,5%@729,17%@729] GR3D_FREQ 4% cpu@43.593C soc2@42.406C soc0@43.625C gpu@44.406C tj@44.406C soc1@43.937C VDD_IN 5586mW/5672mW VDD_CPU_GPU_CV 1203mW/1268mW VDD_SOC 1567mW/1540mW
05-17-2026 21:40:14 RAM 3363/7620MB (lfb 6x4MB) SWAP 0/3810MB (cached 0MB) CPU [21%@729,12%@729,17%@729,5%@729,18%@729,2%@729] GR3D_FREQ 0% cpu@43.468C soc2@42.25C soc0@43.406C gpu@44.468C tj@44.468C soc1@44.031C VDD_IN 5546mW/5668mW VDD_CPU_GPU_CV 1163mW/1264mW VDD_SOC 1567mW/1541mW
05-17-2026 21:40:15 RAM 3363/7620MB (lfb 6x4MB) SWAP 0/3810MB (cached 0MB) CPU [27%@729,6%@729,14%@729,10%@729,15%@729,5%@729] GR3D_FREQ 1% cpu@43.593C soc2@42.437C soc0@43.593C gpu@44C tj@44C soc1@43.812C VDD_IN 5667mW/5668mW VDD_CPU_GPU_CV 1203mW/1262mW VDD_SOC 1567mW/1542mW
05-17-2026 21:40:16 RAM 3363/7620MB (lfb 6x4MB) SWAP 0/3810MB (cached 0MB) CPU [1%@729,14%@729,26%@729,12%@729,16%@729,8%@729] GR3D_FREQ 0% cpu@43.593C soc2@42.437C soc0@43.531C gpu@44.312C tj@44.312C soc1@43.906C VDD_IN 5707mW/5669mW VDD_CPU_GPU_CV 1243mW/1261mW VDD_SOC 1567mW/1543mW
05-17-2026 21:40:17 RAM 3363/7620MB (lfb 6x4MB) SWAP 0/3810MB (cached 0MB) CPU [6%@806,13%@806,28%@806,7%@806,0%@729,23%@729] GR3D_FREQ 99% cpu@43.906C soc2@42.437C soc0@43.718C gpu@44.156C tj@44.156C soc1@44C VDD_IN 5586mW/5666mW VDD_CPU_GPU_CV 1163mW/1258mW VDD_SOC 1567mW/1544mW
05-17-2026 21:40:18 RAM 3363/7620MB (lfb 6x4MB) SWAP 0/3810MB (cached 0MB) CPU [5%@729,12%@729,26%@729,2%@729,18%@729,2%@729] GR3D_FREQ 0% cpu@43.5C soc2@42.437C soc0@43.5C gpu@44.218C tj@44.218C soc1@44.187C VDD_IN 5474mW/5660mW VDD_CPU_GPU_CV 1125mW/1254mW VDD_SOC 1529mW/1543mW
05-17-2026 21:40:19 RAM 3363/7620MB (lfb 6x4MB) SWAP 0/3810MB (cached 0MB) CPU [3%@729,14%@729,26%@729,11%@729,13%@729,11%@729] GR3D_FREQ 94% cpu@43.656C soc2@42.5C soc0@43.687C gpu@44.125C tj@44.125C soc1@43.937C VDD_IN 5595mW/5658mW VDD_CPU_GPU_CV 1163mW/1251mW VDD_SOC 1567mW/1544mW
05-17-2026 21:40:20 RAM 3363/7620MB (lfb 6x4MB) SWAP 0/3810MB (cached 0MB) CPU [7%@729,10%@729,21%@729,12%@729,0%@729,20%@729] GR3D_FREQ 0% cpu@43.718C soc2@42.406C soc0@43.75C gpu@44C tj@44C soc1@43.937C VDD_IN 5515mW/5654mW VDD_CPU_GPU_CV 1123mW/1247mW VDD_SOC 1567mW/1545mW
05-17-2026 21:40:21 RAM 3363/7620MB (lfb 6x4MB) SWAP 0/3810MB (cached 0MB) CPU [23%@729,6%@729,13%@729,10%@729,0%@729,21%@729] GR3D_FREQ 27% cpu@43.937C soc2@42.468C soc0@43.562C gpu@44.125C tj@44.125C soc1@44.062C VDD_IN 5555mW/5651mW VDD_CPU_GPU_CV 1123mW/1243mW VDD_SOC 1567mW/1545mW
05-17-2026 21:40:22 RAM 3363/7620MB (lfb 6x4MB) SWAP 0/3810MB (cached 0MB) CPU [25%@729,5%@729,15%@729,9%@729,18%@729,3%@729] GR3D_FREQ 0% cpu@43.656C soc2@42.5C soc0@43.625C gpu@44.312C tj@44.312C soc1@43.937C VDD_IN 5555mW/5648mW VDD_CPU_GPU_CV 1163mW/1241mW VDD_SOC 1567mW/1546mW
05-17-2026 21:40:23 RAM 3363/7620MB (lfb 6x4MB) SWAP 0/3810MB (cached 0MB) CPU [13%@729,10%@729,12%@729,17%@729,20%@729,2%@729] GR3D_FREQ 30% cpu@43.687C soc2@42.562C soc0@43.625C gpu@44.281C tj@44.281C soc1@44C VDD_IN 5586mW/5646mW VDD_CPU_GPU_CV 1163mW/1239mW VDD_SOC 1567mW/1547mW
05-17-2026 21:40:24 RAM 3363/7620MB (lfb 6x4MB) SWAP 0/3810MB (cached 0MB) CPU [14%@729,11%@729,8%@729,22%@729,19%@729,0%@729] GR3D_FREQ 0% cpu@43.687C soc2@42.562C soc0@43.687C gpu@44.312C tj@44.312C soc1@44C VDD_IN 5546mW/5644mW VDD_CPU_GPU_CV 1123mW/1236mW VDD_SOC 1567mW/1547mW
05-17-2026 21:40:25 RAM 3300/7620MB (lfb 16x4MB) SWAP 0/3810MB (cached 0MB) CPU [3%@1344,3%@1344,1%@1344,87%@1344,4%@729,0%@729] GR3D_FREQ 0% cpu@44.031C soc2@42.5C soc0@43.718C gpu@44.156C tj@44.156C soc1@44.093C VDD_IN 5256mW/5633mW VDD_CPU_GPU_CV 880mW/1226mW VDD_SOC 1482mW/1545mW
