05-18-2026 01:36:26 RAM 1814/7620MB (lfb 70x4MB) SWAP 0/3810MB (cached 0MB) CPU [14%@1036,14%@1036,79%@1036,14%@1036,35%@1344,43%@1344] GR3D_FREQ 0% cpu@42.093C soc2@40.562C soc0@41.687C gpu@42.25C tj@42.343C soc1@42.343C VDD_IN 5328mW/5328mW VDD_CPU_GPU_CV 1200mW/1200mW VDD_SOC 1402mW/1402mW
05-18-2026 01:36:27 RAM 1846/7620MB (lfb 70x4MB) SWAP 0/3810MB (cached 0MB) CPU [95%@1344,1%@1344,0%@1344,0%@1344,4%@729,1%@729] GR3D_FREQ 0% cpu@41.906C soc2@40.593C soc0@41.687C gpu@42.312C tj@42.312C soc1@42.187C VDD_IN 5128mW/5228mW VDD_CPU_GPU_CV 1000mW/1100mW VDD_SOC 1402mW/1402mW
05-18-2026 01:36:28 RAM 1865/7620MB (lfb 70x4MB) SWAP 0/3810MB (cached 0MB) CPU [100%@1344,0%@1344,0%@1344,0%@1344,0%@729,1%@729] GR3D_FREQ 0% cpu@41.968C soc2@40.562C soc0@41.718C gpu@42.312C tj@42.312C soc1@42.093C VDD_IN 5096mW/5184mW VDD_CPU_GPU_CV 1001mW/1067mW VDD_SOC 1402mW/1402mW
05-18-2026 01:36:29 RAM 1879/7620MB (lfb 70x4MB) SWAP 0/3810MB (cached 0MB) CPU [100%@1344,0%@1344,0%@1344,0%@1344,0%@729,1%@729] GR3D_FREQ 0% cpu@42.187C soc2@40.625C soc0@41.75C gpu@42.593C tj@42.593C soc1@42.281C VDD_IN 5128mW/5170mW VDD_CPU_GPU_CV 1000mW/1050mW VDD_SOC 1402mW/1402mW
05-18-2026 01:36:30 RAM 1912/7620MB (lfb 70x4MB) SWAP 0/3810MB (cached 0MB) CPU [100%@1344,1%@1344,0%@1344,0%@1344,0%@729,2%@729] GR3D_FREQ 0% cpu@41.937C soc2@40.687C soc0@41.875C gpu@42.593C tj@42.593C soc1@42.343C VDD_IN 5128mW/5162mW VDD_CPU_GPU_CV 960mW/1032mW VDD_SOC 1442mW/1410mW
05-18-2026 01:36:31 RAM 1931/7620MB (lfb 70x4MB) SWAP 0/3810MB (cached 0MB) CPU [100%@1344,0%@1344,0%@1344,0%@1344,0%@729,1%@729] GR3D_FREQ 0% cpu@42.031C soc2@40.625C soc0@41.687C gpu@42.593C tj@42.593C soc1@42.437C VDD_IN 5136mW/5157mW VDD_CPU_GPU_CV 960mW/1020mW VDD_SOC 1442mW/1415mW
05-18-2026 01:36:32 RAM 2000/7620MB (lfb 70x4MB) SWAP 0/3810MB (cached 0MB) CPU [50%@1344,0%@1344,37%@1344,0%@1344,0%@729,0%@729] GR3D_FREQ 9% cpu@42.031C soc2@40.625C soc0@41.781C gpu@42.687C tj@42.687C soc1@42.218C VDD_IN 5056mW/5143mW VDD_CPU_GPU_CV 961mW/1012mW VDD_SOC 1404mW/1414mW
05-18-2026 01:36:33 RAM 2351/7620MB (lfb 70x4MB) SWAP 0/3810MB (cached 0MB) CPU [28%@1344,37%@1344,53%@1344,64%@1344,30%@729,27%@729] GR3D_FREQ 13% cpu@42.343C soc2@40.75C soc0@41.875C gpu@42.406C tj@42.437C soc1@42.187C VDD_IN 6209mW/5276mW VDD_CPU_GPU_CV 1757mW/1105mW VDD_SOC 1520mW/1427mW
05-18-2026 01:36:34 RAM 2422/7620MB (lfb 70x4MB) SWAP 0/3810MB (cached 0MB) CPU [45%@729,40%@729,32%@729,53%@729,55%@1344,49%@1344] GR3D_FREQ 86% cpu@42.531C soc2@41.25C soc0@42.156C gpu@42.968C tj@42.968C soc1@42.437C VDD_IN 7747mW/5551mW VDD_CPU_GPU_CV 2591mW/1270mW VDD_SOC 1837mW/1473mW
05-18-2026 01:36:35 RAM 2440/7620MB (lfb 70x4MB) SWAP 0/3810MB (cached 0MB) CPU [32%@729,39%@729,32%@729,36%@729,27%@883,74%@883] GR3D_FREQ 0% cpu@42.312C soc2@41.062C soc0@42.125C gpu@42.687C tj@42.687C soc1@42.406C VDD_IN 7360mW/5732mW VDD_CPU_GPU_CV 2352mW/1378mW VDD_SOC 1757mW/1501mW
05-18-2026 01:36:36 RAM 2450/7620MB (lfb 70x4MB) SWAP 0/3810MB (cached 0MB) CPU [38%@729,41%@729,47%@729,44%@729,55%@1344,44%@1344] GR3D_FREQ 99% cpu@42.718C soc2@41.25C soc0@42.312C gpu@43C tj@43C soc1@42.468C VDD_IN 8027mW/5940mW VDD_CPU_GPU_CV 2826mW/1510mW VDD_SOC 1876mW/1535mW
05-18-2026 01:36:37 RAM 2467/7620MB (lfb 70x4MB) SWAP 0/3810MB (cached 0MB) CPU [38%@1344,33%@1344,26%@1344,43%@1344,41%@729,43%@729] GR3D_FREQ 99% cpu@42.687C soc2@41.343C soc0@42.218C gpu@42.968C tj@42.968C soc1@42.687C VDD_IN 7587mW/6078mW VDD_CPU_GPU_CV 2511mW/1593mW VDD_SOC 1797mW/1557mW
05-18-2026 01:36:38 RAM 2633/7620MB (lfb 70x4MB) SWAP 0/3810MB (cached 0MB) CPU [70%@1344,59%@1344,51%@1344,46%@1344,51%@729,51%@729] GR3D_FREQ 27% cpu@42.812C soc2@41.531C soc0@42.375C gpu@43.062C tj@43.062C soc1@42.562C VDD_IN 8506mW/6264mW VDD_CPU_GPU_CV 3144mW/1713mW VDD_SOC 1913mW/1584mW
05-18-2026 01:36:39 RAM 2932/7620MB (lfb 45x4MB) SWAP 0/3810MB (cached 0MB) CPU [59%@806,47%@806,41%@806,50%@806,48%@729,41%@729] GR3D_FREQ 69% cpu@42.968C soc2@41.75C soc0@42.531C gpu@43.156C tj@43.156C soc1@42.687C VDD_IN 9050mW/6463mW VDD_CPU_GPU_CV 3576mW/1846mW VDD_SOC 1953mW/1611mW
05-18-2026 01:36:40 RAM 2936/7620MB (lfb 45x4MB) SWAP 0/3810MB (cached 0MB) CPU [38%@729,45%@729,37%@729,38%@729,32%@729,38%@729] GR3D_FREQ 90% cpu@42.812C soc2@41.437C soc0@42.562C gpu@43.218C tj@43.218C soc1@42.718C VDD_IN 8027mW/6568mW VDD_CPU_GPU_CV 2786mW/1908mW VDD_SOC 1876mW/1628mW
05-18-2026 01:36:41 RAM 2936/7620MB (lfb 45x4MB) SWAP 0/3810MB (cached 0MB) CPU [34%@729,38%@729,40%@729,43%@729,38%@729,48%@729] GR3D_FREQ 26% cpu@42.75C soc2@41.562C soc0@42.562C gpu@43.375C tj@43.375C soc1@42.937C VDD_IN 8067mW/6661mW VDD_CPU_GPU_CV 2826mW/1966mW VDD_SOC 1876mW/1644mW
05-18-2026 01:36:42 RAM 2936/7620MB (lfb 45x4MB) SWAP 0/3810MB (cached 0MB) CPU [41%@729,39%@729,43%@729,42%@729,37%@729,40%@729] GR3D_FREQ 43% cpu@42.968C soc2@41.656C soc0@42.625C gpu@43.468C tj@43.468C soc1@42.875C VDD_IN 8107mW/6746mW VDD_CPU_GPU_CV 2866mW/2019mW VDD_SOC 1876mW/1657mW
05-18-2026 01:36:43 RAM 2937/7620MB (lfb 45x4MB) SWAP 0/3810MB (cached 0MB) CPU [37%@729,37%@729,37%@729,31%@729,42%@729,46%@729] GR3D_FREQ 11% cpu@42.906C soc2@41.625C soc0@42.718C gpu@43.312C tj@43.312C soc1@42.937C VDD_IN 7787mW/6804mW VDD_CPU_GPU_CV 2631mW/2053mW VDD_SOC 1837mW/1667mW
05-18-2026 01:36:44 RAM 2937/7620MB (lfb 45x4MB) SWAP 0/3810MB (cached 0MB) CPU [38%@806,37%@806,38%@806,36%@806,41%@729,43%@729] GR3D_FREQ 98% cpu@43.187C soc2@41.843C soc0@42.843C gpu@43.468C tj@43.468C soc1@43.031C VDD_IN 8186mW/6877mW VDD_CPU_GPU_CV 2905mW/2098mW VDD_SOC 1916mW/1681mW
05-18-2026 01:36:45 RAM 2937/7620MB (lfb 45x4MB) SWAP 0/3810MB (cached 0MB) CPU [44%@729,39%@883,38%@883,38%@883,38%@729,38%@729] GR3D_FREQ 48% cpu@43C soc2@41.75C soc0@42.781C gpu@43.531C tj@43.531C soc1@42.906C VDD_IN 7907mW/6928mW VDD_CPU_GPU_CV 2631mW/2124mW VDD_SOC 1876mW/1690mW
05-18-2026 01:36:46 RAM 2937/7620MB (lfb 45x4MB) SWAP 0/3810MB (cached 0MB) CPU [42%@729,42%@729,45%@729,40%@729,39%@729,41%@729] GR3D_FREQ 28% cpu@43.25C soc2@41.875C soc0@42.843C gpu@43.562C tj@43.562C soc1@43.093C VDD_IN 8027mW/6981mW VDD_CPU_GPU_CV 2746mW/2154mW VDD_SOC 1916mW/1701mW
05-18-2026 01:36:47 RAM 2937/7620MB (lfb 45x4MB) SWAP 0/3810MB (cached 0MB) CPU [41%@806,41%@806,38%@806,44%@806,36%@729,35%@729] GR3D_FREQ 64% cpu@43.406C soc2@41.968C soc0@42.968C gpu@43.625C tj@43.625C soc1@43.187C VDD_IN 8067mW/7030mW VDD_CPU_GPU_CV 2746mW/2181mW VDD_SOC 1876mW/1709mW
05-18-2026 01:36:48 RAM 2937/7620MB (lfb 45x4MB) SWAP 0/3810MB (cached 0MB) CPU [41%@883,39%@883,39%@883,42%@883,36%@729,43%@729] GR3D_FREQ 60% cpu@43.218C soc2@42C soc0@42.875C gpu@43.687C tj@43.687C soc1@43.343C VDD_IN 8146mW/7079mW VDD_CPU_GPU_CV 2826mW/2209mW VDD_SOC 1916mW/1718mW
05-18-2026 01:36:49 RAM 2937/7620MB (lfb 45x4MB) SWAP 0/3810MB (cached 0MB) CPU [46%@729,44%@729,43%@729,39%@729,41%@729,35%@729] GR3D_FREQ 87% cpu@43.437C soc2@42.031C soc0@43.125C gpu@43.968C tj@43.968C soc1@43.156C VDD_IN 8346mW/7131mW VDD_CPU_GPU_CV 2985mW/2241mW VDD_SOC 1916mW/1726mW
05-18-2026 01:36:50 RAM 2937/7620MB (lfb 45x4MB) SWAP 0/3810MB (cached 0MB) CPU [38%@729,39%@729,39%@729,37%@729,38%@729,38%@729] GR3D_FREQ 69% cpu@43.281C soc2@42.062C soc0@43.062C gpu@43.906C tj@43.906C soc1@43.406C VDD_IN 7947mW/7164mW VDD_CPU_GPU_CV 2706mW/2260mW VDD_SOC 1876mW/1732mW
05-18-2026 01:36:51 RAM 2937/7620MB (lfb 45x4MB) SWAP 0/3810MB (cached 0MB) CPU [45%@806,34%@806,38%@806,38%@806,45%@806,38%@806] GR3D_FREQ 78% cpu@43.531C soc2@42.187C soc0@43.25C gpu@43.937C tj@43.937C soc1@43.406C VDD_IN 8146mW/7202mW VDD_CPU_GPU_CV 2866mW/2283mW VDD_SOC 1916mW/1739mW
05-18-2026 01:36:52 RAM 2937/7620MB (lfb 45x4MB) SWAP 0/3810MB (cached 0MB) CPU [41%@729,40%@729,40%@729,41%@729,35%@729,32%@729] GR3D_FREQ 30% cpu@43.687C soc2@42.156C soc0@43.218C gpu@43.968C tj@43.968C soc1@43.656C VDD_IN 8226mW/7240mW VDD_CPU_GPU_CV 2905mW/2306mW VDD_SOC 1916mW/1746mW
05-18-2026 01:36:53 RAM 2937/7620MB (lfb 45x4MB) SWAP 0/3810MB (cached 0MB) CPU [43%@729,37%@729,37%@729,40%@729,39%@729,36%@729] GR3D_FREQ 13% cpu@43.406C soc2@42.281C soc0@43.218C gpu@43.968C tj@43.968C soc1@43.406C VDD_IN 8186mW/7274mW VDD_CPU_GPU_CV 2905mW/2327mW VDD_SOC 1876mW/1751mW
05-18-2026 01:36:54 RAM 2938/7620MB (lfb 45x4MB) SWAP 0/3810MB (cached 0MB) CPU [37%@729,39%@729,38%@729,39%@729,47%@729,43%@729] GR3D_FREQ 91% cpu@43.656C soc2@42.437C soc0@43.468C gpu@44.281C tj@44.281C soc1@43.531C VDD_IN 8186mW/7305mW VDD_CPU_GPU_CV 2866mW/2346mW VDD_SOC 1916mW/1756mW
05-18-2026 01:36:55 RAM 2938/7620MB (lfb 45x4MB) SWAP 0/3810MB (cached 0MB) CPU [35%@729,42%@729,36%@729,39%@729,45%@729,40%@729] GR3D_FREQ 35% cpu@43.781C soc2@42.281C soc0@43.5C gpu@44.312C tj@44.312C soc1@43.593C VDD_IN 8266mW/7337mW VDD_CPU_GPU_CV 2905mW/2365mW VDD_SOC 1916mW/1762mW
05-18-2026 01:36:56 RAM 2938/7620MB (lfb 45x4MB) SWAP 0/3810MB (cached 0MB) CPU [40%@729,43%@729,42%@729,40%@729,39%@729,44%@729] GR3D_FREQ 78% cpu@43.687C soc2@42.468C soc0@43.437C gpu@44.281C tj@44.281C soc1@43.875C VDD_IN 8107mW/7362mW VDD_CPU_GPU_CV 2826mW/2380mW VDD_SOC 1916mW/1767mW
05-18-2026 01:36:57 RAM 2938/7620MB (lfb 45x4MB) SWAP 0/3810MB (cached 0MB) CPU [39%@729,45%@729,37%@729,41%@729,45%@729,40%@729] GR3D_FREQ 79% cpu@43.687C soc2@42.531C soc0@43.468C gpu@44.218C tj@44.218C soc1@43.625C VDD_IN 8067mW/7384mW VDD_CPU_GPU_CV 2786mW/2392mW VDD_SOC 1916mW/1771mW
05-18-2026 01:36:58 RAM 2938/7620MB (lfb 45x4MB) SWAP 0/3810MB (cached 0MB) CPU [44%@729,44%@729,43%@729,42%@729,38%@729,36%@729] GR3D_FREQ 22% cpu@44.031C soc2@42.531C soc0@43.656C gpu@44.312C tj@44.312C soc1@43.687C VDD_IN 8186mW/7408mW VDD_CPU_GPU_CV 2905mW/2408mW VDD_SOC 1916mW/1776mW
05-18-2026 01:36:59 RAM 2938/7620MB (lfb 45x4MB) SWAP 0/3810MB (cached 0MB) CPU [41%@729,40%@729,37%@729,39%@729,36%@729,42%@729] GR3D_FREQ 62% cpu@43.875C soc2@42.593C soc0@43.531C gpu@44.437C tj@44.437C soc1@43.781C VDD_IN 7987mW/7425mW VDD_CPU_GPU_CV 2746mW/2418mW VDD_SOC 1876mW/1779mW
05-18-2026 01:37:00 RAM 2938/7620MB (lfb 45x4MB) SWAP 0/3810MB (cached 0MB) CPU [41%@729,41%@729,39%@729,39%@729,45%@729,46%@729] GR3D_FREQ 21% cpu@43.875C soc2@42.593C soc0@43.593C gpu@44.625C tj@44.625C soc1@43.75C VDD_IN 8146mW/7446mW VDD_CPU_GPU_CV 2866mW/2431mW VDD_SOC 1916mW/1782mW
05-18-2026 01:37:01 RAM 2939/7620MB (lfb 44x4MB) SWAP 0/3810MB (cached 0MB) CPU [30%@1113,32%@1113,25%@1113,54%@1113,33%@729,28%@729] GR3D_FREQ 98% cpu@44C soc2@42.843C soc0@43.625C gpu@44.625C tj@44.625C soc1@43.843C VDD_IN 7468mW/7446mW VDD_CPU_GPU_CV 2392mW/2429mW VDD_SOC 1797mW/1783mW
05-18-2026 01:37:02 RAM 2939/7620MB (lfb 44x4MB) SWAP 0/3810MB (cached 0MB) CPU [38%@729,35%@729,34%@729,31%@729,45%@729,30%@729] GR3D_FREQ 53% cpu@44.187C soc2@42.562C soc0@43.687C gpu@44.406C tj@44.406C soc1@43.906C VDD_IN 7947mW/7460mW VDD_CPU_GPU_CV 2711mW/2437mW VDD_SOC 1876mW/1785mW
05-18-2026 01:37:03 RAM 2939/7620MB (lfb 44x4MB) SWAP 0/3810MB (cached 0MB) CPU [46%@729,35%@729,42%@729,42%@729,41%@1113,43%@1113] GR3D_FREQ 86% cpu@44C soc2@42.718C soc0@43.718C gpu@44.437C tj@44.437C soc1@44.093C VDD_IN 8146mW/7478mW VDD_CPU_GPU_CV 2826mW/2447mW VDD_SOC 1916mW/1789mW
05-18-2026 01:37:04 RAM 2940/7620MB (lfb 44x4MB) SWAP 0/3810MB (cached 0MB) CPU [44%@729,41%@729,40%@729,39%@729,33%@729,49%@729] GR3D_FREQ 39% cpu@44.125C soc2@42.843C soc0@43.75C gpu@44.843C tj@44.843C soc1@43.937C VDD_IN 7947mW/7490mW VDD_CPU_GPU_CV 2706mW/2454mW VDD_SOC 1876mW/1791mW
05-18-2026 01:37:05 RAM 2940/7620MB (lfb 44x4MB) SWAP 0/3810MB (cached 0MB) CPU [41%@729,43%@729,34%@729,39%@729,46%@729,44%@729] GR3D_FREQ 62% cpu@44.343C soc2@42.843C soc0@43.906C gpu@44.906C tj@44.906C soc1@44C VDD_IN 8266mW/7509mW VDD_CPU_GPU_CV 2905mW/2465mW VDD_SOC 1916mW/1794mW
05-18-2026 01:37:06 RAM 2940/7620MB (lfb 44x4MB) SWAP 0/3810MB (cached 0MB) CPU [39%@729,38%@729,43%@729,36%@729,37%@729,43%@729] GR3D_FREQ 81% cpu@44.156C soc2@42.843C soc0@43.812C gpu@44.625C tj@44.625C soc1@44.125C VDD_IN 8067mW/7523mW VDD_CPU_GPU_CV 2706mW/2471mW VDD_SOC 1916mW/1797mW
05-18-2026 01:37:07 RAM 2940/7620MB (lfb 44x4MB) SWAP 0/3810MB (cached 0MB) CPU [41%@729,36%@729,34%@729,34%@729,48%@729,45%@729] GR3D_FREQ 37% cpu@44.218C soc2@42.937C soc0@43.937C gpu@44.656C tj@44.656C soc1@44.062C VDD_IN 8067mW/7536mW VDD_CPU_GPU_CV 2786mW/2479mW VDD_SOC 1876mW/1799mW
05-18-2026 01:37:08 RAM 2940/7620MB (lfb 44x4MB) SWAP 0/3810MB (cached 0MB) CPU [43%@729,41%@729,35%@729,47%@729,43%@729,37%@729] GR3D_FREQ 97% cpu@44.531C soc2@43.281C soc0@44.062C gpu@45.218C tj@45.218C soc1@44.156C VDD_IN 8346mW/7555mW VDD_CPU_GPU_CV 2985mW/2490mW VDD_SOC 1953mW/1803mW
05-18-2026 01:37:09 RAM 2940/7620MB (lfb 44x4MB) SWAP 0/3810MB (cached 0MB) CPU [37%@729,37%@729,41%@729,43%@729,35%@729,43%@729] GR3D_FREQ 33% cpu@44.562C soc2@43.093C soc0@44.125C gpu@45.156C tj@45.156C soc1@44.375C VDD_IN 8186mW/7569mW VDD_CPU_GPU_CV 2905mW/2500mW VDD_SOC 1916mW/1805mW
05-18-2026 01:37:10 RAM 2940/7620MB (lfb 44x4MB) SWAP 0/3810MB (cached 0MB) CPU [41%@806,43%@806,39%@806,46%@806,39%@729,41%@729] GR3D_FREQ 35% cpu@44.593C soc2@43.187C soc0@44.062C gpu@44.937C tj@44.937C soc1@44.468C VDD_IN 8266mW/7585mW VDD_CPU_GPU_CV 2945mW/2510mW VDD_SOC 1916mW/1808mW
05-18-2026 01:37:11 RAM 2941/7620MB (lfb 44x4MB) SWAP 0/3810MB (cached 0MB) CPU [42%@729,40%@729,40%@729,42%@729,41%@729,36%@729] GR3D_FREQ 26% cpu@44.437C soc2@43.093C soc0@44.062C gpu@44.906C tj@44.906C soc1@44.312C VDD_IN 8107mW/7596mW VDD_CPU_GPU_CV 2786mW/2516mW VDD_SOC 1916mW/1810mW
05-18-2026 01:37:12 RAM 2941/7620MB (lfb 44x4MB) SWAP 0/3810MB (cached 0MB) CPU [40%@729,40%@729,43%@729,47%@729,40%@729,35%@729] GR3D_FREQ 41% cpu@44.656C soc2@43.218C soc0@44.125C gpu@44.781C tj@44.781C soc1@44.437C VDD_IN 8027mW/7605mW VDD_CPU_GPU_CV 2746mW/2521mW VDD_SOC 1916mW/1812mW
05-18-2026 01:37:13 RAM 2941/7620MB (lfb 44x4MB) SWAP 0/3810MB (cached 0MB) CPU [37%@729,40%@729,39%@729,44%@729,44%@729,42%@729] GR3D_FREQ 92% cpu@44.468C soc2@43.218C soc0@44.375C gpu@44.781C tj@44.781C soc1@44.562C VDD_IN 8027mW/7614mW VDD_CPU_GPU_CV 2746mW/2525mW VDD_SOC 1916mW/1814mW
05-18-2026 01:37:14 RAM 2941/7620MB (lfb 44x4MB) SWAP 0/3810MB (cached 0MB) CPU [43%@883,40%@883,41%@883,42%@883,44%@729,32%@729] GR3D_FREQ 50% cpu@44.531C soc2@43.312C soc0@44.187C gpu@44.906C tj@44.906C soc1@44.687C VDD_IN 8067mW/7623mW VDD_CPU_GPU_CV 2706mW/2529mW VDD_SOC 1916mW/1816mW
05-18-2026 01:37:15 RAM 2941/7620MB (lfb 44x4MB) SWAP 0/3810MB (cached 0MB) CPU [44%@883,43%@883,38%@883,41%@883,39%@729,35%@729] GR3D_FREQ 98% cpu@44.593C soc2@43.375C soc0@44.281C gpu@45.093C tj@45.093C soc1@44.531C VDD_IN 7987mW/7630mW VDD_CPU_GPU_CV 2667mW/2532mW VDD_SOC 1916mW/1818mW
05-18-2026 01:37:16 RAM 2941/7620MB (lfb 44x4MB) SWAP 0/3810MB (cached 0MB) CPU [39%@729,41%@729,37%@729,38%@729,35%@729,35%@729] GR3D_FREQ 73% cpu@44.656C soc2@43.406C soc0@44.437C gpu@45.031C tj@45.031C soc1@44.625C VDD_IN 8146mW/7641mW VDD_CPU_GPU_CV 2826mW/2538mW VDD_SOC 1916mW/1820mW
05-18-2026 01:37:17 RAM 2941/7620MB (lfb 44x4MB) SWAP 0/3810MB (cached 0MB) CPU [42%@729,44%@729,38%@729,45%@729,42%@729,39%@729] GR3D_FREQ 71% cpu@44.75C soc2@43.531C soc0@44.343C gpu@45.156C tj@45.156C soc1@44.781C VDD_IN 8226mW/7652mW VDD_CPU_GPU_CV 2905mW/2545mW VDD_SOC 1916mW/1822mW
05-18-2026 01:37:18 RAM 2941/7620MB (lfb 44x4MB) SWAP 0/3810MB (cached 0MB) CPU [40%@729,37%@729,37%@729,35%@729,39%@729,45%@729] GR3D_FREQ 29% cpu@44.687C soc2@43.5C soc0@44.468C gpu@45.187C tj@45.187C soc1@44.593C VDD_IN 8346mW/7665mW VDD_CPU_GPU_CV 3025mW/2554mW VDD_SOC 1913mW/1824mW
05-18-2026 01:37:19 RAM 2941/7620MB (lfb 44x4MB) SWAP 0/3810MB (cached 0MB) CPU [37%@729,39%@729,39%@729,41%@729,44%@883,33%@883] GR3D_FREQ 82% cpu@44.75C soc2@43.531C soc0@44.468C gpu@45.406C tj@45.406C soc1@44.687C VDD_IN 8067mW/7672mW VDD_CPU_GPU_CV 2826mW/2559mW VDD_SOC 1876mW/1825mW
05-18-2026 01:37:20 RAM 2940/7620MB (lfb 44x4MB) SWAP 0/3810MB (cached 0MB) CPU [40%@729,40%@729,40%@729,42%@729,40%@729,34%@729] GR3D_FREQ 57% cpu@44.843C soc2@43.562C soc0@44.656C gpu@45.218C tj@45.218C soc1@44.812C VDD_IN 8226mW/7682mW VDD_CPU_GPU_CV 2905mW/2565mW VDD_SOC 1916mW/1827mW
05-18-2026 01:37:21 RAM 2940/7620MB (lfb 44x4MB) SWAP 0/3810MB (cached 0MB) CPU [38%@1113,41%@1113,40%@1113,41%@1113,41%@806,39%@806] GR3D_FREQ 95% cpu@44.968C soc2@43.656C soc0@44.593C gpu@45.281C tj@45.281C soc1@44.781C VDD_IN 8107mW/7690mW VDD_CPU_GPU_CV 2786mW/2569mW VDD_SOC 1916mW/1828mW
05-18-2026 01:37:22 RAM 2940/7620MB (lfb 44x4MB) SWAP 0/3810MB (cached 0MB) CPU [43%@729,38%@729,40%@729,36%@729,37%@729,31%@729] GR3D_FREQ 62% cpu@45.031C soc2@43.531C soc0@44.656C gpu@45.5C tj@45.5C soc1@44.812C VDD_IN 8226mW/7699mW VDD_CPU_GPU_CV 2905mW/2575mW VDD_SOC 1913mW/1830mW
05-18-2026 01:37:23 RAM 2941/7620MB (lfb 44x4MB) SWAP 0/3810MB (cached 0MB) CPU [43%@729,36%@729,42%@729,39%@729,43%@729,43%@729] GR3D_FREQ 52% cpu@45C soc2@43.687C soc0@44.75C gpu@45.593C tj@45.593C soc1@44.875C VDD_IN 8107mW/7706mW VDD_CPU_GPU_CV 2786mW/2578mW VDD_SOC 1916mW/1831mW
05-18-2026 01:37:24 RAM 2941/7620MB (lfb 44x4MB) SWAP 0/3810MB (cached 0MB) CPU [37%@883,37%@883,35%@883,36%@883,35%@729,45%@729] GR3D_FREQ 45% cpu@44.968C soc2@43.687C soc0@44.625C gpu@45.343C tj@45.343C soc1@44.875C VDD_IN 8067mW/7713mW VDD_CPU_GPU_CV 2786mW/2582mW VDD_SOC 1876mW/1832mW
05-18-2026 01:37:25 RAM 2941/7620MB (lfb 44x4MB) SWAP 0/3810MB (cached 0MB) CPU [38%@806,39%@806,39%@806,39%@806,39%@729,43%@729] GR3D_FREQ 97% cpu@45.312C soc2@43.906C soc0@44.781C gpu@45.562C tj@45.562C soc1@44.906C VDD_IN 8346mW/7723mW VDD_CPU_GPU_CV 2985mW/2589mW VDD_SOC 1913mW/1833mW
05-18-2026 01:37:26 RAM 2941/7620MB (lfb 44x4MB) SWAP 0/3810MB (cached 0MB) CPU [38%@729,44%@729,39%@729,35%@729,45%@729,40%@729] GR3D_FREQ 29% cpu@45.187C soc2@43.843C soc0@44.843C gpu@45.625C tj@45.625C soc1@45.062C VDD_IN 8027mW/7728mW VDD_CPU_GPU_CV 2746mW/2591mW VDD_SOC 1876mW/1834mW
05-18-2026 01:37:27 RAM 2941/7620MB (lfb 44x4MB) SWAP 0/3810MB (cached 0MB) CPU [43%@729,43%@729,46%@729,42%@729,37%@729,37%@729] GR3D_FREQ 50% cpu@45.281C soc2@43.937C soc0@44.75C gpu@45.843C tj@45.843C soc1@45.125C VDD_IN 8226mW/7736mW VDD_CPU_GPU_CV 2866mW/2596mW VDD_SOC 1913mW/1835mW
05-18-2026 01:37:28 RAM 2941/7620MB (lfb 44x4MB) SWAP 0/3810MB (cached 0MB) CPU [38%@729,40%@729,46%@729,38%@729,37%@729,37%@729] GR3D_FREQ 30% cpu@45.125C soc2@43.875C soc0@44.781C gpu@45.781C tj@45.781C soc1@44.937C VDD_IN 8027mW/7741mW VDD_CPU_GPU_CV 2786mW/2599mW VDD_SOC 1876mW/1836mW
05-18-2026 01:37:29 RAM 2941/7620MB (lfb 44x4MB) SWAP 0/3810MB (cached 0MB) CPU [39%@729,38%@729,36%@729,43%@729,41%@729,42%@729] GR3D_FREQ 58% cpu@45.312C soc2@44.125C soc0@44.937C gpu@45.593C tj@45.593C soc1@45.125C VDD_IN 8067mW/7746mW VDD_CPU_GPU_CV 2786mW/2602mW VDD_SOC 1876mW/1836mW
05-18-2026 01:37:30 RAM 2942/7620MB (lfb 44x4MB) SWAP 0/3810MB (cached 0MB) CPU [39%@806,44%@806,35%@806,38%@806,37%@729,39%@729] GR3D_FREQ 58% cpu@45.218C soc2@43.906C soc0@45.031C gpu@45.781C tj@45.781C soc1@45.281C VDD_IN 7867mW/7748mW VDD_CPU_GPU_CV 2591mW/2601mW VDD_SOC 1876mW/1837mW
05-18-2026 01:37:31 RAM 2942/7620MB (lfb 44x4MB) SWAP 0/3810MB (cached 0MB) CPU [44%@1344,42%@1344,43%@1344,43%@1344,34%@729,34%@729] GR3D_FREQ 23% cpu@45.25C soc2@44.031C soc0@45C gpu@45.906C tj@45.906C soc1@45.187C VDD_IN 8506mW/7759mW VDD_CPU_GPU_CV 3065mW/2609mW VDD_SOC 1953mW/1839mW
05-18-2026 01:37:32 RAM 2942/7620MB (lfb 44x4MB) SWAP 0/3810MB (cached 0MB) CPU [45%@883,41%@883,40%@883,37%@883,42%@729,44%@729] GR3D_FREQ 74% cpu@45.406C soc2@44.125C soc0@45C gpu@45.937C tj@45.687C soc1@45.156C VDD_IN 8067mW/7764mW VDD_CPU_GPU_CV 2786mW/2611mW VDD_SOC 1916mW/1840mW
05-18-2026 01:37:33 RAM 2955/7620MB (lfb 43x4MB) SWAP 0/3810MB (cached 0MB) CPU [35%@729,33%@729,35%@729,29%@729,39%@1344,37%@1344] GR3D_FREQ 0% cpu@45.25C soc2@43.875C soc0@45C gpu@45.531C tj@45.531C soc1@45.218C VDD_IN 6760mW/7749mW VDD_CPU_GPU_CV 1916mW/2601mW VDD_SOC 1720mW/1838mW
05-18-2026 01:37:34 RAM 3034/7620MB (lfb 27x4MB) SWAP 0/3810MB (cached 0MB) CPU [31%@729,26%@729,24%@729,25%@729,26%@883,63%@883] GR3D_FREQ 0% cpu@45.343C soc2@43.875C soc0@45.156C gpu@45.562C tj@45.562C soc1@45.343C VDD_IN 7080mW/7739mW VDD_CPU_GPU_CV 2033mW/2593mW VDD_SOC 1760mW/1837mW
05-18-2026 01:37:35 RAM 2978/7620MB (lfb 39x4MB) SWAP 0/3810MB (cached 0MB) CPU [35%@1344,44%@1344,31%@1344,34%@1344,35%@729,39%@729] GR3D_FREQ 73% cpu@45.375C soc2@43.937C soc0@44.937C gpu@45.718C tj@45.906C soc1@45.125C VDD_IN 7320mW/7733mW VDD_CPU_GPU_CV 2232mW/2588mW VDD_SOC 1797mW/1837mW
05-18-2026 01:37:36 RAM 3127/7620MB (lfb 21x4MB) SWAP 0/3810MB (cached 0MB) CPU [47%@1036,46%@1036,42%@1036,42%@1036,71%@729,55%@729] GR3D_FREQ 46% cpu@45.5C soc2@44.156C soc0@45.031C gpu@46.031C tj@46.031C soc1@45.281C VDD_IN 8306mW/7741mW VDD_CPU_GPU_CV 2945mW/2593mW VDD_SOC 1913mW/1838mW
05-18-2026 01:37:37 RAM 3217/7620MB (lfb 27x4MB) SWAP 0/3810MB (cached 0MB) CPU [54%@1344,49%@1344,53%@1344,52%@1344,57%@1344,51%@1344] GR3D_FREQ 34% cpu@45.968C soc2@44.187C soc0@45.156C gpu@46.218C tj@46.218C soc1@45.375C VDD_IN 8386mW/7750mW VDD_CPU_GPU_CV 3144mW/2600mW VDD_SOC 1873mW/1838mW
05-18-2026 01:37:39 RAM 3225/7620MB (lfb 25x4MB) SWAP 0/3810MB (cached 0MB) CPU [16%@1267,53%@1267,12%@1267,30%@1267,21%@729,10%@729] GR3D_FREQ 99% cpu@45.562C soc2@43.937C soc0@44.968C gpu@45.656C tj@45.656C soc1@45.625C VDD_IN 6200mW/7729mW VDD_CPU_GPU_CV 1597mW/2587mW VDD_SOC 1600mW/1835mW
05-18-2026 01:37:40 RAM 3463/7620MB (lfb 6x4MB) SWAP 0/3810MB (cached 0MB) CPU [45%@883,45%@883,38%@883,41%@883,37%@729,50%@729] GR3D_FREQ 95% cpu@45.625C soc2@44.343C soc0@45.125C gpu@46.218C tj@46.218C soc1@45.375C VDD_IN 7947mW/7732mW VDD_CPU_GPU_CV 2751mW/2589mW VDD_SOC 1837mW/1835mW
05-18-2026 01:37:41 RAM 3615/7620MB (lfb 6x4MB) SWAP 0/3810MB (cached 0MB) CPU [34%@883,34%@883,38%@883,36%@883,35%@729,49%@729] GR3D_FREQ 73% cpu@45.437C soc2@44.093C soc0@45.156C gpu@46.093C tj@46.093C soc1@45.343C VDD_IN 7627mW/7731mW VDD_CPU_GPU_CV 2472mW/2587mW VDD_SOC 1837mW/1835mW
05-18-2026 01:37:42 RAM 3613/7620MB (lfb 6x4MB) SWAP 0/3810MB (cached 0MB) CPU [37%@729,47%@729,40%@729,39%@729,40%@806,38%@806] GR3D_FREQ 38% cpu@45.75C soc2@44.187C soc0@45.375C gpu@45.968C tj@45.968C soc1@45.656C VDD_IN 8107mW/7736mW VDD_CPU_GPU_CV 2786mW/2590mW VDD_SOC 1876mW/1835mW
05-18-2026 01:37:43 RAM 3613/7620MB (lfb 6x4MB) SWAP 0/3810MB (cached 0MB) CPU [36%@729,43%@729,38%@729,33%@729,43%@729,40%@729] GR3D_FREQ 44% cpu@45.468C soc2@44.218C soc0@45.156C gpu@46C tj@46C soc1@45.375C VDD_IN 7867mW/7737mW VDD_CPU_GPU_CV 2591mW/2590mW VDD_SOC 1876mW/1836mW
05-18-2026 01:37:44 RAM 3611/7620MB (lfb 6x4MB) SWAP 0/3810MB (cached 0MB) CPU [42%@729,40%@729,39%@729,38%@729,37%@729,38%@729] GR3D_FREQ 38% cpu@45.562C soc2@44.375C soc0@45.343C gpu@46.343C tj@46.343C soc1@45.437C VDD_IN 8067mW/7742mW VDD_CPU_GPU_CV 2746mW/2592mW VDD_SOC 1916mW/1837mW
05-18-2026 01:37:45 RAM 3611/7620MB (lfb 6x4MB) SWAP 0/3810MB (cached 0MB) CPU [41%@806,40%@806,41%@806,37%@806,33%@729,37%@729] GR3D_FREQ 62% cpu@45.781C soc2@44.312C soc0@45.281C gpu@46.343C tj@46.343C soc1@45.625C VDD_IN 7827mW/7743mW VDD_CPU_GPU_CV 2631mW/2592mW VDD_SOC 1876mW/1837mW
05-18-2026 01:37:46 RAM 3611/7620MB (lfb 6x4MB) SWAP 0/3810MB (cached 0MB) CPU [40%@729,37%@729,31%@729,42%@729,35%@729,38%@729] GR3D_FREQ 57% cpu@45.625C soc2@44.343C soc0@45.312C gpu@46.156C tj@46.156C soc1@45.562C VDD_IN 8146mW/7748mW VDD_CPU_GPU_CV 2866mW/2596mW VDD_SOC 1876mW/1838mW
05-18-2026 01:37:47 RAM 3611/7620MB (lfb 6x4MB) SWAP 0/3810MB (cached 0MB) CPU [47%@729,36%@729,29%@729,33%@729,30%@729,39%@729] GR3D_FREQ 39% cpu@45.75C soc2@44.375C soc0@45.375C gpu@46.062C tj@46.062C soc1@45.593C VDD_IN 7547mW/7745mW VDD_CPU_GPU_CV 2432mW/2594mW VDD_SOC 1837mW/1838mW
05-18-2026 01:37:48 RAM 3611/7620MB (lfb 6x4MB) SWAP 0/3810MB (cached 0MB) CPU [38%@729,33%@729,37%@729,42%@729,44%@729,46%@729] GR3D_FREQ 18% cpu@45.812C soc2@44.375C soc0@45.562C gpu@46.562C tj@46.562C soc1@45.656C VDD_IN 8186mW/7751mW VDD_CPU_GPU_CV 2905mW/2598mW VDD_SOC 1916mW/1839mW
05-18-2026 01:37:49 RAM 3611/7620MB (lfb 6x4MB) SWAP 0/3810MB (cached 0MB) CPU [36%@806,40%@806,41%@806,37%@806,40%@729,39%@729] GR3D_FREQ 85% cpu@46.093C soc2@44.468C soc0@45.437C gpu@46.625C tj@46.625C soc1@45.843C VDD_IN 8027mW/7754mW VDD_CPU_GPU_CV 2746mW/2599mW VDD_SOC 1916mW/1840mW
05-18-2026 01:37:50 RAM 3611/7620MB (lfb 6x4MB) SWAP 0/3810MB (cached 0MB) CPU [41%@729,47%@729,38%@729,39%@806,40%@729,44%@729] GR3D_FREQ 29% cpu@45.875C soc2@44.531C soc0@45.468C gpu@46.312C tj@46.312C soc1@45.812C VDD_IN 8186mW/7759mW VDD_CPU_GPU_CV 2826mW/2602mW VDD_SOC 1916mW/1841mW
05-18-2026 01:37:51 RAM 3611/7620MB (lfb 6x4MB) SWAP 0/3810MB (cached 0MB) CPU [35%@729,40%@729,40%@729,45%@729,43%@806,40%@806] GR3D_FREQ 64% cpu@45.937C soc2@44.562C soc0@45.562C gpu@46.343C tj@46.343C soc1@45.781C VDD_IN 8186mW/7764mW VDD_CPU_GPU_CV 2826mW/2605mW VDD_SOC 1913mW/1842mW
05-18-2026 01:37:52 RAM 3612/7620MB (lfb 6x4MB) SWAP 0/3810MB (cached 0MB) CPU [45%@729,37%@729,41%@729,37%@729,37%@729,42%@729] GR3D_FREQ 38% cpu@46.093C soc2@44.531C soc0@45.593C gpu@46.187C tj@46.187C soc1@45.843C VDD_IN 8146mW/7769mW VDD_CPU_GPU_CV 2826mW/2607mW VDD_SOC 1916mW/1842mW
05-18-2026 01:37:53 RAM 3612/7620MB (lfb 6x4MB) SWAP 0/3810MB (cached 0MB) CPU [38%@729,44%@729,39%@729,45%@729,38%@729,38%@729] GR3D_FREQ 98% cpu@45.937C soc2@44.843C soc0@45.593C gpu@46.437C tj@46.437C soc1@45.812C VDD_IN 8386mW/7776mW VDD_CPU_GPU_CV 3025mW/2612mW VDD_SOC 1913mW/1843mW
05-18-2026 01:37:54 RAM 3612/7620MB (lfb 6x4MB) SWAP 0/3810MB (cached 0MB) CPU [45%@729,42%@729,40%@729,37%@729,37%@729,33%@729] GR3D_FREQ 32% cpu@45.937C soc2@44.656C soc0@45.656C gpu@46.406C tj@46.406C soc1@45.812C VDD_IN 8067mW/7779mW VDD_CPU_GPU_CV 2786mW/2614mW VDD_SOC 1876mW/1844mW
05-18-2026 01:37:55 RAM 3612/7620MB (lfb 6x4MB) SWAP 0/3810MB (cached 0MB) CPU [33%@806,40%@806,38%@806,41%@806,34%@729,41%@729] GR3D_FREQ 74% cpu@46.187C soc2@44.687C soc0@45.781C gpu@46.625C tj@46.625C soc1@45.906C VDD_IN 8146mW/7783mW VDD_CPU_GPU_CV 2866mW/2617mW VDD_SOC 1916mW/1844mW
05-18-2026 01:37:56 RAM 3612/7620MB (lfb 6x4MB) SWAP 0/3810MB (cached 0MB) CPU [38%@729,39%@729,35%@729,39%@729,32%@729,33%@729] GR3D_FREQ 63% cpu@46.093C soc2@44.656C soc0@45.562C gpu@46.531C tj@46.531C soc1@46.062C VDD_IN 7907mW/7784mW VDD_CPU_GPU_CV 2706mW/2618mW VDD_SOC 1876mW/1845mW
05-18-2026 01:37:57 RAM 3612/7620MB (lfb 6x4MB) SWAP 0/3810MB (cached 0MB) CPU [42%@729,39%@729,43%@729,36%@729,41%@729,40%@729] GR3D_FREQ 84% cpu@46C soc2@44.843C soc0@45.781C gpu@46.437C tj@46.437C soc1@45.906C VDD_IN 8186mW/7789mW VDD_CPU_GPU_CV 2905mW/2621mW VDD_SOC 1916mW/1846mW
05-18-2026 01:37:58 RAM 3612/7620MB (lfb 6x4MB) SWAP 0/3810MB (cached 0MB) CPU [39%@883,38%@883,32%@883,38%@883,52%@729,42%@729] GR3D_FREQ 98% cpu@46.25C soc2@44.875C soc0@45.781C gpu@46.468C tj@46.468C soc1@46C VDD_IN 8146mW/7793mW VDD_CPU_GPU_CV 2826mW/2623mW VDD_SOC 1916mW/1846mW
05-18-2026 01:37:59 RAM 3613/7620MB (lfb 6x4MB) SWAP 0/3810MB (cached 0MB) CPU [44%@806,36%@806,43%@806,32%@806,35%@729,42%@729] GR3D_FREQ 99% cpu@46.375C soc2@44.781C soc0@45.875C gpu@46.718C tj@46.718C soc1@46.062C VDD_IN 8146mW/7797mW VDD_CPU_GPU_CV 2746mW/2625mW VDD_SOC 1913mW/1847mW
05-18-2026 01:38:00 RAM 3613/7620MB (lfb 6x4MB) SWAP 0/3810MB (cached 0MB) CPU [39%@806,44%@806,36%@806,39%@806,31%@729,45%@729] GR3D_FREQ 13% cpu@46.156C soc2@44.875C soc0@45.75C gpu@46.687C tj@46.687C soc1@46.25C VDD_IN 8146mW/7800mW VDD_CPU_GPU_CV 2866mW/2627mW VDD_SOC 1876mW/1847mW
05-18-2026 01:38:01 RAM 3613/7620MB (lfb 6x4MB) SWAP 0/3810MB (cached 0MB) CPU [36%@729,40%@729,41%@729,41%@729,44%@729,41%@729] GR3D_FREQ 50% cpu@46.156C soc2@44.843C soc0@45.812C gpu@46.5C tj@46.5C soc1@46C VDD_IN 8027mW/7803mW VDD_CPU_GPU_CV 2746mW/2628mW VDD_SOC 1876mW/1848mW
05-18-2026 01:38:02 RAM 3613/7620MB (lfb 6x4MB) SWAP 0/3810MB (cached 0MB) CPU [44%@806,39%@806,37%@806,38%@806,38%@729,47%@729] GR3D_FREQ 21% cpu@46.406C soc2@45.031C soc0@46C gpu@46.625C tj@46.625C soc1@46.125C VDD_IN 8346mW/7808mW VDD_CPU_GPU_CV 2985mW/2632mW VDD_SOC 1913mW/1848mW
05-18-2026 01:38:03 RAM 3613/7620MB (lfb 6x4MB) SWAP 0/3810MB (cached 0MB) CPU [38%@729,41%@729,42%@729,42%@729,44%@729,42%@729] GR3D_FREQ 51% cpu@46.312C soc2@44.875C soc0@45.875C gpu@46.812C tj@46.812C soc1@46.218C VDD_IN 8027mW/7811mW VDD_CPU_GPU_CV 2746mW/2633mW VDD_SOC 1916mW/1849mW
05-18-2026 01:38:04 RAM 3613/7620MB (lfb 6x4MB) SWAP 0/3810MB (cached 0MB) CPU [40%@883,50%@883,39%@883,31%@883,35%@729,44%@729] GR3D_FREQ 77% cpu@46.312C soc2@45.031C soc0@46C gpu@46.843C tj@46.843C soc1@46.125C VDD_IN 8306mW/7816mW VDD_CPU_GPU_CV 2945mW/2636mW VDD_SOC 1913mW/1850mW
05-18-2026 01:38:05 RAM 3614/7620MB (lfb 6x4MB) SWAP 0/3810MB (cached 0MB) CPU [45%@1036,45%@1036,39%@1036,43%@1036,43%@729,40%@729] GR3D_FREQ 98% cpu@46.531C soc2@44.968C soc0@46.062C gpu@46.781C tj@46.781C soc1@46.187C VDD_IN 8226mW/7820mW VDD_CPU_GPU_CV 2866mW/2639mW VDD_SOC 1913mW/1850mW
05-18-2026 01:38:06 RAM 3614/7620MB (lfb 6x4MB) SWAP 0/3810MB (cached 0MB) CPU [37%@729,41%@729,45%@729,32%@729,37%@729,34%@729] GR3D_FREQ 74% cpu@46.625C soc2@45C soc0@46.125C gpu@46.75C tj@46.75C soc1@46.312C VDD_IN 7987mW/7821mW VDD_CPU_GPU_CV 2746mW/2640mW VDD_SOC 1876mW/1851mW
05-18-2026 01:38:07 RAM 3614/7620MB (lfb 6x4MB) SWAP 0/3810MB (cached 0MB) CPU [43%@729,42%@729,40%@729,43%@729,45%@729,36%@729] GR3D_FREQ 89% cpu@46.312C soc2@45.125C soc0@45.937C gpu@46.937C tj@46.937C soc1@46.187C VDD_IN 8186mW/7825mW VDD_CPU_GPU_CV 2905mW/2642mW VDD_SOC 1913mW/1851mW
05-18-2026 01:38:08 RAM 3614/7620MB (lfb 6x4MB) SWAP 0/3810MB (cached 0MB) CPU [44%@729,38%@729,41%@729,45%@729,32%@729,39%@729] GR3D_FREQ 85% cpu@46.406C soc2@45.156C soc0@46.093C gpu@47.031C tj@47.031C soc1@46.281C VDD_IN 7987mW/7827mW VDD_CPU_GPU_CV 2706mW/2643mW VDD_SOC 1916mW/1852mW
05-18-2026 01:38:09 RAM 3614/7620MB (lfb 6x4MB) SWAP 0/3810MB (cached 0MB) CPU [39%@729,42%@729,39%@729,41%@729,41%@729,38%@729] GR3D_FREQ 26% cpu@46.531C soc2@45.062C soc0@46.125C gpu@46.968C tj@46.968C soc1@46.343C VDD_IN 7947mW/7828mW VDD_CPU_GPU_CV 2627mW/2643mW VDD_SOC 1916mW/1852mW
05-18-2026 01:38:10 RAM 3614/7620MB (lfb 6x4MB) SWAP 0/3810MB (cached 0MB) CPU [46%@960,44%@960,43%@960,47%@960,39%@806,43%@806] GR3D_FREQ 98% cpu@46.531C soc2@45.343C soc0@46.062C gpu@47.062C tj@47.062C soc1@46.343C VDD_IN 8546mW/7835mW VDD_CPU_GPU_CV 3105mW/2647mW VDD_SOC 1953mW/1853mW
05-18-2026 01:38:11 RAM 3615/7620MB (lfb 6x4MB) SWAP 0/3810MB (cached 0MB) CPU [35%@729,41%@729,43%@729,35%@729,45%@729,43%@729] GR3D_FREQ 25% cpu@46.437C soc2@45C soc0@46.093C gpu@46.843C tj@46.843C soc1@46.281C VDD_IN 8067mW/7837mW VDD_CPU_GPU_CV 2786mW/2649mW VDD_SOC 1876mW/1854mW
05-18-2026 01:38:12 RAM 3615/7620MB (lfb 6x4MB) SWAP 0/3810MB (cached 0MB) CPU [42%@806,45%@806,42%@806,41%@806,40%@729,36%@729] GR3D_FREQ 62% cpu@46.625C soc2@45.125C soc0@46.093C gpu@47.093C tj@47.093C soc1@46.437C VDD_IN 8107mW/7839mW VDD_CPU_GPU_CV 2826mW/2650mW VDD_SOC 1916mW/1854mW
05-18-2026 01:38:13 RAM 3615/7620MB (lfb 6x4MB) SWAP 0/3810MB (cached 0MB) CPU [39%@729,36%@729,39%@729,38%@729,37%@729,42%@729] GR3D_FREQ 16% cpu@46.593C soc2@45.156C soc0@46.281C gpu@47.125C tj@47.125C soc1@46.406C VDD_IN 8067mW/7842mW VDD_CPU_GPU_CV 2786mW/2652mW VDD_SOC 1916mW/1855mW
05-18-2026 01:38:14 RAM 3615/7620MB (lfb 6x4MB) SWAP 0/3810MB (cached 0MB) CPU [43%@729,42%@729,38%@729,49%@729,37%@729,38%@729] GR3D_FREQ 61% cpu@46.593C soc2@45.281C soc0@46.25C gpu@47.093C tj@47.093C soc1@46.593C VDD_IN 8386mW/7847mW VDD_CPU_GPU_CV 2985mW/2655mW VDD_SOC 1913mW/1855mW
05-18-2026 01:38:15 RAM 3615/7620MB (lfb 6x4MB) SWAP 0/3810MB (cached 0MB) CPU [40%@729,46%@729,34%@729,45%@729,46%@806,34%@806] GR3D_FREQ 87% cpu@46.531C soc2@45.343C soc0@46.156C gpu@46.968C tj@46.968C soc1@46.5C VDD_IN 8226mW/7850mW VDD_CPU_GPU_CV 2866mW/2657mW VDD_SOC 1913mW/1856mW
05-18-2026 01:38:16 RAM 3615/7620MB (lfb 6x4MB) SWAP 0/3810MB (cached 0MB) CPU [37%@729,40%@729,39%@729,44%@729,45%@729,43%@729] GR3D_FREQ 52% cpu@46.781C soc2@45.156C soc0@46.25C gpu@47.281C tj@47.281C soc1@46.468C VDD_IN 8067mW/7852mW VDD_CPU_GPU_CV 2706mW/2657mW VDD_SOC 1916mW/1856mW
05-18-2026 01:38:17 RAM 3615/7620MB (lfb 6x4MB) SWAP 0/3810MB (cached 0MB) CPU [41%@883,39%@883,42%@883,44%@883,41%@883,37%@883] GR3D_FREQ 80% cpu@46.5C soc2@45.25C soc0@46.25C gpu@47.25C tj@47.25C soc1@46.656C VDD_IN 7987mW/7853mW VDD_CPU_GPU_CV 2706mW/2658mW VDD_SOC 1916mW/1857mW
05-18-2026 01:38:18 RAM 3615/7620MB (lfb 6x4MB) SWAP 0/3810MB (cached 0MB) CPU [41%@806,40%@806,40%@806,42%@806,38%@729,45%@729] GR3D_FREQ 36% cpu@46.593C soc2@45.343C soc0@46.125C gpu@46.968C tj@46.968C soc1@46.562C VDD_IN 7907mW/7854mW VDD_CPU_GPU_CV 2627mW/2657mW VDD_SOC 1876mW/1857mW
05-18-2026 01:38:19 RAM 3615/7620MB (lfb 6x4MB) SWAP 0/3810MB (cached 0MB) CPU [45%@729,40%@729,37%@729,35%@729,33%@729,50%@729] GR3D_FREQ 97% cpu@46.843C soc2@45.406C soc0@46.343C gpu@47.218C tj@47.218C soc1@46.562C VDD_IN 8186mW/7857mW VDD_CPU_GPU_CV 2866mW/2659mW VDD_SOC 1913mW/1858mW
05-18-2026 01:38:20 RAM 3616/7620MB (lfb 6x4MB) SWAP 0/3810MB (cached 0MB) CPU [53%@729,25%@729,22%@729,32%@729,20%@729,28%@729] GR3D_FREQ 23% cpu@46.531C soc2@45.125C soc0@46.25C gpu@47C tj@47C soc1@46.687C VDD_IN 7320mW/7852mW VDD_CPU_GPU_CV 2192mW/2655mW VDD_SOC 1797mW/1857mW
05-18-2026 01:38:21 RAM 3616/7620MB (lfb 6x4MB) SWAP 0/3810MB (cached 0MB) CPU [49%@806,31%@806,34%@806,47%@806,36%@729,31%@729] GR3D_FREQ 0% cpu@46.781C soc2@45.281C soc0@46.312C gpu@47.343C tj@47.343C soc1@46.656C VDD_IN 7947mW/7853mW VDD_CPU_GPU_CV 2667mW/2655mW VDD_SOC 1876mW/1857mW
05-18-2026 01:38:22 RAM 3616/7620MB (lfb 6x4MB) SWAP 0/3810MB (cached 0MB) CPU [42%@729,40%@729,40%@806,40%@806,41%@729,39%@729] GR3D_FREQ 97% cpu@46.593C soc2@45.468C soc0@46.343C gpu@47.468C tj@47.468C soc1@46.593C VDD_IN 8226mW/7856mW VDD_CPU_GPU_CV 2866mW/2657mW VDD_SOC 1913mW/1858mW
05-18-2026 01:38:23 RAM 3616/7620MB (lfb 6x4MB) SWAP 0/3810MB (cached 0MB) CPU [41%@729,41%@729,42%@729,48%@729,38%@729,46%@729] GR3D_FREQ 38% cpu@46.718C soc2@45.5C soc0@46.468C gpu@47.625C tj@47.625C soc1@46.687C VDD_IN 8306mW/7860mW VDD_CPU_GPU_CV 2945mW/2659mW VDD_SOC 1913mW/1858mW
05-18-2026 01:38:24 RAM 3616/7620MB (lfb 6x4MB) SWAP 0/3810MB (cached 0MB) CPU [46%@729,40%@729,38%@729,41%@729,33%@729,32%@729] GR3D_FREQ 3% cpu@46.906C soc2@45.281C soc0@46.5C gpu@47.187C tj@47.187C soc1@46.781C VDD_IN 7987mW/7861mW VDD_CPU_GPU_CV 2706mW/2660mW VDD_SOC 1876mW/1858mW
05-18-2026 01:38:25 RAM 3616/7620MB (lfb 6x4MB) SWAP 0/3810MB (cached 0MB) CPU [47%@729,43%@729,43%@729,40%@729,38%@729,37%@729] GR3D_FREQ 36% cpu@47.093C soc2@45.406C soc0@46.375C gpu@47.312C tj@47.312C soc1@46.812C VDD_IN 8067mW/7863mW VDD_CPU_GPU_CV 2786mW/2661mW VDD_SOC 1876mW/1859mW
05-18-2026 01:38:26 RAM 3616/7620MB (lfb 6x4MB) SWAP 0/3810MB (cached 0MB) CPU [44%@729,41%@729,43%@729,38%@729,39%@806,40%@806] GR3D_FREQ 98% cpu@46.75C soc2@45.625C soc0@46.562C gpu@47.25C tj@47.25C soc1@46.687C VDD_IN 8146mW/7865mW VDD_CPU_GPU_CV 2786mW/2662mW VDD_SOC 1913mW/1859mW
05-18-2026 01:38:27 RAM 3617/7620MB (lfb 6x4MB) SWAP 0/3810MB (cached 0MB) CPU [37%@729,40%@729,37%@729,47%@729,41%@806,37%@806] GR3D_FREQ 53% cpu@46.718C soc2@45.437C soc0@46.562C gpu@47.156C tj@47.156C soc1@46.75C VDD_IN 8186mW/7868mW VDD_CPU_GPU_CV 2866mW/2664mW VDD_SOC 1916mW/1859mW
05-18-2026 01:38:28 RAM 3617/7620MB (lfb 6x4MB) SWAP 0/3810MB (cached 0MB) CPU [42%@729,41%@729,48%@729,42%@729,36%@729,35%@729] GR3D_FREQ 13% cpu@47.062C soc2@45.562C soc0@46.656C gpu@47.375C tj@47.375C soc1@46.812C VDD_IN 8146mW/7870mW VDD_CPU_GPU_CV 2826mW/2665mW VDD_SOC 1913mW/1860mW
05-18-2026 01:38:29 RAM 3617/7620MB (lfb 6x4MB) SWAP 0/3810MB (cached 0MB) CPU [40%@729,34%@729,38%@729,35%@729,37%@729,49%@729] GR3D_FREQ 60% cpu@46.812C soc2@45.593C soc0@46.531C gpu@47.437C tj@47.437C soc1@47.031C VDD_IN 8067mW/7872mW VDD_CPU_GPU_CV 2786mW/2666mW VDD_SOC 1916mW/1860mW
05-18-2026 01:38:30 RAM 3617/7620MB (lfb 6x4MB) SWAP 0/3810MB (cached 0MB) CPU [42%@729,46%@729,36%@729,42%@729,45%@729,42%@729] GR3D_FREQ 46% cpu@46.968C soc2@45.687C soc0@46.593C gpu@47.437C tj@47.281C soc1@46.812C VDD_IN 8226mW/7874mW VDD_CPU_GPU_CV 2866mW/2667mW VDD_SOC 1913mW/1861mW
05-18-2026 01:38:31 RAM 3617/7620MB (lfb 6x4MB) SWAP 0/3810MB (cached 0MB) CPU [41%@729,44%@729,34%@729,38%@729,34%@729,42%@729] GR3D_FREQ 94% cpu@47.156C soc2@45.656C soc0@46.718C gpu@47.406C tj@47.406C soc1@46.812C VDD_IN 8466mW/7879mW VDD_CPU_GPU_CV 3065mW/2671mW VDD_SOC 1953mW/1862mW
05-18-2026 01:38:32 RAM 3617/7620MB (lfb 6x4MB) SWAP 0/3810MB (cached 0MB) CPU [38%@729,43%@729,43%@729,36%@729,38%@729,43%@729] GR3D_FREQ 29% cpu@46.968C soc2@45.562C soc0@46.562C gpu@47.312C tj@47.312C soc1@47C VDD_IN 7987mW/7880mW VDD_CPU_GPU_CV 2746mW/2671mW VDD_SOC 1876mW/1862mW
05-18-2026 01:38:33 RAM 3617/7620MB (lfb 6x4MB) SWAP 0/3810MB (cached 0MB) CPU [42%@729,45%@729,38%@729,38%@729,40%@729,38%@729] GR3D_FREQ 56% cpu@47.062C soc2@45.687C soc0@46.5C gpu@47.687C tj@47.687C soc1@46.781C VDD_IN 8107mW/7882mW VDD_CPU_GPU_CV 2826mW/2672mW VDD_SOC 1913mW/1862mW
05-18-2026 01:38:34 RAM 3617/7620MB (lfb 6x4MB) SWAP 0/3810MB (cached 0MB) CPU [40%@729,38%@729,37%@729,40%@729,41%@729,34%@729] GR3D_FREQ 35% cpu@46.906C soc2@45.656C soc0@46.75C gpu@47.5C tj@47.5C soc1@46.906C VDD_IN 7827mW/7881mW VDD_CPU_GPU_CV 2587mW/2672mW VDD_SOC 1876mW/1862mW
05-18-2026 01:38:35 RAM 3617/7620MB (lfb 6x4MB) SWAP 0/3810MB (cached 0MB) CPU [47%@729,41%@729,42%@729,37%@729,42%@729,39%@729] GR3D_FREQ 56% cpu@47.25C soc2@45.718C soc0@46.781C gpu@47.406C tj@47.406C soc1@46.968C VDD_IN 8186mW/7884mW VDD_CPU_GPU_CV 2866mW/2673mW VDD_SOC 1913mW/1863mW
05-18-2026 01:38:36 RAM 3617/7620MB (lfb 6x4MB) SWAP 0/3810MB (cached 0MB) CPU [40%@1036,40%@1036,48%@1036,43%@1036,36%@729,34%@729] GR3D_FREQ 95% cpu@47.093C soc2@45.781C soc0@46.687C gpu@47.406C tj@47.406C soc1@47.187C VDD_IN 8266mW/7887mW VDD_CPU_GPU_CV 2866mW/2675mW VDD_SOC 1953mW/1863mW
05-18-2026 01:38:37 RAM 3617/7620MB (lfb 6x4MB) SWAP 0/3810MB (cached 0MB) CPU [38%@729,43%@729,36%@729,46%@729,33%@729,43%@729] GR3D_FREQ 7% cpu@47.125C soc2@45.781C soc0@46.718C gpu@47.531C tj@47.531C soc1@46.906C VDD_IN 8107mW/7888mW VDD_CPU_GPU_CV 2826mW/2676mW VDD_SOC 1873mW/1863mW
05-18-2026 01:38:38 RAM 3617/7620MB (lfb 6x4MB) SWAP 0/3810MB (cached 0MB) CPU [48%@960,42%@960,43%@960,46%@960,34%@729,37%@729] GR3D_FREQ 70% cpu@47.437C soc2@45.781C soc0@46.843C gpu@47.781C tj@47.781C soc1@46.937C VDD_IN 8426mW/7892mW VDD_CPU_GPU_CV 3025mW/2679mW VDD_SOC 1953mW/1864mW
05-18-2026 01:38:39 RAM 3617/7620MB (lfb 6x4MB) SWAP 0/3810MB (cached 0MB) CPU [42%@729,44%@729,42%@729,41%@729,36%@883,33%@883] GR3D_FREQ 45% cpu@47C soc2@45.687C soc0@46.75C gpu@47.562C tj@47.562C soc1@47.062C VDD_IN 7907mW/7893mW VDD_CPU_GPU_CV 2627mW/2678mW VDD_SOC 1916mW/1864mW
05-18-2026 01:38:40 RAM 3618/7620MB (lfb 6x4MB) SWAP 0/3810MB (cached 0MB) CPU [37%@729,41%@883,38%@883,47%@883,43%@883,38%@883] GR3D_FREQ 85% cpu@47.093C soc2@45.906C soc0@46.812C gpu@47.562C tj@47.562C soc1@46.968C VDD_IN 8466mW/7897mW VDD_CPU_GPU_CV 3065mW/2681mW VDD_SOC 1953mW/1865mW
05-18-2026 01:38:41 RAM 3618/7620MB (lfb 6x4MB) SWAP 0/3810MB (cached 0MB) CPU [41%@806,45%@806,46%@806,37%@806,42%@729,41%@729] GR3D_FREQ 27% cpu@47.187C soc2@45.75C soc0@46.781C gpu@47.625C tj@47.625C soc1@46.968C VDD_IN 8226mW/7899mW VDD_CPU_GPU_CV 2905mW/2683mW VDD_SOC 1913mW/1865mW
05-18-2026 01:38:42 RAM 3618/7620MB (lfb 6x4MB) SWAP 0/3810MB (cached 0MB) CPU [37%@729,33%@729,33%@729,34%@729,46%@729,41%@729] GR3D_FREQ 8% cpu@47.25C soc2@45.843C soc0@46.843C gpu@47.687C tj@47.687C soc1@47.156C VDD_IN 8107mW/7901mW VDD_CPU_GPU_CV 2866mW/2684mW VDD_SOC 1873mW/1865mW
05-18-2026 01:38:43 RAM 3641/7620MB (lfb 7x4MB) SWAP 0/3810MB (cached 0MB) CPU [53%@729,47%@729,58%@729,49%@729,42%@729,46%@729] GR3D_FREQ 41% cpu@47.187C soc2@45.875C soc0@46.968C gpu@47.812C tj@47.812C soc1@47.25C VDD_IN 8466mW/7905mW VDD_CPU_GPU_CV 3065mW/2687mW VDD_SOC 1913mW/1866mW
05-18-2026 01:38:44 RAM 3639/7620MB (lfb 7x4MB) SWAP 0/3810MB (cached 0MB) CPU [49%@729,43%@729,35%@729,40%@729,42%@729,48%@729] GR3D_FREQ 87% cpu@47.093C soc2@46.031C soc0@46.75C gpu@47.875C tj@47.875C soc1@47.093C VDD_IN 8306mW/7908mW VDD_CPU_GPU_CV 2945mW/2689mW VDD_SOC 1913mW/1866mW
05-18-2026 01:38:45 RAM 3639/7620MB (lfb 7x4MB) SWAP 0/3810MB (cached 0MB) CPU [40%@729,36%@729,39%@729,49%@729,35%@729,39%@729] GR3D_FREQ 52% cpu@47.187C soc2@45.875C soc0@46.781C gpu@47.562C tj@47.562C soc1@47.187C VDD_IN 7867mW/7908mW VDD_CPU_GPU_CV 2627mW/2688mW VDD_SOC 1876mW/1866mW
05-18-2026 01:38:46 RAM 3639/7620MB (lfb 7x4MB) SWAP 0/3810MB (cached 0MB) CPU [45%@729,45%@729,39%@729,39%@729,36%@729,36%@729] GR3D_FREQ 36% cpu@47.062C soc2@45.906C soc0@46.968C gpu@47.812C tj@47.812C soc1@47.281C VDD_IN 8027mW/7908mW VDD_CPU_GPU_CV 2746mW/2689mW VDD_SOC 1913mW/1867mW
05-18-2026 01:38:47 RAM 3639/7620MB (lfb 7x4MB) SWAP 0/3810MB (cached 0MB) CPU [37%@806,40%@806,45%@806,38%@806,40%@729,37%@729] GR3D_FREQ 98% cpu@47.218C soc2@46.093C soc0@46.875C gpu@47.968C tj@47.968C soc1@47.343C VDD_IN 8426mW/7912mW VDD_CPU_GPU_CV 2945mW/2691mW VDD_SOC 1953mW/1867mW
05-18-2026 01:38:48 RAM 3639/7620MB (lfb 7x4MB) SWAP 0/3810MB (cached 0MB) CPU [37%@729,35%@729,42%@729,53%@729,34%@729,32%@729] GR3D_FREQ 8% cpu@47.281C soc2@45.968C soc0@46.937C gpu@47.968C tj@47.968C soc1@47.125C VDD_IN 8107mW/7913mW VDD_CPU_GPU_CV 2786mW/2691mW VDD_SOC 1913mW/1867mW
05-18-2026 01:38:49 RAM 3639/7620MB (lfb 7x4MB) SWAP 0/3810MB (cached 0MB) CPU [42%@806,41%@806,44%@806,37%@806,41%@729,47%@729] GR3D_FREQ 80% cpu@47.25C soc2@46C soc0@46.968C gpu@47.718C tj@47.718C soc1@47.281C VDD_IN 8226mW/7916mW VDD_CPU_GPU_CV 2866mW/2692mW VDD_SOC 1953mW/1868mW
05-18-2026 01:38:50 RAM 3639/7620MB (lfb 7x4MB) SWAP 0/3810MB (cached 0MB) CPU [42%@960,50%@729,39%@729,42%@729,34%@729,31%@729] GR3D_FREQ 51% cpu@47.187C soc2@45.968C soc0@46.875C gpu@47.968C tj@47.968C soc1@47.375C VDD_IN 8067mW/7917mW VDD_CPU_GPU_CV 2706mW/2693mW VDD_SOC 1956mW/1869mW
05-18-2026 01:38:51 RAM 3639/7620MB (lfb 7x4MB) SWAP 0/3810MB (cached 0MB) CPU [39%@729,39%@729,33%@729,35%@729,33%@729,51%@729] GR3D_FREQ 0% cpu@47.218C soc2@45.937C soc0@46.906C gpu@48.093C tj@48.093C soc1@47.187C VDD_IN 8186mW/7919mW VDD_CPU_GPU_CV 2866mW/2694mW VDD_SOC 1913mW/1869mW
05-18-2026 01:38:52 RAM 3640/7620MB (lfb 7x4MB) SWAP 0/3810MB (cached 0MB) CPU [36%@1113,41%@1113,35%@1113,37%@1113,39%@729,42%@729] GR3D_FREQ 40% cpu@47.437C soc2@45.906C soc0@47.093C gpu@47.937C tj@47.937C soc1@47.281C VDD_IN 7947mW/7919mW VDD_CPU_GPU_CV 2706mW/2694mW VDD_SOC 1876mW/1869mW
05-18-2026 01:38:53 RAM 3640/7620MB (lfb 7x4MB) SWAP 0/3810MB (cached 0MB) CPU [37%@729,33%@729,40%@729,41%@729,46%@729,33%@729] GR3D_FREQ 72% cpu@47.343C soc2@46.031C soc0@47C gpu@47.718C tj@47.718C soc1@47.375C VDD_IN 8027mW/7919mW VDD_CPU_GPU_CV 2786mW/2694mW VDD_SOC 1876mW/1869mW
05-18-2026 01:38:54 RAM 3640/7620MB (lfb 7x4MB) SWAP 0/3810MB (cached 0MB) CPU [43%@729,32%@729,40%@806,41%@806,35%@729,36%@729] GR3D_FREQ 34% cpu@47.312C soc2@46.093C soc0@47.062C gpu@47.906C tj@47.906C soc1@47.593C VDD_IN 8266mW/7922mW VDD_CPU_GPU_CV 2905mW/2696mW VDD_SOC 1913mW/1869mW
05-18-2026 01:38:55 RAM 3640/7620MB (lfb 7x4MB) SWAP 0/3810MB (cached 0MB) CPU [39%@729,49%@729,41%@729,38%@729,38%@729,38%@729] GR3D_FREQ 52% cpu@47.375C soc2@46.093C soc0@47.062C gpu@48.156C tj@48.156C soc1@47.312C VDD_IN 8186mW/7924mW VDD_CPU_GPU_CV 2905mW/2697mW VDD_SOC 1913mW/1870mW
05-18-2026 01:38:56 RAM 3640/7620MB (lfb 7x4MB) SWAP 0/3810MB (cached 0MB) CPU [42%@1113,35%@1113,37%@1113,38%@1113,35%@729,43%@729] GR3D_FREQ 98% cpu@47.656C soc2@46.031C soc0@47.156C gpu@48.156C tj@48.156C soc1@47.343C VDD_IN 8146mW/7925mW VDD_CPU_GPU_CV 2866mW/2698mW VDD_SOC 1913mW/1870mW
05-18-2026 01:38:57 RAM 3640/7620MB (lfb 7x4MB) SWAP 0/3810MB (cached 0MB) CPU [35%@729,41%@729,34%@729,34%@729,34%@729,31%@729] GR3D_FREQ 55% cpu@47.625C soc2@46.093C soc0@47C gpu@48.218C tj@48.218C soc1@47.375C VDD_IN 8146mW/7927mW VDD_CPU_GPU_CV 2866mW/2699mW VDD_SOC 1916mW/1870mW
05-18-2026 01:38:58 RAM 3640/7620MB (lfb 7x4MB) SWAP 0/3810MB (cached 0MB) CPU [41%@729,48%@729,38%@729,37%@729,42%@729,37%@729] GR3D_FREQ 5% cpu@47.343C soc2@46.093C soc0@47.093C gpu@47.937C tj@47.937C soc1@47.281C VDD_IN 8226mW/7929mW VDD_CPU_GPU_CV 2905mW/2701mW VDD_SOC 1913mW/1871mW
05-18-2026 01:38:59 RAM 3640/7620MB (lfb 7x4MB) SWAP 0/3810MB (cached 0MB) CPU [41%@729,40%@729,39%@729,36%@729,36%@729,42%@729] GR3D_FREQ 24% cpu@47.312C soc2@46.156C soc0@47.062C gpu@47.812C tj@47.812C soc1@47.375C VDD_IN 7867mW/7928mW VDD_CPU_GPU_CV 2587mW/2700mW VDD_SOC 1916mW/1871mW
05-18-2026 01:39:00 RAM 3640/7620MB (lfb 7x4MB) SWAP 0/3810MB (cached 0MB) CPU [30%@729,31%@729,55%@729,30%@729,35%@729,32%@729] GR3D_FREQ 61% cpu@47.437C soc2@45.875C soc0@47.031C gpu@48.125C tj@48.125C soc1@47.343C VDD_IN 7268mW/7924mW VDD_CPU_GPU_CV 2232mW/2697mW VDD_SOC 1797mW/1870mW
05-18-2026 01:39:01 RAM 3640/7620MB (lfb 7x4MB) SWAP 0/3810MB (cached 0MB) CPU [41%@806,39%@806,38%@806,39%@806,39%@729,45%@729] GR3D_FREQ 99% cpu@47.375C soc2@46.25C soc0@47.093C gpu@47.812C tj@47.812C soc1@47.406C VDD_IN 8067mW/7925mW VDD_CPU_GPU_CV 2746mW/2697mW VDD_SOC 1916mW/1871mW
05-18-2026 01:39:02 RAM 3640/7620MB (lfb 7x4MB) SWAP 0/3810MB (cached 0MB) CPU [34%@729,41%@729,35%@729,40%@729,34%@729,35%@729] GR3D_FREQ 61% cpu@47.468C soc2@46.125C soc0@47.093C gpu@47.812C tj@47.812C soc1@47.312C VDD_IN 8067mW/7926mW VDD_CPU_GPU_CV 2826mW/2698mW VDD_SOC 1916mW/1871mW
05-18-2026 01:39:03 RAM 3640/7620MB (lfb 7x4MB) SWAP 0/3810MB (cached 0MB) CPU [39%@729,43%@729,35%@729,41%@729,41%@729,44%@729] GR3D_FREQ 98% cpu@47.625C soc2@46.375C soc0@47.25C gpu@48.187C tj@48.187C soc1@47.281C VDD_IN 8466mW/7929mW VDD_CPU_GPU_CV 3065mW/2701mW VDD_SOC 1953mW/1871mW
05-18-2026 01:39:04 RAM 3640/7620MB (lfb 7x4MB) SWAP 0/3810MB (cached 0MB) CPU [38%@729,38%@729,44%@729,36%@729,41%@729,43%@729] GR3D_FREQ 27% cpu@47.687C soc2@46.093C soc0@47.156C gpu@47.843C tj@47.843C soc1@47.562C VDD_IN 7947mW/7929mW VDD_CPU_GPU_CV 2667mW/2700mW VDD_SOC 1876mW/1872mW
05-18-2026 01:39:05 RAM 3641/7620MB (lfb 7x4MB) SWAP 0/3810MB (cached 0MB) CPU [43%@960,43%@960,38%@960,44%@960,44%@729,43%@729] GR3D_FREQ 39% cpu@47.593C soc2@46.156C soc0@47.187C gpu@48.031C tj@48.031C soc1@47.593C VDD_IN 8306mW/7932mW VDD_CPU_GPU_CV 2905mW/2702mW VDD_SOC 1953mW/1872mW
05-18-2026 01:39:06 RAM 3641/7620MB (lfb 7x4MB) SWAP 0/3810MB (cached 0MB) CPU [44%@729,42%@729,39%@729,37%@729,43%@729,40%@729] GR3D_FREQ 21% cpu@47.406C soc2@46.093C soc0@47.156C gpu@47.75C tj@47.75C soc1@47.437C VDD_IN 7947mW/7932mW VDD_CPU_GPU_CV 2706mW/2702mW VDD_SOC 1876mW/1872mW
05-18-2026 01:39:07 RAM 3641/7620MB (lfb 7x4MB) SWAP 0/3810MB (cached 0MB) CPU [41%@729,40%@729,38%@729,40%@729,44%@729,42%@729] GR3D_FREQ 51% cpu@47.625C soc2@46.093C soc0@47.281C gpu@48.062C tj@48.062C soc1@47.5C VDD_IN 8146mW/7933mW VDD_CPU_GPU_CV 2866mW/2703mW VDD_SOC 1913mW/1872mW
05-18-2026 01:39:08 RAM 3641/7620MB (lfb 7x4MB) SWAP 0/3810MB (cached 0MB) CPU [35%@729,45%@729,38%@729,37%@729,37%@883,40%@883] GR3D_FREQ 64% cpu@47.562C soc2@46.187C soc0@47.156C gpu@48.062C tj@48.062C soc1@47.593C VDD_IN 7907mW/7933mW VDD_CPU_GPU_CV 2667mW/2702mW VDD_SOC 1876mW/1872mW
05-18-2026 01:39:09 RAM 3641/7620MB (lfb 7x4MB) SWAP 0/3810MB (cached 0MB) CPU [39%@729,35%@729,38%@729,40%@729,34%@729,34%@729] GR3D_FREQ 53% cpu@47.562C soc2@46.281C soc0@47.218C gpu@48C tj@48C soc1@47.468C VDD_IN 8266mW/7935mW VDD_CPU_GPU_CV 2945mW/2704mW VDD_SOC 1913mW/1873mW
05-18-2026 01:39:10 RAM 3641/7620MB (lfb 7x4MB) SWAP 0/3810MB (cached 0MB) CPU [39%@729,38%@729,35%@729,46%@729,40%@729,45%@729] GR3D_FREQ 27% cpu@47.593C soc2@46.218C soc0@47.187C gpu@47.906C tj@47.906C soc1@47.375C VDD_IN 8107mW/7936mW VDD_CPU_GPU_CV 2786mW/2704mW VDD_SOC 1913mW/1873mW
05-18-2026 01:39:11 RAM 3641/7620MB (lfb 7x4MB) SWAP 0/3810MB (cached 0MB) CPU [35%@729,42%@729,39%@729,41%@729,46%@729,39%@729] GR3D_FREQ 73% cpu@47.75C soc2@46.437C soc0@47.312C gpu@47.937C tj@47.937C soc1@47.625C VDD_IN 8226mW/7938mW VDD_CPU_GPU_CV 2905mW/2706mW VDD_SOC 1913mW/1873mW
05-18-2026 01:39:12 RAM 3641/7620MB (lfb 7x4MB) SWAP 0/3810MB (cached 0MB) CPU [42%@729,48%@729,38%@729,39%@729,41%@729,36%@729] GR3D_FREQ 55% cpu@47.625C soc2@46.437C soc0@47.25C gpu@48.312C tj@48.312C soc1@47.781C VDD_IN 8266mW/7940mW VDD_CPU_GPU_CV 2945mW/2707mW VDD_SOC 1913mW/1873mW
05-18-2026 01:39:13 RAM 3641/7620MB (lfb 7x4MB) SWAP 0/3810MB (cached 0MB) CPU [41%@729,37%@729,40%@729,42%@729,41%@729,40%@729] GR3D_FREQ 13% cpu@47.375C soc2@46.218C soc0@47.281C gpu@48.218C tj@48.218C soc1@47.593C VDD_IN 8186mW/7941mW VDD_CPU_GPU_CV 2826mW/2708mW VDD_SOC 1913mW/1874mW
05-18-2026 01:39:14 RAM 3641/7620MB (lfb 7x4MB) SWAP 0/3810MB (cached 0MB) CPU [37%@729,40%@729,36%@729,43%@729,41%@729,43%@729] GR3D_FREQ 13% cpu@47.531C soc2@46.406C soc0@47.343C gpu@48.25C tj@48C soc1@47.593C VDD_IN 8146mW/7942mW VDD_CPU_GPU_CV 2826mW/2709mW VDD_SOC 1913mW/1874mW
05-18-2026 01:39:15 RAM 3641/7620MB (lfb 7x4MB) SWAP 0/3810MB (cached 0MB) CPU [45%@729,39%@729,36%@729,37%@729,44%@729,37%@729] GR3D_FREQ 35% cpu@47.687C soc2@46.25C soc0@47.437C gpu@47.968C tj@47.968C soc1@47.656C VDD_IN 7987mW/7943mW VDD_CPU_GPU_CV 2706mW/2708mW VDD_SOC 1876mW/1874mW
05-18-2026 01:39:16 RAM 3641/7620MB (lfb 7x4MB) SWAP 0/3810MB (cached 0MB) CPU [37%@960,45%@960,43%@960,45%@960,38%@729,41%@729] GR3D_FREQ 34% cpu@47.812C soc2@46.406C soc0@47.343C gpu@48.062C tj@48.062C soc1@47.843C VDD_IN 8146mW/7944mW VDD_CPU_GPU_CV 2786mW/2709mW VDD_SOC 1913mW/1874mW
05-18-2026 01:39:17 RAM 3641/7620MB (lfb 7x4MB) SWAP 0/3810MB (cached 0MB) CPU [38%@960,47%@960,41%@960,40%@960,33%@729,34%@729] GR3D_FREQ 98% cpu@47.625C soc2@46.5C soc0@47.343C gpu@48.312C tj@48.312C soc1@47.656C VDD_IN 8146mW/7945mW VDD_CPU_GPU_CV 2826mW/2710mW VDD_SOC 1913mW/1874mW
05-18-2026 01:39:18 RAM 3641/7620MB (lfb 7x4MB) SWAP 0/3810MB (cached 0MB) CPU [50%@729,43%@729,43%@729,36%@729,40%@729,38%@729] GR3D_FREQ 65% cpu@47.656C soc2@46.343C soc0@47.437C gpu@48.343C tj@48.343C soc1@47.625C VDD_IN 8186mW/7946mW VDD_CPU_GPU_CV 2866mW/2711mW VDD_SOC 1953mW/1875mW
05-18-2026 01:39:19 RAM 3641/7620MB (lfb 7x4MB) SWAP 0/3810MB (cached 0MB) CPU [43%@729,44%@729,43%@729,42%@729,36%@729,39%@729] GR3D_FREQ 30% cpu@47.968C soc2@46.406C soc0@47.593C gpu@48.312C tj@48.312C soc1@47.718C VDD_IN 8386mW/7949mW VDD_CPU_GPU_CV 2945mW/2712mW VDD_SOC 1953mW/1875mW
05-18-2026 01:39:20 RAM 3641/7620MB (lfb 7x4MB) SWAP 0/3810MB (cached 0MB) CPU [38%@883,35%@883,37%@883,35%@883,41%@729,36%@729] GR3D_FREQ 25% cpu@47.593C soc2@46.468C soc0@47.375C gpu@48.125C tj@48.125C soc1@47.937C VDD_IN 7987mW/7949mW VDD_CPU_GPU_CV 2746mW/2712mW VDD_SOC 1876mW/1875mW
05-18-2026 01:39:21 RAM 3641/7620MB (lfb 7x4MB) SWAP 0/3810MB (cached 0MB) CPU [40%@729,41%@729,40%@729,41%@729,36%@729,47%@729] GR3D_FREQ 58% cpu@47.718C soc2@46.562C soc0@47.5C gpu@48.437C tj@48.437C soc1@47.718C VDD_IN 8186mW/7951mW VDD_CPU_GPU_CV 2905mW/2713mW VDD_SOC 1913mW/1875mW
05-18-2026 01:39:22 RAM 3641/7620MB (lfb 7x4MB) SWAP 0/3810MB (cached 0MB) CPU [38%@960,41%@960,41%@960,42%@960,40%@806,41%@806] GR3D_FREQ 62% cpu@48C soc2@46.5C soc0@47.531C gpu@48.531C tj@48.531C soc1@47.687C VDD_IN 8346mW/7953mW VDD_CPU_GPU_CV 2945mW/2715mW VDD_SOC 1913mW/1876mW
05-18-2026 01:39:23 RAM 3641/7620MB (lfb 7x4MB) SWAP 0/3810MB (cached 0MB) CPU [37%@729,39%@729,36%@729,35%@729,47%@729,44%@729] GR3D_FREQ 39% cpu@47.687C soc2@46.5C soc0@47.562C gpu@48.5C tj@48.5C soc1@47.906C VDD_IN 7987mW/7953mW VDD_CPU_GPU_CV 2706mW/2714mW VDD_SOC 1876mW/1876mW
05-18-2026 01:39:24 RAM 3642/7620MB (lfb 7x4MB) SWAP 0/3810MB (cached 0MB) CPU [43%@729,44%@729,41%@729,41%@729,41%@883,36%@883] GR3D_FREQ 15% cpu@47.687C soc2@46.531C soc0@47.5C gpu@48.25C tj@48.25C soc1@47.718C VDD_IN 8107mW/7954mW VDD_CPU_GPU_CV 2826mW/2715mW VDD_SOC 1873mW/1876mW
05-18-2026 01:39:25 RAM 3642/7620MB (lfb 7x4MB) SWAP 0/3810MB (cached 0MB) CPU [44%@729,37%@729,42%@729,46%@729,38%@883,44%@883] GR3D_FREQ 69% cpu@48.031C soc2@46.593C soc0@47.5C gpu@48.281C tj@48.281C soc1@47.781C VDD_IN 8067mW/7954mW VDD_CPU_GPU_CV 2786mW/2715mW VDD_SOC 1913mW/1876mW
05-18-2026 01:39:26 RAM 3642/7620MB (lfb 7x4MB) SWAP 0/3810MB (cached 0MB) CPU [39%@729,42%@729,40%@729,36%@729,40%@729,34%@729] GR3D_FREQ 44% cpu@48.093C soc2@46.468C soc0@47.562C gpu@48.531C tj@48.531C soc1@47.875C VDD_IN 8226mW/7956mW VDD_CPU_GPU_CV 2866mW/2716mW VDD_SOC 1913mW/1876mW
05-18-2026 01:39:27 RAM 3642/7620MB (lfb 7x4MB) SWAP 0/3810MB (cached 0MB) CPU [42%@883,45%@883,45%@883,38%@883,34%@729,41%@729] GR3D_FREQ 98% cpu@47.781C soc2@46.593C soc0@47.406C gpu@48.531C tj@48.531C soc1@47.75C VDD_IN 7987mW/7956mW VDD_CPU_GPU_CV 2667mW/2716mW VDD_SOC 1916mW/1876mW
05-18-2026 01:39:28 RAM 3642/7620MB (lfb 7x4MB) SWAP 0/3810MB (cached 0MB) CPU [42%@729,34%@729,37%@729,42%@729,43%@729,36%@729] GR3D_FREQ 30% cpu@47.781C soc2@46.531C soc0@47.562C gpu@48.625C tj@48.312C soc1@47.75C VDD_IN 8107mW/7957mW VDD_CPU_GPU_CV 2826mW/2717mW VDD_SOC 1913mW/1876mW
05-18-2026 01:39:29 RAM 3642/7620MB (lfb 7x4MB) SWAP 0/3810MB (cached 0MB) CPU [41%@1036,39%@1036,44%@1036,39%@1036,43%@729,39%@729] GR3D_FREQ 84% cpu@48.156C soc2@46.593C soc0@47.625C gpu@48.468C tj@48.468C soc1@47.781C VDD_IN 8186mW/7958mW VDD_CPU_GPU_CV 2786mW/2717mW VDD_SOC 1913mW/1877mW
05-18-2026 01:39:30 RAM 3642/7620MB (lfb 7x4MB) SWAP 0/3810MB (cached 0MB) CPU [35%@883,39%@883,39%@883,44%@883,41%@729,38%@729] GR3D_FREQ 32% cpu@47.75C soc2@46.343C soc0@47.718C gpu@48.312C tj@48.312C soc1@47.906C VDD_IN 7867mW/7958mW VDD_CPU_GPU_CV 2627mW/2717mW VDD_SOC 1876mW/1877mW
05-18-2026 01:39:31 RAM 3642/7620MB (lfb 7x4MB) SWAP 0/3810MB (cached 0MB) CPU [38%@729,44%@729,41%@729,39%@729,40%@729,39%@729] GR3D_FREQ 7% cpu@48C soc2@46.593C soc0@47.5C gpu@48.406C tj@48.406C soc1@47.937C VDD_IN 8186mW/7959mW VDD_CPU_GPU_CV 2866mW/2717mW VDD_SOC 1913mW/1877mW
05-18-2026 01:39:32 RAM 3644/7620MB (lfb 7x4MB) SWAP 0/3810MB (cached 0MB) CPU [38%@729,35%@729,39%@729,36%@729,38%@729,38%@729] GR3D_FREQ 43% cpu@47.875C soc2@46.593C soc0@47.562C gpu@48.75C tj@48.75C soc1@47.781C VDD_IN 7947mW/7959mW VDD_CPU_GPU_CV 2746mW/2718mW VDD_SOC 1873mW/1877mW
05-18-2026 01:39:33 RAM 3644/7620MB (lfb 7x4MB) SWAP 0/3810MB (cached 0MB) CPU [41%@729,37%@729,42%@729,36%@729,40%@960,36%@960] GR3D_FREQ 68% cpu@48.093C soc2@46.593C soc0@47.656C gpu@48.843C tj@48.843C soc1@47.812C VDD_IN 8266mW/7961mW VDD_CPU_GPU_CV 2945mW/2719mW VDD_SOC 1913mW/1877mW
05-18-2026 01:39:34 RAM 3644/7620MB (lfb 7x4MB) SWAP 0/3810MB (cached 0MB) CPU [45%@729,36%@729,38%@729,31%@729,37%@729,39%@729] GR3D_FREQ 0% cpu@48.093C soc2@46.5C soc0@47.562C gpu@48.468C tj@48.468C soc1@47.937C VDD_IN 8107mW/7961mW VDD_CPU_GPU_CV 2826mW/2719mW VDD_SOC 1873mW/1877mW
05-18-2026 01:39:35 RAM 3644/7620MB (lfb 7x4MB) SWAP 0/3810MB (cached 0MB) CPU [41%@729,40%@729,34%@729,40%@729,34%@729,32%@729] GR3D_FREQ 44% cpu@47.843C soc2@46.562C soc0@47.562C gpu@48.343C tj@48.343C soc1@47.906C VDD_IN 7907mW/7961mW VDD_CPU_GPU_CV 2667mW/2719mW VDD_SOC 1876mW/1877mW
05-18-2026 01:39:36 RAM 3644/7620MB (lfb 7x4MB) SWAP 0/3810MB (cached 0MB) CPU [40%@729,41%@729,41%@729,37%@729,43%@729,50%@729] GR3D_FREQ 98% cpu@47.812C soc2@46.718C soc0@47.593C gpu@48.468C tj@48.468C soc1@47.906C VDD_IN 8306mW/7963mW VDD_CPU_GPU_CV 2945mW/2720mW VDD_SOC 1953mW/1877mW
05-18-2026 01:39:37 RAM 3644/7620MB (lfb 7x4MB) SWAP 0/3810MB (cached 0MB) CPU [46%@729,39%@729,34%@729,40%@729,39%@729,42%@729] GR3D_FREQ 81% cpu@47.968C soc2@46.656C soc0@47.718C gpu@48.312C tj@48.312C soc1@47.968C VDD_IN 8027mW/7963mW VDD_CPU_GPU_CV 2667mW/2720mW VDD_SOC 1916mW/1878mW
05-18-2026 01:39:38 RAM 3644/7620MB (lfb 7x4MB) SWAP 0/3810MB (cached 0MB) CPU [46%@729,38%@729,41%@729,37%@729,44%@729,41%@729] GR3D_FREQ 81% cpu@48.031C soc2@46.562C soc0@47.593C gpu@48.5C tj@48.5C soc1@48.156C VDD_IN 8067mW/7964mW VDD_CPU_GPU_CV 2706mW/2720mW VDD_SOC 1913mW/1878mW
05-18-2026 01:39:39 RAM 3644/7620MB (lfb 7x4MB) SWAP 0/3810MB (cached 0MB) CPU [37%@883,38%@883,43%@883,40%@883,39%@729,40%@729] GR3D_FREQ 74% cpu@47.937C soc2@46.75C soc0@47.625C gpu@48.468C tj@48.468C soc1@47.843C VDD_IN 7827mW/7963mW VDD_CPU_GPU_CV 2587mW/2719mW VDD_SOC 1876mW/1878mW
05-18-2026 01:39:40 RAM 3644/7620MB (lfb 7x4MB) SWAP 0/3810MB (cached 0MB) CPU [41%@883,38%@883,44%@883,43%@883,40%@960,42%@960] GR3D_FREQ 43% cpu@48.031C soc2@46.687C soc0@47.687C gpu@48.406C tj@48.406C soc1@47.937C VDD_IN 8426mW/7965mW VDD_CPU_GPU_CV 3025mW/2721mW VDD_SOC 1953mW/1878mW
05-18-2026 01:39:41 RAM 3644/7620MB (lfb 7x4MB) SWAP 0/3810MB (cached 0MB) CPU [37%@1036,43%@1036,43%@1036,37%@1036,37%@729,40%@729] GR3D_FREQ 84% cpu@48.218C soc2@46.718C soc0@47.75C gpu@48.531C tj@48.531C soc1@48.125C VDD_IN 8146mW/7966mW VDD_CPU_GPU_CV 2746mW/2721mW VDD_SOC 1913mW/1878mW
05-18-2026 01:39:42 RAM 3644/7620MB (lfb 7x4MB) SWAP 0/3810MB (cached 0MB) CPU [43%@806,44%@806,39%@806,40%@806,37%@729,41%@729] GR3D_FREQ 56% cpu@47.906C soc2@46.656C soc0@47.625C gpu@48.562C tj@48.562C soc1@47.906C VDD_IN 8226mW/7968mW VDD_CPU_GPU_CV 2826mW/2721mW VDD_SOC 1913mW/1878mW
05-18-2026 01:39:43 RAM 3644/7620MB (lfb 7x4MB) SWAP 0/3810MB (cached 0MB) CPU [27%@960,33%@960,35%@960,31%@960,29%@729,59%@729] GR3D_FREQ 50% cpu@47.937C soc2@46.593C soc0@47.625C gpu@48.468C tj@48.468C soc1@47.906C VDD_IN 7308mW/7964mW VDD_CPU_GPU_CV 2232mW/2719mW VDD_SOC 1797mW/1878mW
05-18-2026 01:39:44 RAM 3644/7620MB (lfb 7x4MB) SWAP 0/3810MB (cached 0MB) CPU [40%@960,43%@960,39%@960,37%@960,44%@729,38%@729] GR3D_FREQ 38% cpu@48.031C soc2@46.593C soc0@47.687C gpu@48.437C tj@48.437C soc1@48C VDD_IN 7867mW/7964mW VDD_CPU_GPU_CV 2587mW/2718mW VDD_SOC 1876mW/1878mW
05-18-2026 01:39:45 RAM 3667/7620MB (lfb 7x4MB) SWAP 0/3810MB (cached 0MB) CPU [55%@806,44%@806,45%@806,45%@806,43%@806,47%@806] GR3D_FREQ 75% cpu@48.031C soc2@46.875C soc0@47.625C gpu@48.468C tj@48.468C soc1@48.25C VDD_IN 8771mW/7968mW VDD_CPU_GPU_CV 3378mW/2722mW VDD_SOC 1953mW/1878mW
05-18-2026 01:39:46 RAM 3665/7620MB (lfb 7x4MB) SWAP 0/3810MB (cached 0MB) CPU [35%@806,49%@806,38%@806,36%@806,40%@729,38%@729] GR3D_FREQ 70% cpu@48C soc2@46.656C soc0@47.656C gpu@48.562C tj@48.562C soc1@47.968C VDD_IN 8107mW/7969mW VDD_CPU_GPU_CV 2826mW/2722mW VDD_SOC 1913mW/1879mW
05-18-2026 01:39:47 RAM 3647/7620MB (lfb 7x4MB) SWAP 0/3810MB (cached 0MB) CPU [41%@729,38%@729,33%@729,39%@729,49%@729,45%@729] GR3D_FREQ 39% cpu@47.875C soc2@46.531C soc0@47.656C gpu@48.468C tj@48.468C soc1@48C VDD_IN 7827mW/7968mW VDD_CPU_GPU_CV 2587mW/2721mW VDD_SOC 1876mW/1879mW
05-18-2026 01:39:48 RAM 3647/7620MB (lfb 7x4MB) SWAP 0/3810MB (cached 0MB) CPU [35%@729,40%@729,38%@729,34%@729,40%@729,47%@729] GR3D_FREQ 18% cpu@48.343C soc2@46.593C soc0@47.562C gpu@48.562C tj@48.562C soc1@48.156C VDD_IN 8186mW/7969mW VDD_CPU_GPU_CV 2905mW/2722mW VDD_SOC 1913mW/1879mW
05-18-2026 01:39:49 RAM 3647/7620MB (lfb 7x4MB) SWAP 0/3810MB (cached 0MB) CPU [40%@729,40%@729,37%@729,43%@729,37%@729,44%@729] GR3D_FREQ 54% cpu@47.875C soc2@46.656C soc0@47.562C gpu@48.343C tj@48.343C soc1@47.937C VDD_IN 7987mW/7969mW VDD_CPU_GPU_CV 2706mW/2722mW VDD_SOC 1913mW/1879mW
05-18-2026 01:39:50 RAM 3644/7620MB (lfb 8x4MB) SWAP 0/3810MB (cached 0MB) CPU [40%@729,34%@729,40%@729,42%@729,41%@729,41%@729] GR3D_FREQ 50% cpu@48C soc2@46.625C soc0@47.625C gpu@48.562C tj@48.562C soc1@47.937C VDD_IN 8067mW/7970mW VDD_CPU_GPU_CV 2746mW/2722mW VDD_SOC 1913mW/1879mW
05-18-2026 01:39:51 RAM 3644/7620MB (lfb 8x4MB) SWAP 0/3810MB (cached 0MB) CPU [39%@1036,43%@1036,37%@1036,40%@1036,39%@806,46%@806] GR3D_FREQ 98% cpu@47.937C soc2@46.656C soc0@47.625C gpu@48.406C tj@48.406C soc1@48.218C VDD_IN 8067mW/7970mW VDD_CPU_GPU_CV 2746mW/2722mW VDD_SOC 1913mW/1879mW
05-18-2026 01:39:52 RAM 3644/7620MB (lfb 8x4MB) SWAP 0/3810MB (cached 0MB) CPU [44%@729,41%@729,37%@729,35%@729,39%@729,41%@729] GR3D_FREQ 75% cpu@48.093C soc2@46.718C soc0@47.687C gpu@48.468C tj@48.468C soc1@47.875C VDD_IN 8306mW/7972mW VDD_CPU_GPU_CV 2945mW/2724mW VDD_SOC 1953mW/1880mW
05-18-2026 01:39:53 RAM 3644/7620MB (lfb 8x4MB) SWAP 0/3810MB (cached 0MB) CPU [37%@729,39%@729,43%@729,38%@729,42%@729,45%@729] GR3D_FREQ 71% cpu@48.25C soc2@46.812C soc0@47.718C gpu@48.625C tj@48.75C soc1@47.875C VDD_IN 8306mW/7973mW VDD_CPU_GPU_CV 2945mW/2725mW VDD_SOC 1953mW/1880mW
05-18-2026 01:39:54 RAM 3645/7620MB (lfb 8x4MB) SWAP 0/3810MB (cached 0MB) CPU [35%@729,40%@729,41%@729,34%@729,35%@729,44%@729] GR3D_FREQ 72% cpu@47.937C soc2@46.656C soc0@47.812C gpu@48.656C tj@48.656C soc1@48.156C VDD_IN 7867mW/7973mW VDD_CPU_GPU_CV 2667mW/2724mW VDD_SOC 1876mW/1880mW
05-18-2026 01:39:55 RAM 3645/7620MB (lfb 8x4MB) SWAP 0/3810MB (cached 0MB) CPU [37%@806,44%@806,42%@806,44%@806,40%@729,41%@729] GR3D_FREQ 98% cpu@48.031C soc2@46.843C soc0@47.687C gpu@48.562C tj@48.562C soc1@47.968C VDD_IN 8386mW/7975mW VDD_CPU_GPU_CV 2945mW/2725mW VDD_SOC 1953mW/1880mW
05-18-2026 01:39:56 RAM 3645/7620MB (lfb 8x4MB) SWAP 0/3810MB (cached 0MB) CPU [38%@729,46%@729,41%@729,35%@729,37%@729,39%@729] GR3D_FREQ 54% cpu@48.031C soc2@46.656C soc0@47.718C gpu@48.406C tj@48.406C soc1@47.968C VDD_IN 8067mW/7975mW VDD_CPU_GPU_CV 2746mW/2726mW VDD_SOC 1913mW/1880mW
05-18-2026 01:39:57 RAM 3645/7620MB (lfb 8x4MB) SWAP 0/3810MB (cached 0MB) CPU [41%@729,49%@729,41%@729,45%@729,37%@729,35%@729] GR3D_FREQ 27% cpu@48.25C soc2@46.656C soc0@47.812C gpu@48.562C tj@48.562C soc1@48.031C VDD_IN 8107mW/7976mW VDD_CPU_GPU_CV 2826mW/2726mW VDD_SOC 1913mW/1881mW
05-18-2026 01:39:58 RAM 3645/7620MB (lfb 8x4MB) SWAP 0/3810MB (cached 0MB) CPU [41%@729,41%@729,41%@729,42%@729,35%@729,42%@729] GR3D_FREQ 45% cpu@48.218C soc2@46.625C soc0@47.656C gpu@48.75C tj@48.75C soc1@48.093C VDD_IN 8027mW/7976mW VDD_CPU_GPU_CV 2746mW/2726mW VDD_SOC 1873mW/1881mW
05-18-2026 01:39:59 RAM 3645/7620MB (lfb 8x4MB) SWAP 0/3810MB (cached 0MB) CPU [40%@729,32%@729,44%@729,42%@729,40%@729,38%@729] GR3D_FREQ 62% cpu@47.906C soc2@46.781C soc0@47.718C gpu@48.781C tj@48.781C soc1@47.968C VDD_IN 8107mW/7977mW VDD_CPU_GPU_CV 2826mW/2727mW VDD_SOC 1913mW/1881mW
05-18-2026 01:40:00 RAM 3645/7620MB (lfb 8x4MB) SWAP 0/3810MB (cached 0MB) CPU [44%@960,42%@960,44%@883,38%@883,42%@729,33%@729] GR3D_FREQ 64% cpu@48.125C soc2@46.75C soc0@47.687C gpu@48.562C tj@48.562C soc1@48C VDD_IN 8027mW/7977mW VDD_CPU_GPU_CV 2706mW/2726mW VDD_SOC 1916mW/1881mW
05-18-2026 01:40:01 RAM 3645/7620MB (lfb 8x4MB) SWAP 0/3810MB (cached 0MB) CPU [38%@806,39%@806,36%@806,42%@806,40%@729,35%@729] GR3D_FREQ 39% cpu@48.031C soc2@46.656C soc0@47.781C gpu@48.437C tj@48.437C soc1@48.031C VDD_IN 7867mW/7976mW VDD_CPU_GPU_CV 2547mW/2726mW VDD_SOC 1916mW/1881mW
05-18-2026 01:40:02 RAM 3645/7620MB (lfb 8x4MB) SWAP 0/3810MB (cached 0MB) CPU [43%@729,44%@729,44%@729,46%@729,36%@729,38%@729] GR3D_FREQ 71% cpu@48C soc2@46.718C soc0@47.656C gpu@48.781C tj@48.781C soc1@48.062C VDD_IN 8146mW/7977mW VDD_CPU_GPU_CV 2786mW/2726mW VDD_SOC 1913mW/1881mW
05-18-2026 01:40:03 RAM 3645/7620MB (lfb 8x4MB) SWAP 0/3810MB (cached 0MB) CPU [41%@729,41%@729,45%@729,40%@729,39%@729,36%@729] GR3D_FREQ 35% cpu@48C soc2@46.75C soc0@47.625C gpu@48.437C tj@48.437C soc1@48.031C VDD_IN 7907mW/7977mW VDD_CPU_GPU_CV 2627mW/2725mW VDD_SOC 1913mW/1881mW
05-18-2026 01:40:05 RAM 3645/7620MB (lfb 8x4MB) SWAP 0/3810MB (cached 0MB) CPU [39%@729,38%@729,42%@729,46%@729,41%@729,40%@729] GR3D_FREQ 54% cpu@48.062C soc2@46.75C soc0@47.812C gpu@48.562C tj@48.562C soc1@48.125C VDD_IN 8186mW/7978mW VDD_CPU_GPU_CV 2866mW/2726mW VDD_SOC 1913mW/1882mW
05-18-2026 01:40:06 RAM 3645/7620MB (lfb 8x4MB) SWAP 0/3810MB (cached 0MB) CPU [43%@1344,40%@1344,38%@1344,41%@1344,37%@729,37%@729] GR3D_FREQ 93% cpu@48.156C soc2@46.843C soc0@47.625C gpu@48.812C tj@48.812C soc1@47.937C VDD_IN 8146mW/7979mW VDD_CPU_GPU_CV 2866mW/2727mW VDD_SOC 1913mW/1882mW
05-18-2026 01:40:07 RAM 3645/7620MB (lfb 8x4MB) SWAP 0/3810MB (cached 0MB) CPU [41%@729,37%@729,37%@729,41%@729,42%@729,41%@729] GR3D_FREQ 32% cpu@48.093C soc2@46.843C soc0@47.843C gpu@48.812C tj@48.812C soc1@48.031C VDD_IN 8226mW/7980mW VDD_CPU_GPU_CV 2866mW/2727mW VDD_SOC 1913mW/1882mW
05-18-2026 01:40:08 RAM 3645/7620MB (lfb 8x4MB) SWAP 0/3810MB (cached 0MB) CPU [45%@806,43%@806,40%@806,40%@806,32%@729,42%@729] GR3D_FREQ 66% cpu@48.343C soc2@46.593C soc0@47.812C gpu@48.562C tj@48.562C soc1@48.031C VDD_IN 8027mW/7980mW VDD_CPU_GPU_CV 2706mW/2727mW VDD_SOC 1913mW/1882mW
05-18-2026 01:40:09 RAM 3645/7620MB (lfb 8x4MB) SWAP 0/3810MB (cached 0MB) CPU [42%@729,41%@729,38%@729,37%@729,44%@806,40%@806] GR3D_FREQ 40% cpu@47.968C soc2@46.75C soc0@47.781C gpu@48.625C tj@48.625C soc1@48.218C VDD_IN 7947mW/7980mW VDD_CPU_GPU_CV 2627mW/2727mW VDD_SOC 1913mW/1882mW
05-18-2026 01:40:10 RAM 3645/7620MB (lfb 8x4MB) SWAP 0/3810MB (cached 0MB) CPU [42%@806,42%@806,40%@806,40%@806,40%@1036,45%@1036] GR3D_FREQ 81% cpu@48.125C soc2@46.781C soc0@47.781C gpu@49C tj@49C soc1@48.093C VDD_IN 8067mW/7980mW VDD_CPU_GPU_CV 2706mW/2727mW VDD_SOC 1913mW/1882mW
05-18-2026 01:40:11 RAM 3645/7620MB (lfb 8x4MB) SWAP 0/3810MB (cached 0MB) CPU [44%@729,41%@729,34%@729,33%@729,41%@729,35%@729] GR3D_FREQ 79% cpu@48.187C soc2@46.968C soc0@47.718C gpu@48.906C tj@48.906C soc1@48.218C VDD_IN 8306mW/7982mW VDD_CPU_GPU_CV 2866mW/2727mW VDD_SOC 1913mW/1882mW
05-18-2026 01:40:12 RAM 3645/7620MB (lfb 8x4MB) SWAP 0/3810MB (cached 0MB) CPU [43%@729,35%@729,36%@729,51%@729,34%@729,32%@729] GR3D_FREQ 13% cpu@48.187C soc2@46.843C soc0@47.968C gpu@49.093C tj@49.093C soc1@48.156C VDD_IN 8226mW/7983mW VDD_CPU_GPU_CV 2866mW/2728mW VDD_SOC 1913mW/1882mW
05-18-2026 01:40:13 RAM 3645/7620MB (lfb 8x4MB) SWAP 0/3810MB (cached 0MB) CPU [35%@729,39%@729,34%@729,44%@729,35%@729,34%@729] GR3D_FREQ 66% cpu@48.343C soc2@46.718C soc0@47.718C gpu@48.625C tj@48.625C soc1@48.25C VDD_IN 7987mW/7983mW VDD_CPU_GPU_CV 2706mW/2728mW VDD_SOC 1916mW/1883mW
05-18-2026 01:40:14 RAM 3645/7620MB (lfb 8x4MB) SWAP 0/3810MB (cached 0MB) CPU [45%@729,42%@729,41%@729,42%@729,37%@729,38%@729] GR3D_FREQ 32% cpu@48.25C soc2@46.906C soc0@47.781C gpu@48.781C tj@48.781C soc1@48.062C VDD_IN 8226mW/7984mW VDD_CPU_GPU_CV 2905mW/2729mW VDD_SOC 1913mW/1883mW
05-18-2026 01:40:15 RAM 3645/7620MB (lfb 8x4MB) SWAP 0/3810MB (cached 0MB) CPU [42%@960,50%@960,46%@960,47%@960,34%@729,36%@729] GR3D_FREQ 60% cpu@48.312C soc2@46.812C soc0@47.875C gpu@49.156C tj@49.156C soc1@48.156C VDD_IN 8612mW/7987mW VDD_CPU_GPU_CV 3179mW/2731mW VDD_SOC 1993mW/1883mW
05-18-2026 01:40:16 RAM 3646/7620MB (lfb 8x4MB) SWAP 0/3810MB (cached 0MB) CPU [38%@729,44%@729,40%@729,36%@729,42%@729,38%@729] GR3D_FREQ 35% cpu@48.468C soc2@46.875C soc0@48.062C gpu@48.656C tj@48.656C soc1@48.25C VDD_IN 8306mW/7988mW VDD_CPU_GPU_CV 2985mW/2732mW VDD_SOC 1913mW/1883mW
05-18-2026 01:40:17 RAM 3646/7620MB (lfb 8x4MB) SWAP 0/3810MB (cached 0MB) CPU [39%@729,38%@729,34%@729,41%@729,37%@729,53%@729] GR3D_FREQ 31% cpu@48.031C soc2@46.781C soc0@47.781C gpu@48.437C tj@48.437C soc1@48.125C VDD_IN 8067mW/7988mW VDD_CPU_GPU_CV 2746mW/2732mW VDD_SOC 1913mW/1884mW
05-18-2026 01:40:18 RAM 3646/7620MB (lfb 8x4MB) SWAP 0/3810MB (cached 0MB) CPU [45%@729,35%@729,34%@729,32%@729,48%@729,45%@729] GR3D_FREQ 49% cpu@48.156C soc2@46.906C soc0@47.875C gpu@48.718C tj@48.718C soc1@48.031C VDD_IN 8107mW/7989mW VDD_CPU_GPU_CV 2786mW/2732mW VDD_SOC 1913mW/1884mW
05-18-2026 01:40:19 RAM 3646/7620MB (lfb 8x4MB) SWAP 0/3810MB (cached 0MB) CPU [37%@729,51%@729,36%@729,41%@729,38%@729,37%@729] GR3D_FREQ 91% cpu@48.187C soc2@46.937C soc0@47.937C gpu@48.718C tj@48.718C soc1@48.093C VDD_IN 8107mW/7989mW VDD_CPU_GPU_CV 2786mW/2732mW VDD_SOC 1913mW/1884mW
05-18-2026 01:40:20 RAM 3646/7620MB (lfb 8x4MB) SWAP 0/3810MB (cached 0MB) CPU [40%@729,40%@729,40%@729,40%@729,36%@729,33%@729] GR3D_FREQ 59% cpu@48.218C soc2@46.812C soc0@47.843C gpu@48.5C tj@48.5C soc1@48.343C VDD_IN 7947mW/7989mW VDD_CPU_GPU_CV 2706mW/2732mW VDD_SOC 1873mW/1884mW
05-18-2026 01:40:21 RAM 3646/7620MB (lfb 8x4MB) SWAP 0/3810MB (cached 0MB) CPU [37%@729,44%@729,37%@729,41%@729,43%@729,36%@729] GR3D_FREQ 0% cpu@48.031C soc2@46.937C soc0@47.875C gpu@48.593C tj@48.593C soc1@48.25C VDD_IN 8186mW/7990mW VDD_CPU_GPU_CV 2866mW/2733mW VDD_SOC 1913mW/1884mW
05-18-2026 01:40:22 RAM 3646/7620MB (lfb 8x4MB) SWAP 0/3810MB (cached 0MB) CPU [32%@729,40%@729,34%@729,42%@729,34%@729,37%@729] GR3D_FREQ 75% cpu@48.093C soc2@47.031C soc0@47.937C gpu@48.812C tj@48.812C soc1@48.187C VDD_IN 8107mW/7990mW VDD_CPU_GPU_CV 2866mW/2733mW VDD_SOC 1913mW/1884mW
05-18-2026 01:40:23 RAM 3646/7620MB (lfb 8x4MB) SWAP 0/3810MB (cached 0MB) CPU [42%@729,49%@729,38%@729,42%@729,39%@729,40%@729] GR3D_FREQ 26% cpu@48.312C soc2@46.718C soc0@48.031C gpu@48.75C tj@48.75C soc1@48.281C VDD_IN 8067mW/7991mW VDD_CPU_GPU_CV 2746mW/2733mW VDD_SOC 1913mW/1884mW
05-18-2026 01:40:24 RAM 3646/7620MB (lfb 8x4MB) SWAP 0/3810MB (cached 0MB) CPU [40%@729,43%@729,42%@729,39%@729,40%@729,42%@729] GR3D_FREQ 70% cpu@48.062C soc2@46.968C soc0@47.875C gpu@48.656C tj@48.656C soc1@48.156C VDD_IN 8107mW/7991mW VDD_CPU_GPU_CV 2786mW/2734mW VDD_SOC 1913mW/1884mW
05-18-2026 01:40:25 RAM 3646/7620MB (lfb 8x4MB) SWAP 0/3810MB (cached 0MB) CPU [43%@729,41%@729,39%@729,36%@729,35%@729,41%@729] GR3D_FREQ 54% cpu@48.062C soc2@46.875C soc0@47.812C gpu@48.625C tj@48.625C soc1@48.187C VDD_IN 8027mW/7991mW VDD_CPU_GPU_CV 2706mW/2733mW VDD_SOC 1873mW/1884mW
05-18-2026 01:40:26 RAM 3647/7620MB (lfb 8x4MB) SWAP 0/3810MB (cached 0MB) CPU [43%@806,40%@806,38%@806,35%@806,41%@729,47%@729] GR3D_FREQ 51% cpu@48.593C soc2@46.937C soc0@48.031C gpu@48.875C tj@48.875C soc1@48.218C VDD_IN 8306mW/7993mW VDD_CPU_GPU_CV 2945mW/2734mW VDD_SOC 1913mW/1884mW
05-18-2026 01:40:27 RAM 3647/7620MB (lfb 8x4MB) SWAP 0/3810MB (cached 0MB) CPU [57%@1344,29%@1344,27%@1344,25%@1344,33%@729,34%@729] GR3D_FREQ 0% cpu@48.031C soc2@46.656C soc0@47.906C gpu@48.625C tj@48.625C soc1@48.343C VDD_IN 6840mW/7988mW VDD_CPU_GPU_CV 1913mW/2731mW VDD_SOC 1717mW/1884mW
05-18-2026 01:40:28 RAM 3647/7620MB (lfb 8x4MB) SWAP 0/3810MB (cached 0MB) CPU [39%@960,33%@960,30%@960,42%@960,33%@729,36%@729] GR3D_FREQ 35% cpu@48.093C soc2@46.906C soc0@47.875C gpu@48.562C tj@48.562C soc1@48.156C VDD_IN 7907mW/7988mW VDD_CPU_GPU_CV 2627mW/2730mW VDD_SOC 1876mW/1884mW
05-18-2026 01:40:29 RAM 3647/7620MB (lfb 8x4MB) SWAP 0/3810MB (cached 0MB) CPU [35%@729,40%@729,31%@729,39%@729,44%@1036,26%@1036] GR3D_FREQ 94% cpu@48.125C soc2@46.937C soc0@47.843C gpu@48.531C tj@48.531C soc1@48.156C VDD_IN 7747mW/7987mW VDD_CPU_GPU_CV 2507mW/2730mW VDD_SOC 1876mW/1884mW
05-18-2026 01:40:30 RAM 3648/7620MB (lfb 8x4MB) SWAP 0/3810MB (cached 0MB) CPU [35%@806,27%@806,33%@806,25%@806,49%@729,37%@729] GR3D_FREQ 88% cpu@48.406C soc2@46.937C soc0@47.812C gpu@48.781C tj@48.781C soc1@48.25C VDD_IN 7907mW/7986mW VDD_CPU_GPU_CV 2706mW/2729mW VDD_SOC 1876mW/1883mW
05-18-2026 01:40:31 RAM 3648/7620MB (lfb 8x4MB) SWAP 0/3810MB (cached 0MB) CPU [45%@806,38%@806,37%@806,40%@806,37%@806,28%@806] GR3D_FREQ 33% cpu@48.156C soc2@46.875C soc0@47.843C gpu@48.843C tj@48.843C soc1@48.093C VDD_IN 7907mW/7986mW VDD_CPU_GPU_CV 2667mW/2729mW VDD_SOC 1876mW/1883mW
05-18-2026 01:40:32 RAM 3648/7620MB (lfb 8x4MB) SWAP 0/3810MB (cached 0MB) CPU [37%@729,40%@729,34%@729,42%@729,44%@729,42%@729] GR3D_FREQ 81% cpu@48.218C soc2@47.031C soc0@48.062C gpu@48.75C tj@48.75C soc1@48.218C VDD_IN 8226mW/7987mW VDD_CPU_GPU_CV 2905mW/2730mW VDD_SOC 1913mW/1884mW
05-18-2026 01:40:33 RAM 3648/7620MB (lfb 8x4MB) SWAP 0/3810MB (cached 0MB) CPU [39%@806,43%@806,48%@729,36%@729,38%@729,30%@729] GR3D_FREQ 88% cpu@48.468C soc2@47C soc0@48.062C gpu@48.812C tj@48.812C soc1@48.281C VDD_IN 8266mW/7988mW VDD_CPU_GPU_CV 2866mW/2730mW VDD_SOC 1913mW/1884mW
05-18-2026 01:40:34 RAM 3648/7620MB (lfb 8x4MB) SWAP 0/3810MB (cached 0MB) CPU [42%@729,43%@729,38%@729,36%@729,47%@729,38%@729] GR3D_FREQ 35% cpu@48.031C soc2@47C soc0@47.968C gpu@48.875C tj@48.875C soc1@48.5C VDD_IN 8027mW/7988mW VDD_CPU_GPU_CV 2667mW/2730mW VDD_SOC 1913mW/1884mW
05-18-2026 01:40:35 RAM 3648/7620MB (lfb 8x4MB) SWAP 0/3810MB (cached 0MB) CPU [42%@960,42%@960,48%@960,40%@960,42%@729,39%@729] GR3D_FREQ 98% cpu@48.375C soc2@47.062C soc0@48.031C gpu@49.125C tj@49.125C soc1@48.156C VDD_IN 8426mW/7990mW VDD_CPU_GPU_CV 2985mW/2731mW VDD_SOC 1953mW/1884mW
05-18-2026 01:40:36 RAM 3648/7620MB (lfb 8x4MB) SWAP 0/3810MB (cached 0MB) CPU [43%@729,42%@729,42%@729,36%@729,44%@729,39%@729] GR3D_FREQ 30% cpu@48.312C soc2@46.968C soc0@48.062C gpu@48.968C tj@48.968C soc1@48.312C VDD_IN 8186mW/7991mW VDD_CPU_GPU_CV 2826mW/2732mW VDD_SOC 1913mW/1884mW
05-18-2026 01:40:37 RAM 3648/7620MB (lfb 8x4MB) SWAP 0/3810MB (cached 0MB) CPU [44%@729,46%@729,35%@729,43%@729,39%@729,42%@729] GR3D_FREQ 34% cpu@48.531C soc2@47C soc0@48.187C gpu@48.812C tj@48.812C soc1@48.375C VDD_IN 8266mW/7992mW VDD_CPU_GPU_CV 2905mW/2732mW VDD_SOC 1913mW/1884mW
05-18-2026 01:40:38 RAM 3648/7620MB (lfb 8x4MB) SWAP 0/3810MB (cached 0MB) CPU [41%@729,39%@729,43%@729,40%@729,40%@729,39%@729] GR3D_FREQ 42% cpu@48.281C soc2@47.062C soc0@48C gpu@48.75C tj@48.75C soc1@48.406C VDD_IN 8027mW/7992mW VDD_CPU_GPU_CV 2706mW/2732mW VDD_SOC 1913mW/1884mW
05-18-2026 01:40:39 RAM 3648/7620MB (lfb 8x4MB) SWAP 0/3810MB (cached 0MB) CPU [36%@729,40%@729,39%@729,47%@729,36%@729,40%@729] GR3D_FREQ 66% cpu@48.218C soc2@47.093C soc0@48C gpu@49.093C tj@49.093C soc1@48.25C VDD_IN 8146mW/7993mW VDD_CPU_GPU_CV 2866mW/2733mW VDD_SOC 1913mW/1885mW
05-18-2026 01:40:40 RAM 3648/7620MB (lfb 8x4MB) SWAP 0/3810MB (cached 0MB) CPU [44%@729,40%@729,41%@729,35%@729,42%@729,39%@729] GR3D_FREQ 43% cpu@48.5C soc2@47.031C soc0@48.125C gpu@49.093C tj@49.093C soc1@48.312C VDD_IN 8067mW/7993mW VDD_CPU_GPU_CV 2706mW/2733mW VDD_SOC 1913mW/1885mW
05-18-2026 01:40:41 RAM 3648/7620MB (lfb 8x4MB) SWAP 0/3810MB (cached 0MB) CPU [41%@1113,45%@1113,45%@1113,44%@1113,40%@729,35%@729] GR3D_FREQ 22% cpu@48.406C soc2@47.031C soc0@48.156C gpu@49.062C tj@49.062C soc1@48.343C VDD_IN 8452mW/7995mW VDD_CPU_GPU_CV 3065mW/2734mW VDD_SOC 1953mW/1885mW
05-18-2026 01:40:42 RAM 3648/7620MB (lfb 8x4MB) SWAP 0/3810MB (cached 0MB) CPU [41%@806,37%@806,43%@806,35%@806,42%@729,42%@729] GR3D_FREQ 98% cpu@48.312C soc2@47.156C soc0@48.031C gpu@48.781C tj@48.781C soc1@48.25C VDD_IN 7947mW/7995mW VDD_CPU_GPU_CV 2667mW/2734mW VDD_SOC 1916mW/1885mW
05-18-2026 01:40:43 RAM 3648/7620MB (lfb 8x4MB) SWAP 0/3810MB (cached 0MB) CPU [40%@806,43%@806,38%@806,45%@806,35%@729,40%@729] GR3D_FREQ 29% cpu@48.437C soc2@46.906C soc0@48.031C gpu@49.062C tj@49.062C soc1@48.343C VDD_IN 8226mW/7995mW VDD_CPU_GPU_CV 2866mW/2734mW VDD_SOC 1913mW/1885mW
05-18-2026 01:40:44 RAM 3648/7620MB (lfb 8x4MB) SWAP 0/3810MB (cached 0MB) CPU [37%@729,45%@729,43%@729,43%@729,36%@806,35%@806] GR3D_FREQ 31% cpu@48.468C soc2@47.031C soc0@48.156C gpu@49.187C tj@49.187C soc1@48.406C VDD_IN 8186mW/7996mW VDD_CPU_GPU_CV 2866mW/2735mW VDD_SOC 1913mW/1885mW
05-18-2026 01:40:45 RAM 3648/7620MB (lfb 8x4MB) SWAP 0/3810MB (cached 0MB) CPU [43%@729,45%@729,38%@729,34%@729,34%@729,33%@729] GR3D_FREQ 3% cpu@48.312C soc2@47.062C soc0@47.968C gpu@49.156C tj@49.156C soc1@48.5C VDD_IN 7907mW/7996mW VDD_CPU_GPU_CV 2667mW/2734mW VDD_SOC 1876mW/1885mW
05-18-2026 01:40:46 RAM 3648/7620MB (lfb 8x4MB) SWAP 0/3810MB (cached 0MB) CPU [45%@729,42%@729,35%@729,35%@729,37%@729,47%@729] GR3D_FREQ 47% cpu@48.375C soc2@47C soc0@48.062C gpu@48.937C tj@48.937C soc1@48.281C VDD_IN 8266mW/7997mW VDD_CPU_GPU_CV 2905mW/2735mW VDD_SOC 1913mW/1885mW
05-18-2026 01:40:47 RAM 3648/7620MB (lfb 8x4MB) SWAP 0/3810MB (cached 0MB) CPU [43%@729,42%@729,47%@729,41%@729,34%@729,37%@729] GR3D_FREQ 40% cpu@48.468C soc2@47.062C soc0@48.062C gpu@48.812C tj@48.812C soc1@48.343C VDD_IN 8146mW/7997mW VDD_CPU_GPU_CV 2826mW/2735mW VDD_SOC 1913mW/1885mW
05-18-2026 01:40:48 RAM 3648/7620MB (lfb 8x4MB) SWAP 0/3810MB (cached 0MB) CPU [46%@729,44%@729,41%@729,45%@729,33%@806,36%@806] GR3D_FREQ 9% cpu@48.343C soc2@46.968C soc0@48.125C gpu@48.937C tj@48.937C soc1@48.375C VDD_IN 8266mW/7998mW VDD_CPU_GPU_CV 2905mW/2736mW VDD_SOC 1913mW/1886mW
05-18-2026 01:40:49 RAM 3648/7620MB (lfb 8x4MB) SWAP 0/3810MB (cached 0MB) CPU [37%@729,40%@729,34%@729,42%@729,35%@729,41%@729] GR3D_FREQ 33% cpu@48.406C soc2@47.062C soc0@48C gpu@49.218C tj@49.218C soc1@48.656C VDD_IN 7907mW/7998mW VDD_CPU_GPU_CV 2667mW/2736mW VDD_SOC 1876mW/1886mW
05-18-2026 01:40:50 RAM 3648/7620MB (lfb 8x4MB) SWAP 0/3810MB (cached 0MB) CPU [35%@960,36%@960,41%@960,47%@960,39%@729,39%@729] GR3D_FREQ 41% cpu@48.343C soc2@47.125C soc0@48.062C gpu@48.843C tj@48.843C soc1@48.375C VDD_IN 8226mW/7999mW VDD_CPU_GPU_CV 2905mW/2736mW VDD_SOC 1913mW/1886mW
05-18-2026 01:40:51 RAM 3648/7620MB (lfb 8x4MB) SWAP 0/3810MB (cached 0MB) CPU [43%@883,43%@883,39%@883,38%@883,45%@729,39%@729] GR3D_FREQ 71% cpu@48.343C soc2@47.062C soc0@48.062C gpu@48.937C tj@48.937C soc1@48.375C VDD_IN 8146mW/8000mW VDD_CPU_GPU_CV 2826mW/2737mW VDD_SOC 1913mW/1886mW
05-18-2026 01:40:52 RAM 3648/7620MB (lfb 8x4MB) SWAP 0/3810MB (cached 0MB) CPU [40%@729,42%@729,40%@729,40%@729,44%@729,39%@729] GR3D_FREQ 31% cpu@48.593C soc2@47C soc0@48.25C gpu@48.906C tj@48.906C soc1@48.5C VDD_IN 7987mW/7999mW VDD_CPU_GPU_CV 2706mW/2737mW VDD_SOC 1913mW/1886mW
05-18-2026 01:40:53 RAM 3648/7620MB (lfb 8x4MB) SWAP 0/3810MB (cached 0MB) CPU [35%@729,34%@806,42%@806,37%@806,38%@806,30%@806] GR3D_FREQ 98% cpu@48.343C soc2@47.156C soc0@48.187C gpu@48.843C tj@48.843C soc1@48.375C VDD_IN 7867mW/7999mW VDD_CPU_GPU_CV 2627mW/2736mW VDD_SOC 1876mW/1886mW
05-18-2026 01:40:54 RAM 3648/7620MB (lfb 8x4MB) SWAP 0/3810MB (cached 0MB) CPU [43%@729,39%@729,32%@729,35%@729,39%@729,40%@729] GR3D_FREQ 40% cpu@48.343C soc2@47.156C soc0@48.125C gpu@48.781C tj@48.781C soc1@48.406C VDD_IN 8146mW/8000mW VDD_CPU_GPU_CV 2826mW/2737mW VDD_SOC 1913mW/1886mW
05-18-2026 01:40:55 RAM 3648/7620MB (lfb 8x4MB) SWAP 0/3810MB (cached 0MB) CPU [42%@806,40%@806,41%@806,44%@806,40%@729,43%@729] GR3D_FREQ 98% cpu@48.593C soc2@47.218C soc0@48.281C gpu@49.125C tj@49.125C soc1@48.531C VDD_IN 8306mW/8001mW VDD_CPU_GPU_CV 2905mW/2737mW VDD_SOC 1953mW/1886mW
05-18-2026 01:40:56 RAM 3649/7620MB (lfb 8x4MB) SWAP 0/3810MB (cached 0MB) CPU [39%@729,41%@729,38%@729,35%@729,42%@729,44%@729] GR3D_FREQ 19% cpu@48.187C soc2@47.031C soc0@48.125C gpu@48.937C tj@48.937C soc1@48.375C VDD_IN 7947mW/8000mW VDD_CPU_GPU_CV 2667mW/2737mW VDD_SOC 1876mW/1886mW
05-18-2026 01:40:57 RAM 3649/7620MB (lfb 8x4MB) SWAP 0/3810MB (cached 0MB) CPU [42%@729,38%@729,40%@729,42%@729,43%@729,42%@729] GR3D_FREQ 71% cpu@48.437C soc2@47.281C soc0@48.187C gpu@48.843C tj@48.843C soc1@48.375C VDD_IN 8146mW/8001mW VDD_CPU_GPU_CV 2826mW/2737mW VDD_SOC 1913mW/1886mW
05-18-2026 01:40:58 RAM 3649/7620MB (lfb 8x4MB) SWAP 0/3810MB (cached 0MB) CPU [45%@729,33%@729,38%@729,44%@729,43%@729,33%@729] GR3D_FREQ 63% cpu@48.468C soc2@47.125C soc0@48.218C gpu@48.843C tj@48.843C soc1@48.531C VDD_IN 8067mW/8001mW VDD_CPU_GPU_CV 2786mW/2738mW VDD_SOC 1873mW/1886mW
05-18-2026 01:40:59 RAM 3649/7620MB (lfb 8x4MB) SWAP 0/3810MB (cached 0MB) CPU [38%@729,42%@729,42%@729,35%@729,34%@729,33%@729] GR3D_FREQ 90% cpu@48.718C soc2@47.218C soc0@48.093C gpu@49.125C tj@49.125C soc1@48.687C VDD_IN 8067mW/8002mW VDD_CPU_GPU_CV 2746mW/2738mW VDD_SOC 1916mW/1886mW
05-18-2026 01:41:00 RAM 3649/7620MB (lfb 8x4MB) SWAP 0/3810MB (cached 0MB) CPU [39%@883,45%@883,44%@883,41%@883,41%@729,39%@729] GR3D_FREQ 76% cpu@48.406C soc2@47.093C soc0@48.187C gpu@49C tj@49C soc1@48.437C VDD_IN 8107mW/8002mW VDD_CPU_GPU_CV 2746mW/2738mW VDD_SOC 1913mW/1886mW
05-18-2026 01:41:01 RAM 3649/7620MB (lfb 8x4MB) SWAP 0/3810MB (cached 0MB) CPU [42%@729,43%@729,38%@729,39%@729,45%@729,41%@729] GR3D_FREQ 48% cpu@48.437C soc2@47.156C soc0@48.187C gpu@48.875C tj@48.875C soc1@48.5C VDD_IN 8226mW/8003mW VDD_CPU_GPU_CV 2826mW/2738mW VDD_SOC 1913mW/1886mW
05-18-2026 01:41:02 RAM 3649/7620MB (lfb 8x4MB) SWAP 0/3810MB (cached 0MB) CPU [43%@729,42%@729,49%@729,35%@729,36%@729,35%@729] GR3D_FREQ 44% cpu@48.687C soc2@47.187C soc0@48.281C gpu@49C tj@49C soc1@48.593C VDD_IN 8146mW/8003mW VDD_CPU_GPU_CV 2866mW/2738mW VDD_SOC 1913mW/1887mW
05-18-2026 01:41:03 RAM 3649/7620MB (lfb 8x4MB) SWAP 0/3810MB (cached 0MB) CPU [47%@729,36%@729,36%@729,38%@729,39%@729,36%@729] GR3D_FREQ 27% cpu@48.375C soc2@47.187C soc0@48.156C gpu@49.156C tj@49.156C soc1@48.375C VDD_IN 7987mW/8003mW VDD_CPU_GPU_CV 2746mW/2738mW VDD_SOC 1873mW/1887mW
05-18-2026 01:41:04 RAM 3649/7620MB (lfb 8x4MB) SWAP 0/3810MB (cached 0MB) CPU [49%@960,41%@960,36%@960,40%@960,43%@729,41%@729] GR3D_FREQ 43% cpu@48.531C soc2@47.281C soc0@48.218C gpu@49.156C tj@49.156C soc1@48.437C VDD_IN 8027mW/8003mW VDD_CPU_GPU_CV 2706mW/2738mW VDD_SOC 1913mW/1887mW
05-18-2026 01:41:05 RAM 3649/7620MB (lfb 8x4MB) SWAP 0/3810MB (cached 0MB) CPU [39%@729,38%@729,38%@729,42%@729,43%@729,42%@729] GR3D_FREQ 71% cpu@48.562C soc2@47.125C soc0@48.25C gpu@48.875C tj@48.875C soc1@48.656C VDD_IN 8027mW/8003mW VDD_CPU_GPU_CV 2706mW/2738mW VDD_SOC 1913mW/1887mW
05-18-2026 01:41:06 RAM 3649/7620MB (lfb 8x4MB) SWAP 0/3810MB (cached 0MB) CPU [43%@729,45%@729,35%@729,36%@729,43%@729,42%@729] GR3D_FREQ 81% cpu@48.625C soc2@47.156C soc0@48.125C gpu@48.937C tj@49.156C soc1@48.75C VDD_IN 8067mW/8004mW VDD_CPU_GPU_CV 2706mW/2738mW VDD_SOC 1913mW/1887mW
05-18-2026 01:41:07 RAM 3649/7620MB (lfb 8x4MB) SWAP 0/3810MB (cached 0MB) CPU [44%@806,38%@806,44%@806,40%@806,36%@729,37%@729] GR3D_FREQ 66% cpu@48.531C soc2@47.312C soc0@48.281C gpu@49.187C tj@49.187C soc1@48.437C VDD_IN 8146mW/8004mW VDD_CPU_GPU_CV 2786mW/2738mW VDD_SOC 1913mW/1887mW
05-18-2026 01:41:08 RAM 3649/7620MB (lfb 8x4MB) SWAP 0/3810MB (cached 0MB) CPU [44%@729,35%@729,34%@729,37%@729,43%@729,43%@729] GR3D_FREQ 36% cpu@48.406C soc2@47.062C soc0@48.218C gpu@49.062C tj@49.062C soc1@48.656C VDD_IN 7787mW/8003mW VDD_CPU_GPU_CV 2547mW/2738mW VDD_SOC 1876mW/1887mW
05-18-2026 01:41:09 RAM 3649/7620MB (lfb 8x4MB) SWAP 0/3810MB (cached 0MB) CPU [48%@729,41%@729,37%@729,41%@729,46%@729,38%@729] GR3D_FREQ 42% cpu@48.812C soc2@47.156C soc0@48.406C gpu@49.062C tj@49.062C soc1@48.656C VDD_IN 8226mW/8004mW VDD_CPU_GPU_CV 2945mW/2738mW VDD_SOC 1913mW/1887mW
05-18-2026 01:41:10 RAM 3649/7620MB (lfb 8x4MB) SWAP 0/3810MB (cached 0MB) CPU [41%@883,40%@883,35%@883,33%@883,48%@729,34%@729] GR3D_FREQ 37% cpu@48.406C soc2@47.281C soc0@48.218C gpu@48.937C tj@48.937C soc1@48.531C VDD_IN 8146mW/8005mW VDD_CPU_GPU_CV 2786mW/2738mW VDD_SOC 1913mW/1887mW
05-18-2026 01:41:11 RAM 3650/7620MB (lfb 8x4MB) SWAP 0/3810MB (cached 0MB) CPU [40%@729,46%@729,38%@729,41%@729,40%@729,45%@729] GR3D_FREQ 77% cpu@48.531C soc2@47.562C soc0@48.343C gpu@49.281C tj@49.281C soc1@48.593C VDD_IN 8346mW/8006mW VDD_CPU_GPU_CV 3025mW/2739mW VDD_SOC 1913mW/1887mW
05-18-2026 01:41:12 RAM 3650/7620MB (lfb 8x4MB) SWAP 0/3810MB (cached 0MB) CPU [48%@1344,34%@1344,37%@1344,28%@1344,35%@729,30%@729] GR3D_FREQ 0% cpu@48.625C soc2@47.156C soc0@48.312C gpu@49.093C tj@49.093C soc1@48.625C VDD_IN 7428mW/8004mW VDD_CPU_GPU_CV 2312mW/2738mW VDD_SOC 1797mW/1887mW
05-18-2026 01:41:13 RAM 3651/7620MB (lfb 8x4MB) SWAP 0/3810MB (cached 0MB) CPU [46%@729,32%@729,38%@729,33%@729,36%@729,34%@729] GR3D_FREQ 90% cpu@48.531C soc2@47.25C soc0@48.437C gpu@49.343C tj@49.343C soc1@48.687C VDD_IN 7987mW/8004mW VDD_CPU_GPU_CV 2627mW/2738mW VDD_SOC 1916mW/1887mW
05-18-2026 01:41:14 RAM 3651/7620MB (lfb 8x4MB) SWAP 0/3810MB (cached 0MB) CPU [42%@883,34%@883,33%@883,39%@883,43%@729,42%@729] GR3D_FREQ 98% cpu@48.531C soc2@47.312C soc0@48.281C gpu@49.031C tj@49.031C soc1@48.593C VDD_IN 8067mW/8004mW VDD_CPU_GPU_CV 2746mW/2738mW VDD_SOC 1916mW/1887mW
05-18-2026 01:41:15 RAM 3651/7620MB (lfb 8x4MB) SWAP 0/3810MB (cached 0MB) CPU [37%@729,33%@729,41%@729,39%@729,37%@729,37%@729] GR3D_FREQ 63% cpu@48.562C soc2@47.312C soc0@48.375C gpu@49.156C tj@49.156C soc1@48.531C VDD_IN 8146mW/8004mW VDD_CPU_GPU_CV 2786mW/2738mW VDD_SOC 1913mW/1887mW
05-18-2026 01:41:16 RAM 3651/7620MB (lfb 8x4MB) SWAP 0/3810MB (cached 0MB) CPU [40%@729,43%@729,37%@729,41%@729,44%@729,42%@729] GR3D_FREQ 49% cpu@48.875C soc2@47.25C soc0@48.437C gpu@49.125C tj@49.125C soc1@48.75C VDD_IN 8107mW/8005mW VDD_CPU_GPU_CV 2706mW/2738mW VDD_SOC 1913mW/1887mW
05-18-2026 01:41:17 RAM 3651/7620MB (lfb 8x4MB) SWAP 0/3810MB (cached 0MB) CPU [37%@729,38%@729,43%@729,36%@729,42%@729,40%@729] GR3D_FREQ 20% cpu@48.531C soc2@47.125C soc0@48.25C gpu@49.281C tj@49.281C soc1@48.687C VDD_IN 7987mW/8005mW VDD_CPU_GPU_CV 2667mW/2737mW VDD_SOC 1916mW/1887mW
05-18-2026 01:41:18 RAM 3651/7620MB (lfb 8x4MB) SWAP 0/3810MB (cached 0MB) CPU [38%@806,46%@806,47%@806,41%@806,43%@729,40%@729] GR3D_FREQ 66% cpu@48.531C soc2@47.25C soc0@48.312C gpu@49.343C tj@49.343C soc1@48.656C VDD_IN 8027mW/8005mW VDD_CPU_GPU_CV 2667mW/2737mW VDD_SOC 1913mW/1887mW
05-18-2026 01:41:19 RAM 3651/7620MB (lfb 8x4MB) SWAP 0/3810MB (cached 0MB) CPU [41%@960,45%@960,43%@960,39%@960,38%@729,37%@729] GR3D_FREQ 46% cpu@48.718C soc2@47.25C soc0@48.343C gpu@49.062C tj@49.062C soc1@48.718C VDD_IN 8067mW/8005mW VDD_CPU_GPU_CV 2706mW/2737mW VDD_SOC 1913mW/1887mW
05-18-2026 01:41:20 RAM 3651/7620MB (lfb 8x4MB) SWAP 0/3810MB (cached 0MB) CPU [35%@960,42%@960,39%@960,44%@960,43%@729,42%@729] GR3D_FREQ 48% cpu@48.468C soc2@47.187C soc0@48.437C gpu@49.156C tj@49.156C soc1@48.75C VDD_IN 8266mW/8006mW VDD_CPU_GPU_CV 2905mW/2738mW VDD_SOC 1913mW/1888mW
05-18-2026 01:41:21 RAM 3651/7620MB (lfb 8x4MB) SWAP 0/3810MB (cached 0MB) CPU [41%@1344,41%@1344,44%@1344,41%@1344,39%@729,36%@729] GR3D_FREQ 98% cpu@48.875C soc2@47.406C soc0@48.375C gpu@49.187C tj@49.187C soc1@48.843C VDD_IN 8107mW/8006mW VDD_CPU_GPU_CV 2826mW/2738mW VDD_SOC 1913mW/1888mW
05-18-2026 01:41:22 RAM 3651/7620MB (lfb 8x4MB) SWAP 0/3810MB (cached 0MB) CPU [36%@883,29%@883,41%@883,31%@883,46%@729,37%@729] GR3D_FREQ 69% cpu@48.5C soc2@47.468C soc0@48.406C gpu@49.468C tj@49.468C soc1@48.656C VDD_IN 8186mW/8007mW VDD_CPU_GPU_CV 2866mW/2738mW VDD_SOC 1913mW/1888mW
05-18-2026 01:41:23 RAM 3651/7620MB (lfb 8x4MB) SWAP 0/3810MB (cached 0MB) CPU [39%@729,41%@729,38%@729,31%@729,43%@729,39%@729] GR3D_FREQ 97% cpu@48.625C soc2@47.531C soc0@48.468C gpu@49.75C tj@49.75C soc1@48.75C VDD_IN 8452mW/8008mW VDD_CPU_GPU_CV 3025mW/2739mW VDD_SOC 1953mW/1888mW
05-18-2026 01:41:24 RAM 3651/7620MB (lfb 8x4MB) SWAP 0/3810MB (cached 0MB) CPU [34%@729,30%@729,34%@729,38%@729,41%@729,43%@729] GR3D_FREQ 72% cpu@48.625C soc2@47.25C soc0@48.531C gpu@49.218C tj@49.218C soc1@48.75C VDD_IN 8146mW/8009mW VDD_CPU_GPU_CV 2826mW/2740mW VDD_SOC 1913mW/1888mW
05-18-2026 01:41:25 RAM 3651/7620MB (lfb 8x4MB) SWAP 0/3810MB (cached 0MB) CPU [46%@729,41%@729,43%@729,39%@729,41%@729,42%@729] GR3D_FREQ 33% cpu@48.687C soc2@47.5C soc0@48.437C gpu@49.281C tj@49.281C soc1@48.843C VDD_IN 8266mW/8010mW VDD_CPU_GPU_CV 2866mW/2740mW VDD_SOC 1913mW/1888mW
05-18-2026 01:41:26 RAM 3651/7620MB (lfb 8x4MB) SWAP 0/3810MB (cached 0MB) CPU [40%@729,36%@729,37%@729,37%@729,45%@729,41%@729] GR3D_FREQ 27% cpu@48.531C soc2@47.437C soc0@48.312C gpu@49.25C tj@49.25C soc1@48.718C VDD_IN 7947mW/8009mW VDD_CPU_GPU_CV 2627mW/2740mW VDD_SOC 1916mW/1888mW
05-18-2026 01:41:27 RAM 3651/7620MB (lfb 8x4MB) SWAP 0/3810MB (cached 0MB) CPU [38%@729,42%@729,40%@729,35%@729,44%@729,40%@729] GR3D_FREQ 17% cpu@48.718C soc2@47.218C soc0@48.437C gpu@49.125C tj@49.125C soc1@48.75C VDD_IN 7947mW/8009mW VDD_CPU_GPU_CV 2627mW/2739mW VDD_SOC 1876mW/1888mW
05-18-2026 01:41:28 RAM 3651/7620MB (lfb 8x4MB) SWAP 0/3810MB (cached 0MB) CPU [43%@1344,41%@1344,39%@1344,40%@1344,40%@729,40%@729] GR3D_FREQ 98% cpu@49.093C soc2@47.437C soc0@48.531C gpu@49.218C tj@49.218C soc1@48.812C VDD_IN 8107mW/8010mW VDD_CPU_GPU_CV 2786mW/2739mW VDD_SOC 1913mW/1888mW
05-18-2026 01:41:29 RAM 3651/7620MB (lfb 8x4MB) SWAP 0/3810MB (cached 0MB) CPU [40%@1036,40%@1036,46%@1036,36%@1036,44%@729,41%@729] GR3D_FREQ 88% cpu@48.718C soc2@47.468C soc0@48.375C gpu@49.218C tj@49.218C soc1@48.718C VDD_IN 8186mW/8010mW VDD_CPU_GPU_CV 2866mW/2740mW VDD_SOC 1913mW/1888mW
05-18-2026 01:41:30 RAM 3651/7620MB (lfb 8x4MB) SWAP 0/3810MB (cached 0MB) CPU [50%@729,42%@729,39%@729,38%@729,37%@806,37%@806] GR3D_FREQ 91% cpu@48.843C soc2@47.593C soc0@48.531C gpu@49.468C tj@49.468C soc1@48.75C VDD_IN 8492mW/8012mW VDD_CPU_GPU_CV 3065mW/2741mW VDD_SOC 1953mW/1889mW
05-18-2026 01:41:31 RAM 3651/7620MB (lfb 8x4MB) SWAP 0/3810MB (cached 0MB) CPU [35%@729,41%@729,43%@729,38%@729,41%@729,43%@729] GR3D_FREQ 27% cpu@48.843C soc2@47.312C soc0@48.531C gpu@49.25C tj@49.125C soc1@48.812C VDD_IN 8027mW/8012mW VDD_CPU_GPU_CV 2786mW/2741mW VDD_SOC 1873mW/1888mW
05-18-2026 01:41:32 RAM 3651/7620MB (lfb 8x4MB) SWAP 0/3810MB (cached 0MB) CPU [48%@1113,43%@1113,37%@1113,38%@1113,43%@729,39%@729] GR3D_FREQ 64% cpu@48.687C soc2@47.468C soc0@48.437C gpu@49.281C tj@49.281C soc1@48.875C VDD_IN 8373mW/8013mW VDD_CPU_GPU_CV 2985mW/2742mW VDD_SOC 1953mW/1889mW
05-18-2026 01:41:33 RAM 3671/7620MB (lfb 6x4MB) SWAP 0/3810MB (cached 0MB) CPU [63%@1344,17%@1344,16%@1344,19%@1344,25%@729,16%@729] GR3D_FREQ 0% cpu@48.718C soc2@47.187C soc0@48.156C gpu@48.781C tj@48.781C soc1@48.75C VDD_IN 5840mW/8006mW VDD_CPU_GPU_CV 1437mW/2738mW VDD_SOC 1520mW/1888mW
05-18-2026 01:41:34 RAM 3661/7620MB (lfb 7x4MB) SWAP 0/3810MB (cached 0MB) CPU [100%@1344,0%@1344,1%@1344,0%@1344,0%@729,0%@729] GR3D_FREQ 0% cpu@48.406C soc2@46.968C soc0@48.187C gpu@48.625C tj@48.625C soc1@48.625C VDD_IN 5288mW/7997mW VDD_CPU_GPU_CV 920mW/2732mW VDD_SOC 1482mW/1886mW
05-18-2026 01:41:35 RAM 2936/7620MB (lfb 27x4MB) SWAP 0/3810MB (cached 0MB) CPU [40%@1267,6%@1267,4%@1267,3%@1267,36%@729,14%@729] GR3D_FREQ 0% cpu@48.187C soc2@46.875C soc0@48.062C gpu@48.5C tj@48.687C soc1@48.687C VDD_IN 5208mW/7988mW VDD_CPU_GPU_CV 1000mW/2726mW VDD_SOC 1442mW/1885mW
05-18-2026 01:41:36 RAM 1788/7620MB (lfb 67x4MB) SWAP 0/3810MB (cached 0MB) CPU [19%@1344,1%@1344,1%@1344,70%@1344,0%@729,0%@729] GR3D_FREQ 0% cpu@48.406C soc2@46.875C soc0@48.062C gpu@48.437C tj@48.531C soc1@48.531C VDD_IN 5016mW/7978mW VDD_CPU_GPU_CV 881mW/2720mW VDD_SOC 1444mW/1883mW
