05-13-2026 12:53:24 RAM 1742/7620MB (lfb 41x4MB) SWAP 0/3810MB (cached 0MB) CPU [15%@1344,100%@1344,13%@1344,14%@1344,13%@729,13%@729] GR3D_FREQ 0% cpu@41.875C soc2@40.406C soc0@41.5C gpu@42.437C tj@42.437C soc1@41.968C VDD_IN 5176mW/5176mW VDD_CPU_GPU_CV 1081mW/1081mW VDD_SOC 1402mW/1402mW
05-13-2026 12:53:25 RAM 1773/7620MB (lfb 41x4MB) SWAP 0/3810MB (cached 0MB) CPU [0%@1344,100%@1344,0%@1344,0%@1344,0%@729,0%@729] GR3D_FREQ 0% cpu@41.812C soc2@40.5C soc0@41.656C gpu@42.125C tj@42.125C soc1@41.937C VDD_IN 5128mW/5152mW VDD_CPU_GPU_CV 1000mW/1041mW VDD_SOC 1402mW/1402mW
05-13-2026 12:53:26 RAM 1793/7620MB (lfb 41x4MB) SWAP 0/3810MB (cached 0MB) CPU [0%@1344,100%@1344,0%@1344,0%@1344,0%@729,0%@729] GR3D_FREQ 0% cpu@42.031C soc2@40.343C soc0@41.75C gpu@42.187C tj@42.187C soc1@42.031C VDD_IN 5088mW/5131mW VDD_CPU_GPU_CV 1000mW/1027mW VDD_SOC 1402mW/1402mW
05-13-2026 12:53:27 RAM 1825/7620MB (lfb 41x4MB) SWAP 0/3810MB (cached 0MB) CPU [0%@1344,100%@1344,0%@1344,0%@1344,0%@729,0%@729] GR3D_FREQ 0% cpu@41.656C soc2@40.5C soc0@41.562C gpu@42.468C tj@42.468C soc1@42.218C VDD_IN 5128mW/5130mW VDD_CPU_GPU_CV 1000mW/1020mW VDD_SOC 1402mW/1402mW
05-13-2026 12:53:28 RAM 1842/7620MB (lfb 41x4MB) SWAP 0/3810MB (cached 0MB) CPU [0%@1344,100%@1344,0%@1344,0%@1344,0%@729,0%@729] GR3D_FREQ 0% cpu@41.781C soc2@40.468C soc0@41.625C gpu@42.468C tj@42.468C soc1@41.968C VDD_IN 5088mW/5122mW VDD_CPU_GPU_CV 960mW/1008mW VDD_SOC 1402mW/1402mW
05-13-2026 12:53:29 RAM 1927/7620MB (lfb 41x4MB) SWAP 0/3810MB (cached 0MB) CPU [14%@1344,100%@1344,14%@1344,14%@1344,15%@1344,16%@1344] GR3D_FREQ 0% cpu@42.593C soc2@40.656C soc0@41.687C gpu@42.5C tj@42.593C soc1@41.968C VDD_IN 5769mW/5230mW VDD_CPU_GPU_CV 1520mW/1094mW VDD_SOC 1442mW/1409mW
05-13-2026 12:53:30 RAM 2073/7620MB (lfb 39x4MB) SWAP 0/3810MB (cached 0MB) CPU [8%@729,62%@729,38%@729,6%@729,8%@729,8%@729] GR3D_FREQ 56% cpu@41.625C soc2@40.375C soc0@41.781C gpu@42.125C tj@42.125C soc1@42.093C VDD_IN 5216mW/5228mW VDD_CPU_GPU_CV 1001mW/1080mW VDD_SOC 1444mW/1414mW
05-13-2026 12:53:31 RAM 2388/7620MB (lfb 39x4MB) SWAP 0/3810MB (cached 0MB) CPU [0%@1344,0%@1344,99%@1344,0%@1344,0%@729,0%@729] GR3D_FREQ 3% cpu@42.125C soc2@40.468C soc0@41.593C gpu@42.281C tj@42.281C soc1@42.125C VDD_IN 5168mW/5220mW VDD_CPU_GPU_CV 1000mW/1070mW VDD_SOC 1442mW/1417mW
05-13-2026 12:53:32 RAM 2737/7620MB (lfb 39x4MB) SWAP 0/3810MB (cached 0MB) CPU [0%@1344,0%@1344,100%@1344,0%@1344,0%@729,0%@729] GR3D_FREQ 6% cpu@42.062C soc2@40.437C soc0@41.718C gpu@42.312C tj@42.312C soc1@42.062C VDD_IN 5208mW/5219mW VDD_CPU_GPU_CV 1000mW/1062mW VDD_SOC 1442mW/1420mW
05-13-2026 12:53:33 RAM 2941/7620MB (lfb 11x4MB) SWAP 0/3810MB (cached 0MB) CPU [1%@729,0%@729,58%@729,0%@729,0%@729,16%@729] GR3D_FREQ 68% cpu@41.906C soc2@40.656C soc0@41.781C gpu@42.5C tj@42.5C soc1@42C VDD_IN 5929mW/5290mW VDD_CPU_GPU_CV 1600mW/1116mW VDD_SOC 1482mW/1426mW
05-13-2026 12:53:34 RAM 2941/7620MB (lfb 11x4MB) SWAP 0/3810MB (cached 0MB) CPU [2%@729,8%@729,28%@729,0%@729,2%@729,36%@729] GR3D_FREQ 53% cpu@41.875C soc2@40.593C soc0@41.843C gpu@42.437C tj@42.437C soc1@42.125C VDD_IN 5889mW/5344mW VDD_CPU_GPU_CV 1560mW/1157mW VDD_SOC 1482mW/1431mW
05-13-2026 12:53:35 RAM 2942/7620MB (lfb 11x4MB) SWAP 0/3810MB (cached 0MB) CPU [0%@729,30%@729,0%@729,0%@729,26%@729,26%@729] GR3D_FREQ 65% cpu@41.718C soc2@40.625C soc0@41.968C gpu@42.5C tj@42.343C soc1@42.218C VDD_IN 5929mW/5393mW VDD_CPU_GPU_CV 1520mW/1187mW VDD_SOC 1522mW/1439mW
05-13-2026 12:53:36 RAM 2942/7620MB (lfb 11x4MB) SWAP 0/3810MB (cached 0MB) CPU [1%@729,20%@729,0%@729,7%@729,40%@729,13%@729] GR3D_FREQ 60% cpu@41.781C soc2@40.531C soc0@41.75C gpu@42.312C tj@42.375C soc1@42.375C VDD_IN 5528mW/5403mW VDD_CPU_GPU_CV 1280mW/1194mW VDD_SOC 1442mW/1439mW
05-13-2026 12:53:37 RAM 2942/7620MB (lfb 11x4MB) SWAP 0/3810MB (cached 0MB) CPU [1%@729,0%@729,0%@729,25%@729,0%@729,53%@729] GR3D_FREQ 76% cpu@41.875C soc2@40.656C soc0@41.875C gpu@42.312C tj@42.312C soc1@42.093C VDD_IN 5488mW/5409mW VDD_CPU_GPU_CV 1240mW/1197mW VDD_SOC 1442mW/1439mW
05-13-2026 12:53:38 RAM 2945/7620MB (lfb 10x4MB) SWAP 0/3810MB (cached 0MB) CPU [0%@729,0%@729,0%@729,28%@729,35%@729,12%@729] GR3D_FREQ 61% cpu@42.031C soc2@40.718C soc0@41.843C gpu@42.343C tj@42.343C soc1@42.218C VDD_IN 5568mW/5420mW VDD_CPU_GPU_CV 1200mW/1197mW VDD_SOC 1482mW/1442mW
05-13-2026 12:53:39 RAM 2951/7620MB (lfb 11x4MB) SWAP 0/3810MB (cached 0MB) CPU [1%@729,0%@729,0%@729,26%@729,20%@729,44%@729] GR3D_FREQ 54% cpu@41.906C soc2@40.625C soc0@41.875C gpu@42.468C tj@42.468C soc1@42.218C VDD_IN 5337mW/5415mW VDD_CPU_GPU_CV 1200mW/1198mW VDD_SOC 1442mW/1442mW
05-13-2026 12:53:40 RAM 2951/7620MB (lfb 11x4MB) SWAP 0/3810MB (cached 0MB) CPU [6%@729,0%@729,0%@729,28%@729,4%@883,66%@883] GR3D_FREQ 31% cpu@41.781C soc2@40.562C soc0@41.718C gpu@42.468C tj@42.468C soc1@42.281C VDD_IN 5208mW/5403mW VDD_CPU_GPU_CV 1080mW/1191mW VDD_SOC 1442mW/1442mW
05-13-2026 12:53:41 RAM 2951/7620MB (lfb 11x4MB) SWAP 0/3810MB (cached 0MB) CPU [24%@729,1%@729,0%@729,3%@729,17%@729,37%@729] GR3D_FREQ 58% cpu@41.781C soc2@40.625C soc0@41.843C gpu@42.562C tj@42.562C soc1@42.187C VDD_IN 5328mW/5399mW VDD_CPU_GPU_CV 1200mW/1191mW VDD_SOC 1442mW/1442mW
05-13-2026 12:53:42 RAM 2952/7620MB (lfb 11x4MB) SWAP 0/3810MB (cached 0MB) CPU [50%@960,13%@960,0%@960,11%@960,37%@729,0%@729] GR3D_FREQ 37% cpu@41.968C soc2@40.656C soc0@41.937C gpu@42.531C tj@42.531C soc1@42.187C VDD_IN 5256mW/5391mW VDD_CPU_GPU_CV 1040mW/1183mW VDD_SOC 1442mW/1442mW
05-13-2026 12:53:43 RAM 2953/7620MB (lfb 11x4MB) SWAP 0/3810MB (cached 0MB) CPU [27%@729,34%@729,5%@729,1%@729,42%@729,0%@729] GR3D_FREQ 74% cpu@42.062C soc2@40.656C soc0@41.937C gpu@42.437C tj@42.437C soc1@42.312C VDD_IN 5408mW/5392mW VDD_CPU_GPU_CV 1200mW/1184mW VDD_SOC 1442mW/1442mW
05-13-2026 12:53:44 RAM 2953/7620MB (lfb 11x4MB) SWAP 0/3810MB (cached 0MB) CPU [58%@806,1%@806,0%@806,0%@806,27%@729,0%@729] GR3D_FREQ 36% cpu@41.875C soc2@40.687C soc0@42.031C gpu@42.406C tj@42.406C soc1@42.312C VDD_IN 5256mW/5385mW VDD_CPU_GPU_CV 1120mW/1181mW VDD_SOC 1442mW/1442mW
05-13-2026 12:53:45 RAM 2953/7620MB (lfb 11x4MB) SWAP 0/3810MB (cached 0MB) CPU [46%@729,3%@729,4%@729,1%@729,27%@729,0%@729] GR3D_FREQ 54% cpu@41.875C soc2@40.718C soc0@41.875C gpu@42.375C tj@42.437C soc1@42.437C VDD_IN 5448mW/5388mW VDD_CPU_GPU_CV 1200mW/1182mW VDD_SOC 1442mW/1442mW
05-13-2026 12:53:46 RAM 2953/7620MB (lfb 11x4MB) SWAP 0/3810MB (cached 0MB) CPU [32%@729,0%@729,28%@729,0%@729,31%@729,0%@729] GR3D_FREQ 56% cpu@42.125C soc2@40.718C soc0@41.937C gpu@42.468C tj@42.468C soc1@42.25C VDD_IN 5328mW/5386mW VDD_CPU_GPU_CV 1160mW/1181mW VDD_SOC 1442mW/1442mW
05-13-2026 12:53:47 RAM 2953/7620MB (lfb 11x4MB) SWAP 0/3810MB (cached 0MB) CPU [62%@960,0%@960,0%@960,7%@960,30%@729,0%@729] GR3D_FREQ 25% cpu@41.968C soc2@40.625C soc0@41.906C gpu@42.593C tj@42.593C soc1@42.156C VDD_IN 5216mW/5379mW VDD_CPU_GPU_CV 1001mW/1173mW VDD_SOC 1444mW/1442mW
05-13-2026 12:53:48 RAM 2956/7620MB (lfb 10x4MB) SWAP 0/3810MB (cached 0MB) CPU [45%@729,0%@729,0%@729,0%@729,22%@729,0%@729] GR3D_FREQ 53% cpu@42.218C soc2@40.656C soc0@42.125C gpu@42.656C tj@42.656C soc1@42.343C VDD_IN 5608mW/5388mW VDD_CPU_GPU_CV 1160mW/1173mW VDD_SOC 1522mW/1445mW
05-13-2026 12:53:49 RAM 2956/7620MB (lfb 10x4MB) SWAP 0/3810MB (cached 0MB) CPU [15%@1036,61%@1036,0%@1036,1%@1036,37%@729,0%@729] GR3D_FREQ 36% cpu@41.968C soc2@40.593C soc0@41.937C gpu@42.656C tj@42.656C soc1@42.5C VDD_IN 5256mW/5383mW VDD_CPU_GPU_CV 1001mW/1166mW VDD_SOC 1482mW/1447mW
05-13-2026 12:53:50 RAM 2956/7620MB (lfb 10x4MB) SWAP 0/3810MB (cached 0MB) CPU [10%@729,46%@729,0%@729,0%@729,27%@729,0%@729] GR3D_FREQ 42% cpu@41.968C soc2@40.781C soc0@41.968C gpu@42.531C tj@42.531C soc1@42.218C VDD_IN 5608mW/5391mW VDD_CPU_GPU_CV 1240mW/1169mW VDD_SOC 1482mW/1448mW
05-13-2026 12:53:51 RAM 2956/7620MB (lfb 10x4MB) SWAP 0/3810MB (cached 0MB) CPU [2%@729,0%@729,53%@729,1%@729,31%@729,0%@729] GR3D_FREQ 59% cpu@42.093C soc2@40.781C soc0@42.125C gpu@42.531C tj@42.531C soc1@42.312C VDD_IN 5497mW/5395mW VDD_CPU_GPU_CV 1160mW/1169mW VDD_SOC 1482mW/1449mW
05-13-2026 12:53:52 RAM 2956/7620MB (lfb 10x4MB) SWAP 0/3810MB (cached 0MB) CPU [29%@729,7%@729,16%@729,3%@729,24%@729,0%@729] GR3D_FREQ 37% cpu@41.906C soc2@40.687C soc0@42.156C gpu@42.531C tj@42.531C soc1@42.375C VDD_IN 5457mW/5397mW VDD_CPU_GPU_CV 1081mW/1166mW VDD_SOC 1482mW/1450mW
05-13-2026 12:53:53 RAM 2961/7620MB (lfb 11x4MB) SWAP 0/3810MB (cached 0MB) CPU [43%@806,1%@806,11%@806,7%@806,43%@729,0%@729] GR3D_FREQ 25% cpu@42C soc2@40.781C soc0@42C gpu@42.593C tj@42.593C soc1@42.437C VDD_IN 5689mW/5407mW VDD_CPU_GPU_CV 1120mW/1164mW VDD_SOC 1562mW/1454mW
05-13-2026 12:53:54 RAM 2997/7620MB (lfb 10x4MB) SWAP 0/3810MB (cached 0MB) CPU [28%@729,31%@729,0%@729,1%@729,39%@729,0%@729] GR3D_FREQ 20% cpu@42.093C soc2@40.75C soc0@42C gpu@42.812C tj@42.812C soc1@42.312C VDD_IN 5729mW/5417mW VDD_CPU_GPU_CV 1120mW/1163mW VDD_SOC 1562mW/1458mW
05-13-2026 12:53:55 RAM 2997/7620MB (lfb 10x4MB) SWAP 0/3810MB (cached 0MB) CPU [18%@729,6%@729,20%@729,0%@729,49%@729,0%@729] GR3D_FREQ 64% cpu@42.187C soc2@40.968C soc0@42.062C gpu@42.937C tj@42.937C soc1@42.375C VDD_IN 5929mW/5433mW VDD_CPU_GPU_CV 1200mW/1164mW VDD_SOC 1602mW/1462mW
05-13-2026 12:53:56 RAM 2997/7620MB (lfb 10x4MB) SWAP 0/3810MB (cached 0MB) CPU [51%@806,14%@806,0%@806,0%@806,50%@729,0%@729] GR3D_FREQ 30% cpu@42.218C soc2@40.75C soc0@42.187C gpu@42.968C tj@42.968C soc1@42.375C VDD_IN 5649mW/5440mW VDD_CPU_GPU_CV 1080mW/1161mW VDD_SOC 1562mW/1465mW
05-13-2026 12:53:57 RAM 3001/7620MB (lfb 11x4MB) SWAP 0/3810MB (cached 0MB) CPU [27%@729,13%@729,7%@729,1%@729,42%@729,14%@729] GR3D_FREQ 73% cpu@42C soc2@41C soc0@42.031C gpu@42.656C tj@42.656C soc1@42.5C VDD_IN 5729mW/5448mW VDD_CPU_GPU_CV 1200mW/1163mW VDD_SOC 1562mW/1468mW
05-13-2026 12:53:58 RAM 3001/7620MB (lfb 11x4MB) SWAP 0/3810MB (cached 0MB) CPU [2%@729,45%@729,1%@729,0%@729,54%@729,0%@729] GR3D_FREQ 55% cpu@42.093C soc2@40.937C soc0@42.187C gpu@42.781C tj@42.781C soc1@42.343C VDD_IN 6290mW/5472mW VDD_CPU_GPU_CV 1397mW/1169mW VDD_SOC 1640mW/1473mW
05-13-2026 12:53:59 RAM 3001/7620MB (lfb 11x4MB) SWAP 0/3810MB (cached 0MB) CPU [50%@729,8%@729,1%@729,0%@729,51%@729,0%@729] GR3D_FREQ 71% cpu@42.218C soc2@40.906C soc0@42.093C gpu@42.75C tj@42.75C soc1@42.375C VDD_IN 6169mW/5492mW VDD_CPU_GPU_CV 1357mW/1174mW VDD_SOC 1600mW/1476mW
05-13-2026 12:54:00 RAM 3001/7620MB (lfb 11x4MB) SWAP 0/3810MB (cached 0MB) CPU [18%@729,38%@729,0%@729,0%@729,55%@729,0%@729] GR3D_FREQ 65% cpu@42.437C soc2@40.906C soc0@42.187C gpu@42.718C tj@42.625C soc1@42.625C VDD_IN 6169mW/5510mW VDD_CPU_GPU_CV 1277mW/1177mW VDD_SOC 1640mW/1481mW
05-13-2026 12:54:01 RAM 3018/7620MB (lfb 7x4MB) SWAP 0/3810MB (cached 0MB) CPU [31%@1344,54%@1344,1%@1344,2%@1344,16%@729,0%@729] GR3D_FREQ 0% cpu@42.312C soc2@40.906C soc0@42.25C gpu@42.593C tj@42.593C soc1@42.593C VDD_IN 5337mW/5505mW VDD_CPU_GPU_CV 1040mW/1174mW VDD_SOC 1482mW/1481mW
05-13-2026 12:54:02 RAM 3050/7620MB (lfb 4x4MB) SWAP 0/3810MB (cached 0MB) CPU [33%@729,0%@729,2%@729,0%@729,51%@729,11%@729] GR3D_FREQ 69% cpu@42.156C soc2@40.875C soc0@42.093C gpu@42.625C tj@42.718C soc1@42.718C VDD_IN 5617mW/5508mW VDD_CPU_GPU_CV 1160mW/1173mW VDD_SOC 1522mW/1482mW
05-13-2026 12:54:03 RAM 3066/7620MB (lfb 4x4MB) SWAP 0/3810MB (cached 0MB) CPU [10%@729,3%@729,0%@729,1%@729,0%@1344,86%@1344] GR3D_FREQ 0% cpu@42.437C soc2@40.937C soc0@42.156C gpu@42.625C tj@42.625C soc1@42.468C VDD_IN 5176mW/5500mW VDD_CPU_GPU_CV 1041mW/1170mW VDD_SOC 1444mW/1481mW
05-13-2026 12:54:04 RAM 3066/7620MB (lfb 4x4MB) SWAP 0/3810MB (cached 0MB) CPU [10%@1113,0%@1113,1%@1113,1%@1113,1%@1344,90%@1344] GR3D_FREQ 1% cpu@42.25C soc2@40.781C soc0@42.218C gpu@42.718C tj@42.718C soc1@42.5C VDD_IN 5136mW/5491mW VDD_CPU_GPU_CV 1001mW/1166mW VDD_SOC 1404mW/1479mW
05-13-2026 12:54:05 RAM 3067/7620MB (lfb 4x4MB) SWAP 0/3810MB (cached 0MB) CPU [13%@729,0%@729,0%@729,0%@729,3%@1344,87%@1344] GR3D_FREQ 0% cpu@42.25C soc2@40.875C soc0@42.062C gpu@42.718C tj@42.718C soc1@42.718C VDD_IN 5136mW/5483mW VDD_CPU_GPU_CV 1041mW/1163mW VDD_SOC 1404mW/1477mW
05-13-2026 12:54:06 RAM 3067/7620MB (lfb 4x4MB) SWAP 0/3810MB (cached 0MB) CPU [2%@729,10%@729,1%@729,1%@729,0%@1344,92%@1344] GR3D_FREQ 7% cpu@42.281C soc2@40.968C soc0@42.093C gpu@42.843C tj@42.718C soc1@42.718C VDD_IN 5176mW/5475mW VDD_CPU_GPU_CV 1081mW/1161mW VDD_SOC 1402mW/1476mW
05-13-2026 12:54:07 RAM 3075/7620MB (lfb 4x4MB) SWAP 0/3810MB (cached 0MB) CPU [1%@729,19%@729,0%@729,1%@729,39%@1344,55%@1344] GR3D_FREQ 0% cpu@42.406C soc2@40.968C soc0@42.125C gpu@42.656C tj@42.656C soc1@42.562C VDD_IN 5288mW/5471mW VDD_CPU_GPU_CV 1120mW/1160mW VDD_SOC 1442mW/1475mW
05-13-2026 12:54:08 RAM 3078/7620MB (lfb 5x4MB) SWAP 0/3810MB (cached 0MB) CPU [1%@729,0%@729,0%@729,0%@729,100%@1344,0%@1344] GR3D_FREQ 0% cpu@42.593C soc2@40.843C soc0@42.093C gpu@42.656C tj@42.656C soc1@42.531C VDD_IN 5056mW/5462mW VDD_CPU_GPU_CV 1001mW/1156mW VDD_SOC 1404mW/1473mW
05-13-2026 12:54:09 RAM 3102/7620MB (lfb 5x4MB) SWAP 0/3810MB (cached 0MB) CPU [0%@729,35%@729,1%@729,0%@729,97%@1344,0%@1344] GR3D_FREQ 0% cpu@42.25C soc2@40.875C soc0@42.125C gpu@42.562C tj@42.781C soc1@42.656C VDD_IN 5328mW/5459mW VDD_CPU_GPU_CV 1080mW/1155mW VDD_SOC 1482mW/1473mW
05-13-2026 12:54:10 RAM 3114/7620MB (lfb 6x4MB) SWAP 0/3810MB (cached 0MB) CPU [1%@1113,80%@1113,0%@1113,3%@1113,18%@1113,57%@1113] GR3D_FREQ 10% cpu@42.343C soc2@41C soc0@42.156C gpu@42.906C tj@42.906C soc1@42.781C VDD_IN 6049mW/5472mW VDD_CPU_GPU_CV 1277mW/1157mW VDD_SOC 1640mW/1477mW
05-13-2026 12:54:11 RAM 3074/7620MB (lfb 12x4MB) SWAP 0/3810MB (cached 0MB) CPU [30%@1036,24%@1036,0%@1036,1%@1036,1%@729,48%@729] GR3D_FREQ 96% cpu@42.75C soc2@42.125C soc0@42.625C gpu@43.718C tj@43.718C soc1@42.593C VDD_IN 10549mW/5577mW VDD_CPU_GPU_CV 4602mW/1229mW VDD_SOC 2106mW/1490mW
05-13-2026 12:54:12 RAM 3074/7620MB (lfb 12x4MB) SWAP 0/3810MB (cached 0MB) CPU [13%@1267,66%@1267,0%@1267,0%@1267,0%@729,0%@729] GR3D_FREQ 97% cpu@43.25C soc2@43C soc0@43.343C gpu@44.437C tj@44.437C soc1@42.968C VDD_IN 15108mW/5772mW VDD_CPU_GPU_CV 6966mW/1346mW VDD_SOC 3672mW/1535mW
05-13-2026 12:54:13 RAM 3074/7620MB (lfb 12x4MB) SWAP 0/3810MB (cached 0MB) CPU [2%@1190,68%@1190,0%@1190,8%@1190,0%@729,0%@729] GR3D_FREQ 97% cpu@44.093C soc2@43.312C soc0@43.75C gpu@44.906C tj@44.906C soc1@43.375C VDD_IN 15558mW/5968mW VDD_CPU_GPU_CV 7191mW/1463mW VDD_SOC 3824mW/1580mW
05-13-2026 12:54:14 RAM 2093/7620MB (lfb 40x4MB) SWAP 0/3810MB (cached 0MB) CPU [4%@1344,60%@1344,0%@1344,15%@1344,0%@729,9%@729] GR3D_FREQ 0% cpu@43.718C soc2@42.531C soc0@43.5C gpu@44.437C tj@44.437C soc1@43.593C VDD_IN 10907mW/6064mW VDD_CPU_GPU_CV 4199mW/1517mW VDD_SOC 3060mW/1609mW
05-13-2026 12:54:15 RAM 2138/7620MB (lfb 40x4MB) SWAP 0/3810MB (cached 0MB) CPU [27%@1190,29%@1190,24%@1190,0%@1190,0%@729,0%@729] GR3D_FREQ 97% cpu@44.375C soc2@43.75C soc0@44.062C gpu@45.281C tj@45.281C soc1@43.906C VDD_IN 14950mW/6235mW VDD_CPU_GPU_CV 6769mW/1618mW VDD_SOC 3751mW/1651mW
05-13-2026 12:54:16 RAM 2138/7620MB (lfb 40x4MB) SWAP 0/3810MB (cached 0MB) CPU [2%@1190,0%@1190,77%@1190,0%@1190,0%@729,0%@729] GR3D_FREQ 97% cpu@44.781C soc2@44.062C soc0@44.281C gpu@45.406C tj@45.406C soc1@43.812C VDD_IN 15558mW/6411mW VDD_CPU_GPU_CV 7151mW/1722mW VDD_SOC 3869mW/1692mW
05-13-2026 12:54:17 RAM 2138/7620MB (lfb 40x4MB) SWAP 0/3810MB (cached 0MB) CPU [2%@1190,1%@1190,78%@1190,0%@1190,0%@729,0%@729] GR3D_FREQ 97% cpu@44.968C soc2@44.25C soc0@44.531C gpu@45.593C tj@45.593C soc1@43.937C VDD_IN 15597mW/6581mW VDD_CPU_GPU_CV 7191mW/1823mW VDD_SOC 3869mW/1733mW
05-13-2026 12:54:18 RAM 2062/7620MB (lfb 41x4MB) SWAP 0/3810MB (cached 0MB) CPU [7%@1344,8%@1344,39%@1344,35%@1344,0%@729,0%@729] GR3D_FREQ 0% cpu@44.656C soc2@43.187C soc0@44.25C gpu@44.906C tj@44.906C soc1@44.218C VDD_IN 9872mW/6641mW VDD_CPU_GPU_CV 3412mW/1852mW VDD_SOC 2945mW/1755mW
05-13-2026 12:54:19 RAM 1679/7620MB (lfb 40x4MB) SWAP 0/3810MB (cached 0MB) CPU [1%@729,0%@729,0%@729,94%@729,6%@883,0%@883] GR3D_FREQ 0% cpu@43.687C soc2@42.562C soc0@43.812C gpu@44.375C tj@44.375C soc1@44.031C VDD_IN 5649mW/6623mW VDD_CPU_GPU_CV 1080mW/1839mW VDD_SOC 1642mW/1753mW
