05-15-2026 22:28:42 RAM 1384/7620MB (lfb 28x4MB) SWAP 0/3810MB (cached 0MB) CPU [15%@1344,14%@1344,13%@1344,100%@1344,14%@806,43%@806] GR3D_FREQ 0% cpu@37.875C soc2@36.25C soc0@37.656C gpu@38.343C tj@38.343C soc1@37.968C VDD_IN 5337mW/5337mW VDD_CPU_GPU_CV 1200mW/1200mW VDD_SOC 1402mW/1402mW
05-15-2026 22:28:43 RAM 1421/7620MB (lfb 28x4MB) SWAP 0/3810MB (cached 0MB) CPU [0%@1344,1%@1344,0%@1344,100%@1344,0%@729,1%@729] GR3D_FREQ 0% cpu@37.437C soc2@36.187C soc0@37.562C gpu@38.375C tj@38.375C soc1@38C VDD_IN 5136mW/5237mW VDD_CPU_GPU_CV 1001mW/1101mW VDD_SOC 1402mW/1402mW
05-15-2026 22:28:44 RAM 1440/7620MB (lfb 28x4MB) SWAP 0/3810MB (cached 0MB) CPU [0%@1344,0%@1344,0%@1344,100%@1344,0%@729,1%@729] GR3D_FREQ 0% cpu@37.5C soc2@36.312C soc0@37.562C gpu@38.375C tj@38.375C soc1@37.843C VDD_IN 5056mW/5176mW VDD_CPU_GPU_CV 1001mW/1067mW VDD_SOC 1402mW/1402mW
05-15-2026 22:28:45 RAM 1454/7620MB (lfb 28x4MB) SWAP 0/3810MB (cached 0MB) CPU [0%@1344,0%@1344,0%@1344,100%@1344,0%@729,1%@729] GR3D_FREQ 0% cpu@37.531C soc2@36.25C soc0@37.562C gpu@38.062C tj@38.062C soc1@37.906C VDD_IN 5088mW/5154mW VDD_CPU_GPU_CV 1000mW/1051mW VDD_SOC 1402mW/1402mW
05-15-2026 22:28:46 RAM 1487/7620MB (lfb 28x4MB) SWAP 0/3810MB (cached 0MB) CPU [1%@1344,0%@1344,0%@1344,100%@1344,0%@729,1%@729] GR3D_FREQ 0% cpu@37.593C soc2@36.187C soc0@37.687C gpu@37.968C tj@37.968C soc1@38C VDD_IN 5096mW/5143mW VDD_CPU_GPU_CV 961mW/1033mW VDD_SOC 1402mW/1402mW
05-15-2026 22:28:47 RAM 1506/7620MB (lfb 28x4MB) SWAP 0/3810MB (cached 0MB) CPU [0%@1344,0%@1344,0%@1344,100%@1344,0%@729,1%@729] GR3D_FREQ 0% cpu@37.843C soc2@36.218C soc0@37.687C gpu@38.125C tj@38.125C soc1@38C VDD_IN 5056mW/5128mW VDD_CPU_GPU_CV 1001mW/1027mW VDD_SOC 1404mW/1402mW
05-15-2026 22:28:48 RAM 1572/7620MB (lfb 18x4MB) SWAP 0/3810MB (cached 0MB) CPU [0%@1344,39%@1344,0%@1344,43%@1344,0%@729,0%@729] GR3D_FREQ 3% cpu@37.375C soc2@36.312C soc0@37.562C gpu@38.187C tj@38.187C soc1@38.093C VDD_IN 4983mW/5107mW VDD_CPU_GPU_CV 921mW/1012mW VDD_SOC 1404mW/1403mW
05-15-2026 22:28:49 RAM 1797/7620MB (lfb 4x4MB) SWAP 0/3810MB (cached 0MB) CPU [6%@729,71%@729,7%@729,15%@729,10%@729,0%@729] GR3D_FREQ 47% cpu@37.687C soc2@36.468C soc0@37.718C gpu@38.375C tj@38.375C soc1@37.937C VDD_IN 6129mW/5235mW VDD_CPU_GPU_CV 1520mW/1076mW VDD_SOC 1602mW/1428mW
05-15-2026 22:28:50 RAM 1797/7620MB (lfb 4x4MB) SWAP 0/3810MB (cached 0MB) CPU [11%@729,2%@729,20%@729,61%@729,50%@729,0%@729] GR3D_FREQ 19% cpu@37.812C soc2@36.562C soc0@37.843C gpu@38.281C tj@38.281C soc1@38.031C VDD_IN 6730mW/5401mW VDD_CPU_GPU_CV 1800mW/1156mW VDD_SOC 1722mW/1460mW
05-15-2026 22:28:51 RAM 1797/7620MB (lfb 4x4MB) SWAP 0/3810MB (cached 0MB) CPU [12%@729,14%@729,18%@729,16%@729,47%@729,34%@729] GR3D_FREQ 96% cpu@37.562C soc2@36.593C soc0@37.937C gpu@38.281C tj@38.281C soc1@38.093C VDD_IN 6891mW/5550mW VDD_CPU_GPU_CV 1880mW/1229mW VDD_SOC 1762mW/1490mW
05-15-2026 22:28:52 RAM 1797/7620MB (lfb 4x4MB) SWAP 0/3810MB (cached 0MB) CPU [10%@729,22%@729,0%@729,13%@729,48%@729,50%@729] GR3D_FREQ 5% cpu@37.906C soc2@36.593C soc0@37.875C gpu@38.531C tj@38.531C soc1@38.187C VDD_IN 6850mW/5668mW VDD_CPU_GPU_CV 1880mW/1288mW VDD_SOC 1762mW/1515mW
05-15-2026 22:28:53 RAM 1798/7620MB (lfb 4x4MB) SWAP 0/3810MB (cached 0MB) CPU [12%@729,22%@729,1%@729,12%@729,47%@729,46%@729] GR3D_FREQ 51% cpu@37.656C soc2@36.687C soc0@37.875C gpu@38.531C tj@38.531C soc1@38.093C VDD_IN 6850mW/5767mW VDD_CPU_GPU_CV 1880mW/1337mW VDD_SOC 1762mW/1536mW
05-15-2026 22:28:54 RAM 1798/7620MB (lfb 4x4MB) SWAP 0/3810MB (cached 0MB) CPU [6%@729,4%@729,23%@729,14%@729,49%@729,50%@729] GR3D_FREQ 44% cpu@37.906C soc2@36.687C soc0@37.968C gpu@38.625C tj@38.625C soc1@38.156C VDD_IN 6891mW/5853mW VDD_CPU_GPU_CV 1920mW/1382mW VDD_SOC 1762mW/1553mW
05-15-2026 22:28:55 RAM 1798/7620MB (lfb 4x4MB) SWAP 0/3810MB (cached 0MB) CPU [3%@729,13%@729,18%@729,15%@729,47%@729,47%@729] GR3D_FREQ 15% cpu@37.906C soc2@36.75C soc0@38.062C gpu@38.468C tj@38.468C soc1@38.187C VDD_IN 6850mW/5925mW VDD_CPU_GPU_CV 1880mW/1418mW VDD_SOC 1762mW/1568mW
05-15-2026 22:28:56 RAM 1798/7620MB (lfb 4x4MB) SWAP 0/3810MB (cached 0MB) CPU [0%@729,22%@729,12%@729,12%@729,49%@729,49%@729] GR3D_FREQ 97% cpu@37.812C soc2@36.781C soc0@37.968C gpu@38.531C tj@38.531C soc1@38.437C VDD_IN 6850mW/5986mW VDD_CPU_GPU_CV 1920mW/1451mW VDD_SOC 1762mW/1581mW
05-15-2026 22:28:57 RAM 1798/7620MB (lfb 4x4MB) SWAP 0/3810MB (cached 0MB) CPU [1%@1344,21%@1344,13%@1344,12%@1344,50%@729,50%@729] GR3D_FREQ 96% cpu@37.843C soc2@36.843C soc0@38.062C gpu@38.75C tj@38.75C soc1@38.218C VDD_IN 6931mW/6045mW VDD_CPU_GPU_CV 1920mW/1480mW VDD_SOC 1762mW/1592mW
05-15-2026 22:28:58 RAM 1798/7620MB (lfb 4x4MB) SWAP 0/3810MB (cached 0MB) CPU [5%@1344,22%@1344,17%@1344,12%@1344,41%@729,49%@729] GR3D_FREQ 42% cpu@38.062C soc2@36.906C soc0@38.187C gpu@38.781C tj@38.781C soc1@38.281C VDD_IN 6850mW/6093mW VDD_CPU_GPU_CV 1880mW/1504mW VDD_SOC 1762mW/1602mW
05-15-2026 22:28:59 RAM 1798/7620MB (lfb 4x4MB) SWAP 0/3810MB (cached 0MB) CPU [0%@729,22%@729,62%@729,12%@729,0%@729,50%@729] GR3D_FREQ 1% cpu@38.031C soc2@36.906C soc0@38C gpu@38.875C tj@38.625C soc1@38.312C VDD_IN 6810mW/6132mW VDD_CPU_GPU_CV 1880mW/1525mW VDD_SOC 1762mW/1611mW
05-15-2026 22:29:00 RAM 1798/7620MB (lfb 4x4MB) SWAP 0/3810MB (cached 0MB) CPU [1%@729,21%@729,34%@729,39%@729,50%@729,0%@729] GR3D_FREQ 19% cpu@37.937C soc2@36.937C soc0@38.125C gpu@38.625C tj@38.625C soc1@38.25C VDD_IN 6810mW/6168mW VDD_CPU_GPU_CV 1880mW/1543mW VDD_SOC 1762mW/1619mW
05-15-2026 22:29:01 RAM 1798/7620MB (lfb 4x4MB) SWAP 0/3810MB (cached 0MB) CPU [1%@729,22%@729,40%@729,35%@729,25%@729,25%@729] GR3D_FREQ 44% cpu@38.125C soc2@37C soc0@38.218C gpu@38.687C tj@38.687C soc1@38.312C VDD_IN 6810mW/6200mW VDD_CPU_GPU_CV 1880mW/1560mW VDD_SOC 1762mW/1626mW
05-15-2026 22:29:03 RAM 1799/7620MB (lfb 4x4MB) SWAP 0/3810MB (cached 0MB) CPU [26%@729,21%@729,13%@729,37%@729,0%@729,48%@729] GR3D_FREQ 25% cpu@38.187C soc2@37.062C soc0@38.25C gpu@38.937C tj@38.937C soc1@38.343C VDD_IN 6891mW/6233mW VDD_CPU_GPU_CV 1880mW/1575mW VDD_SOC 1762mW/1633mW
05-15-2026 22:29:04 RAM 1799/7620MB (lfb 4x4MB) SWAP 0/3810MB (cached 0MB) CPU [41%@729,29%@729,7%@729,15%@729,0%@729,50%@729] GR3D_FREQ 89% cpu@37.968C soc2@37.031C soc0@38.187C gpu@39C tj@39C soc1@38.562C VDD_IN 6850mW/6261mW VDD_CPU_GPU_CV 1880mW/1589mW VDD_SOC 1762mW/1639mW
05-15-2026 22:29:05 RAM 1799/7620MB (lfb 4x4MB) SWAP 0/3810MB (cached 0MB) CPU [21%@729,41%@729,20%@729,7%@729,22%@729,29%@729] GR3D_FREQ 73% cpu@38.093C soc2@37.031C soc0@38.343C gpu@39.093C tj@39.093C soc1@38.437C VDD_IN 6850mW/6287mW VDD_CPU_GPU_CV 1880mW/1602mW VDD_SOC 1762mW/1644mW
05-15-2026 22:29:06 RAM 1799/7620MB (lfb 4x4MB) SWAP 0/3810MB (cached 0MB) CPU [24%@729,16%@729,47%@729,11%@729,48%@729,0%@729] GR3D_FREQ 94% cpu@38.25C soc2@37.156C soc0@38.375C gpu@38.875C tj@38.875C soc1@38.5C VDD_IN 6810mW/6309mW VDD_CPU_GPU_CV 1840mW/1612mW VDD_SOC 1762mW/1649mW
05-15-2026 22:29:07 RAM 1799/7620MB (lfb 4x4MB) SWAP 0/3810MB (cached 0MB) CPU [14%@729,5%@729,19%@729,12%@729,48%@729,49%@729] GR3D_FREQ 36% cpu@38.406C soc2@37.125C soc0@38.468C gpu@38.906C tj@38.906C soc1@38.625C VDD_IN 6931mW/6333mW VDD_CPU_GPU_CV 1920mW/1624mW VDD_SOC 1762mW/1653mW
05-15-2026 22:29:08 RAM 1799/7620MB (lfb 4x4MB) SWAP 0/3810MB (cached 0MB) CPU [12%@729,1%@729,21%@729,12%@729,47%@729,49%@729] GR3D_FREQ 44% cpu@38.312C soc2@37.125C soc0@38.312C gpu@38.968C tj@38.968C soc1@38.656C VDD_IN 6891mW/6355mW VDD_CPU_GPU_CV 1920mW/1636mW VDD_SOC 1762mW/1658mW
05-15-2026 22:29:09 RAM 1799/7620MB (lfb 4x4MB) SWAP 0/3810MB (cached 0MB) CPU [16%@729,15%@729,16%@729,5%@729,45%@729,48%@729] GR3D_FREQ 60% cpu@38.218C soc2@37.25C soc0@38.406C gpu@39.218C tj@39.218C soc1@38.562C VDD_IN 6891mW/6375mW VDD_CPU_GPU_CV 1880mW/1645mW VDD_SOC 1762mW/1661mW
05-15-2026 22:29:10 RAM 1799/7620MB (lfb 4x4MB) SWAP 0/3810MB (cached 0MB) CPU [30%@729,43%@729,13%@729,10%@729,0%@729,49%@729] GR3D_FREQ 2% cpu@38.375C soc2@37.25C soc0@38.437C gpu@39.25C tj@39.25C soc1@38.593C VDD_IN 6810mW/6390mW VDD_CPU_GPU_CV 1880mW/1653mW VDD_SOC 1722mW/1664mW
05-15-2026 22:29:11 RAM 1799/7620MB (lfb 4x4MB) SWAP 0/3810MB (cached 0MB) CPU [16%@729,54%@729,8%@729,15%@729,0%@729,49%@729] GR3D_FREQ 27% cpu@38.406C soc2@37.187C soc0@38.531C gpu@39.062C tj@39.062C soc1@38.718C VDD_IN 6810mW/6405mW VDD_CPU_GPU_CV 1840mW/1659mW VDD_SOC 1762mW/1667mW
05-15-2026 22:29:12 RAM 1799/7620MB (lfb 4x4MB) SWAP 0/3810MB (cached 0MB) CPU [14%@729,51%@729,7%@729,21%@729,0%@729,52%@729] GR3D_FREQ 29% cpu@38.562C soc2@37.375C soc0@38.437C gpu@39.093C tj@39.093C soc1@38.843C VDD_IN 6850mW/6420mW VDD_CPU_GPU_CV 1880mW/1667mW VDD_SOC 1762mW/1670mW
05-15-2026 22:29:13 RAM 1799/7620MB (lfb 4x4MB) SWAP 0/3810MB (cached 0MB) CPU [13%@729,51%@729,15%@729,19%@729,0%@729,50%@729] GR3D_FREQ 83% cpu@38.343C soc2@37.375C soc0@38.562C gpu@39.125C tj@39.125C soc1@38.593C VDD_IN 6850mW/6433mW VDD_CPU_GPU_CV 1920mW/1675mW VDD_SOC 1762mW/1673mW
05-15-2026 22:29:14 RAM 1799/7620MB (lfb 4x4MB) SWAP 0/3810MB (cached 0MB) CPU [21%@729,58%@729,12%@729,4%@729,0%@729,50%@729] GR3D_FREQ 57% cpu@38.437C soc2@37.375C soc0@38.562C gpu@39.312C tj@39.312C soc1@38.812C VDD_IN 6810mW/6445mW VDD_CPU_GPU_CV 1880mW/1681mW VDD_SOC 1762mW/1676mW
05-15-2026 22:29:15 RAM 1799/7620MB (lfb 4x4MB) SWAP 0/3810MB (cached 0MB) CPU [20%@729,62%@729,13%@729,0%@729,0%@729,51%@729] GR3D_FREQ 55% cpu@38.593C soc2@37.312C soc0@38.718C gpu@39.437C tj@39.437C soc1@38.937C VDD_IN 6850mW/6458mW VDD_CPU_GPU_CV 1880mW/1687mW VDD_SOC 1762mW/1678mW
05-15-2026 22:29:16 RAM 1799/7620MB (lfb 4x4MB) SWAP 0/3810MB (cached 0MB) CPU [14%@729,57%@729,20%@729,5%@729,0%@729,50%@729] GR3D_FREQ 47% cpu@38.406C soc2@37.5C soc0@38.625C gpu@39.093C tj@39.093C soc1@38.968C VDD_IN 6850mW/6469mW VDD_CPU_GPU_CV 1880mW/1693mW VDD_SOC 1762mW/1681mW
05-15-2026 22:29:17 RAM 1799/7620MB (lfb 4x4MB) SWAP 0/3810MB (cached 0MB) CPU [9%@729,12%@729,20%@729,54%@729,0%@729,50%@729] GR3D_FREQ 64% cpu@38.593C soc2@37.406C soc0@38.718C gpu@39.312C tj@39.312C soc1@38.781C VDD_IN 6850mW/6480mW VDD_CPU_GPU_CV 1880mW/1698mW VDD_SOC 1762mW/1683mW
05-15-2026 22:29:18 RAM 1799/7620MB (lfb 4x4MB) SWAP 0/3810MB (cached 0MB) CPU [7%@1344,15%@1344,14%@1344,60%@1344,0%@729,50%@729] GR3D_FREQ 56% cpu@38.625C soc2@37.468C soc0@38.718C gpu@39.281C tj@39.281C soc1@38.906C VDD_IN 6810mW/6489mW VDD_CPU_GPU_CV 1880mW/1703mW VDD_SOC 1762mW/1685mW
05-15-2026 22:29:19 RAM 1803/7620MB (lfb 3x4MB) SWAP 0/3810MB (cached 0MB) CPU [24%@729,13%@729,22%@729,37%@729,0%@729,50%@729] GR3D_FREQ 54% cpu@38.718C soc2@37.531C soc0@38.937C gpu@39.281C tj@39.281C soc1@38.937C VDD_IN 6850mW/6499mW VDD_CPU_GPU_CV 1880mW/1708mW VDD_SOC 1762mW/1688mW
05-15-2026 22:29:20 RAM 1803/7620MB (lfb 3x4MB) SWAP 0/3810MB (cached 0MB) CPU [35%@729,36%@729,3%@729,10%@729,12%@729,50%@729] GR3D_FREQ 62% cpu@38.468C soc2@37.593C soc0@38.687C gpu@39.218C tj@39.218C soc1@38.906C VDD_IN 6891mW/6509mW VDD_CPU_GPU_CV 1920mW/1714mW VDD_SOC 1762mW/1689mW
05-15-2026 22:29:21 RAM 1803/7620MB (lfb 3x4MB) SWAP 0/3810MB (cached 0MB) CPU [5%@729,58%@729,0%@729,12%@729,21%@729,49%@729] GR3D_FREQ 78% cpu@38.625C soc2@37.593C soc0@38.843C gpu@39.281C tj@39.281C soc1@38.968C VDD_IN 6850mW/6518mW VDD_CPU_GPU_CV 1880mW/1718mW VDD_SOC 1762mW/1691mW
05-15-2026 22:29:22 RAM 1803/7620MB (lfb 3x4MB) SWAP 0/3810MB (cached 0MB) CPU [3%@729,62%@729,1%@729,10%@729,21%@729,50%@729] GR3D_FREQ 73% cpu@38.812C soc2@37.593C soc0@38.843C gpu@39.437C tj@39.437C soc1@39.062C VDD_IN 6810mW/6525mW VDD_CPU_GPU_CV 1880mW/1722mW VDD_SOC 1762mW/1693mW
05-15-2026 22:29:23 RAM 1803/7620MB (lfb 3x4MB) SWAP 0/3810MB (cached 0MB) CPU [12%@729,26%@729,0%@729,41%@729,41%@729,31%@729] GR3D_FREQ 28% cpu@38.718C soc2@37.656C soc0@38.875C gpu@39.5C tj@39.5C soc1@39.062C VDD_IN 6850mW/6533mW VDD_CPU_GPU_CV 1880mW/1726mW VDD_SOC 1762mW/1695mW
05-15-2026 22:29:24 RAM 1803/7620MB (lfb 3x4MB) SWAP 0/3810MB (cached 0MB) CPU [11%@729,2%@729,10%@729,50%@729,50%@729,20%@729] GR3D_FREQ 56% cpu@38.656C soc2@37.781C soc0@38.906C gpu@39.562C tj@39.562C soc1@39C VDD_IN 6891mW/6542mW VDD_CPU_GPU_CV 1880mW/1730mW VDD_SOC 1762mW/1696mW
05-15-2026 22:29:25 RAM 1803/7620MB (lfb 3x4MB) SWAP 0/3810MB (cached 0MB) CPU [10%@729,35%@729,3%@729,27%@729,50%@729,22%@729] GR3D_FREQ 62% cpu@38.687C soc2@37.718C soc0@38.843C gpu@39.5C tj@39.5C soc1@39.062C VDD_IN 6810mW/6548mW VDD_CPU_GPU_CV 1840mW/1732mW VDD_SOC 1762mW/1698mW
05-15-2026 22:29:26 RAM 1803/7620MB (lfb 3x4MB) SWAP 0/3810MB (cached 0MB) CPU [12%@729,17%@729,0%@729,45%@729,51%@729,18%@729] GR3D_FREQ 40% cpu@38.781C soc2@37.656C soc0@39C gpu@39.343C tj@39.343C soc1@39.125C VDD_IN 6850mW/6555mW VDD_CPU_GPU_CV 1880mW/1736mW VDD_SOC 1762mW/1699mW
05-15-2026 22:29:27 RAM 1803/7620MB (lfb 3x4MB) SWAP 0/3810MB (cached 0MB) CPU [11%@729,19%@729,45%@729,0%@729,50%@729,20%@729] GR3D_FREQ 86% cpu@39.093C soc2@37.812C soc0@38.937C gpu@39.656C tj@39.656C soc1@39.218C VDD_IN 6891mW/6562mW VDD_CPU_GPU_CV 1920mW/1740mW VDD_SOC 1762mW/1701mW
05-15-2026 22:29:28 RAM 1803/7620MB (lfb 3x4MB) SWAP 0/3810MB (cached 0MB) CPU [12%@729,49%@729,13%@729,1%@729,50%@729,23%@729] GR3D_FREQ 92% cpu@38.875C soc2@37.812C soc0@38.968C gpu@39.656C tj@39.656C soc1@39.062C VDD_IN 6850mW/6569mW VDD_CPU_GPU_CV 1880mW/1743mW VDD_SOC 1762mW/1702mW
05-15-2026 22:29:29 RAM 1803/7620MB (lfb 3x4MB) SWAP 0/3810MB (cached 0MB) CPU [47%@729,16%@729,12%@729,0%@729,52%@729,20%@729] GR3D_FREQ 10% cpu@38.843C soc2@37.906C soc0@39.093C gpu@39.75C tj@39.75C soc1@39.093C VDD_IN 6850mW/6574mW VDD_CPU_GPU_CV 1880mW/1746mW VDD_SOC 1762mW/1703mW
05-15-2026 22:29:30 RAM 1803/7620MB (lfb 3x4MB) SWAP 0/3810MB (cached 0MB) CPU [1%@729,12%@729,13%@729,49%@729,51%@729,20%@729] GR3D_FREQ 30% cpu@39.062C soc2@37.843C soc0@39.125C gpu@39.593C tj@39.593C soc1@39.343C VDD_IN 6891mW/6581mW VDD_CPU_GPU_CV 1920mW/1749mW VDD_SOC 1762mW/1705mW
05-15-2026 22:29:31 RAM 1803/7620MB (lfb 3x4MB) SWAP 0/3810MB (cached 0MB) CPU [1%@729,12%@729,11%@729,51%@729,49%@729,20%@729] GR3D_FREQ 91% cpu@38.843C soc2@37.875C soc0@38.937C gpu@39.656C tj@39.656C soc1@39.343C VDD_IN 6891mW/6587mW VDD_CPU_GPU_CV 1880mW/1752mW VDD_SOC 1762mW/1706mW
05-15-2026 22:29:32 RAM 1803/7620MB (lfb 3x4MB) SWAP 0/3810MB (cached 0MB) CPU [5%@729,7%@729,34%@729,30%@729,51%@729,20%@729] GR3D_FREQ 74% cpu@38.906C soc2@37.906C soc0@39.156C gpu@39.593C tj@39.593C soc1@39.218C VDD_IN 6850mW/6593mW VDD_CPU_GPU_CV 1880mW/1755mW VDD_SOC 1762mW/1707mW
05-15-2026 22:29:33 RAM 1804/7620MB (lfb 3x4MB) SWAP 0/3810MB (cached 0MB) CPU [6%@729,0%@729,15%@729,50%@729,24%@729,47%@729] GR3D_FREQ 29% cpu@39.218C soc2@37.968C soc0@39.218C gpu@39.875C tj@39.875C soc1@39.25C VDD_IN 6850mW/6598mW VDD_CPU_GPU_CV 1880mW/1757mW VDD_SOC 1762mW/1708mW
05-15-2026 22:29:34 RAM 1804/7620MB (lfb 3x4MB) SWAP 0/3810MB (cached 0MB) CPU [0%@729,0%@729,61%@729,13%@729,20%@729,50%@729] GR3D_FREQ 92% cpu@39.187C soc2@37.937C soc0@39.25C gpu@39.937C tj@39.937C soc1@39.437C VDD_IN 6850mW/6603mW VDD_CPU_GPU_CV 1920mW/1760mW VDD_SOC 1762mW/1709mW
05-15-2026 22:29:35 RAM 1804/7620MB (lfb 3x4MB) SWAP 0/3810MB (cached 0MB) CPU [6%@729,1%@729,62%@729,8%@729,28%@729,44%@729] GR3D_FREQ 93% cpu@39.093C soc2@38C soc0@39.156C gpu@40.062C tj@39.718C soc1@39.468C VDD_IN 6850mW/6607mW VDD_CPU_GPU_CV 1880mW/1762mW VDD_SOC 1762mW/1710mW
05-15-2026 22:29:36 RAM 1804/7620MB (lfb 3x4MB) SWAP 0/3810MB (cached 0MB) CPU [10%@729,2%@729,48%@729,18%@729,20%@729,48%@729] GR3D_FREQ 22% cpu@39.062C soc2@38C soc0@39.156C gpu@39.875C tj@39.875C soc1@39.312C VDD_IN 6810mW/6611mW VDD_CPU_GPU_CV 1840mW/1764mW VDD_SOC 1722mW/1710mW
05-15-2026 22:29:37 RAM 1804/7620MB (lfb 3x4MB) SWAP 0/3810MB (cached 0MB) CPU [0%@729,0%@729,12%@729,64%@729,20%@729,52%@729] GR3D_FREQ 19% cpu@39.218C soc2@37.968C soc0@39.312C gpu@39.843C tj@39.843C soc1@39.406C VDD_IN 6810mW/6615mW VDD_CPU_GPU_CV 1880mW/1766mW VDD_SOC 1762mW/1711mW
05-15-2026 22:29:38 RAM 1804/7620MB (lfb 3x4MB) SWAP 0/3810MB (cached 0MB) CPU [21%@729,0%@729,13%@729,44%@729,20%@729,51%@729] GR3D_FREQ 91% cpu@39.187C soc2@38.156C soc0@39.406C gpu@40.062C tj@40.062C soc1@39.531C VDD_IN 6891mW/6620mW VDD_CPU_GPU_CV 1880mW/1768mW VDD_SOC 1762mW/1712mW
05-15-2026 22:29:39 RAM 1804/7620MB (lfb 3x4MB) SWAP 0/3810MB (cached 0MB) CPU [5%@729,1%@729,8%@729,60%@729,50%@729,23%@729] GR3D_FREQ 69% cpu@39.312C soc2@38.093C soc0@39.25C gpu@40.125C tj@40.125C soc1@39.531C VDD_IN 6891mW/6624mW VDD_CPU_GPU_CV 1880mW/1770mW VDD_SOC 1762mW/1713mW
05-15-2026 22:29:40 RAM 1804/7620MB (lfb 3x4MB) SWAP 0/3810MB (cached 0MB) CPU [21%@729,1%@729,2%@729,50%@729,50%@729,23%@729] GR3D_FREQ 87% cpu@39.156C soc2@38.156C soc0@39.343C gpu@40.093C tj@40.093C soc1@39.5C VDD_IN 6891mW/6629mW VDD_CPU_GPU_CV 1880mW/1772mW VDD_SOC 1762mW/1714mW
05-15-2026 22:29:41 RAM 1804/7620MB (lfb 3x4MB) SWAP 0/3810MB (cached 0MB) CPU [18%@729,2%@729,0%@729,54%@729,50%@729,22%@729] GR3D_FREQ 92% cpu@39.218C soc2@38.25C soc0@39.343C gpu@39.906C tj@39.906C soc1@39.531C VDD_IN 6810mW/6632mW VDD_CPU_GPU_CV 1880mW/1774mW VDD_SOC 1762mW/1715mW
05-15-2026 22:29:42 RAM 1804/7620MB (lfb 3x4MB) SWAP 0/3810MB (cached 0MB) CPU [46%@729,2%@729,9%@729,18%@729,20%@729,48%@729] GR3D_FREQ 27% cpu@39.468C soc2@38.156C soc0@39.406C gpu@39.937C tj@39.937C soc1@39.625C VDD_IN 6810mW/6635mW VDD_CPU_GPU_CV 1840mW/1775mW VDD_SOC 1762mW/1715mW
05-15-2026 22:29:43 RAM 1804/7620MB (lfb 3x4MB) SWAP 0/3810MB (cached 0MB) CPU [10%@729,2%@729,11%@729,51%@729,27%@729,44%@729] GR3D_FREQ 6% cpu@39.281C soc2@38.187C soc0@39.406C gpu@40.031C tj@40.031C soc1@39.75C VDD_IN 6850mW/6638mW VDD_CPU_GPU_CV 1920mW/1777mW VDD_SOC 1762mW/1716mW
05-15-2026 22:29:44 RAM 1804/7620MB (lfb 3x4MB) SWAP 0/3810MB (cached 0MB) CPU [8%@729,5%@729,13%@729,48%@729,36%@729,34%@729] GR3D_FREQ 93% cpu@39.25C soc2@38.312C soc0@39.5C gpu@40.312C tj@40.312C soc1@39.593C VDD_IN 6891mW/6643mW VDD_CPU_GPU_CV 1920mW/1779mW VDD_SOC 1762mW/1717mW
05-15-2026 22:29:45 RAM 1804/7620MB (lfb 3x4MB) SWAP 0/3810MB (cached 0MB) CPU [8%@729,3%@729,13%@729,51%@729,20%@729,51%@729] GR3D_FREQ 93% cpu@39.406C soc2@38.25C soc0@39.437C gpu@40.312C tj@40.312C soc1@39.656C VDD_IN 6850mW/6646mW VDD_CPU_GPU_CV 1880mW/1781mW VDD_SOC 1762mW/1718mW
05-15-2026 22:29:46 RAM 1804/7620MB (lfb 3x4MB) SWAP 0/3810MB (cached 0MB) CPU [11%@729,12%@729,40%@729,11%@729,21%@729,51%@729] GR3D_FREQ 13% cpu@39.5C soc2@38.312C soc0@39.531C gpu@40.312C tj@40.312C soc1@39.718C VDD_IN 6850mW/6649mW VDD_CPU_GPU_CV 1880mW/1783mW VDD_SOC 1762mW/1718mW
05-15-2026 22:29:47 RAM 1804/7620MB (lfb 3x4MB) SWAP 0/3810MB (cached 0MB) CPU [11%@729,3%@729,60%@729,0%@729,21%@729,51%@729] GR3D_FREQ 31% cpu@39.406C soc2@38.343C soc0@39.468C gpu@40.062C tj@40.062C soc1@39.781C VDD_IN 6850mW/6652mW VDD_CPU_GPU_CV 1880mW/1784mW VDD_SOC 1762mW/1719mW
05-15-2026 22:29:48 RAM 1804/7620MB (lfb 3x4MB) SWAP 0/3810MB (cached 0MB) CPU [12%@729,1%@729,39%@729,25%@729,45%@729,25%@729] GR3D_FREQ 93% cpu@39.312C soc2@38.343C soc0@39.406C gpu@40.156C tj@40.156C soc1@39.687C VDD_IN 6891mW/6656mW VDD_CPU_GPU_CV 1920mW/1786mW VDD_SOC 1762mW/1720mW
05-15-2026 22:29:49 RAM 1804/7620MB (lfb 3x4MB) SWAP 0/3810MB (cached 0MB) CPU [12%@729,0%@729,6%@729,51%@729,55%@729,20%@729] GR3D_FREQ 56% cpu@39.531C soc2@38.375C soc0@39.562C gpu@40.187C tj@40.187C soc1@39.75C VDD_IN 6850mW/6659mW VDD_CPU_GPU_CV 1880mW/1788mW VDD_SOC 1762mW/1720mW
05-15-2026 22:29:50 RAM 1808/7620MB (lfb 4x4MB) SWAP 0/3810MB (cached 0MB) CPU [8%@1344,3%@1344,14%@1344,50%@1344,32%@729,17%@729] GR3D_FREQ 88% cpu@39.687C soc2@38.343C soc0@39.593C gpu@40.062C tj@40.062C soc1@39.875C VDD_IN 6650mW/6659mW VDD_CPU_GPU_CV 1800mW/1788mW VDD_SOC 1722mW/1720mW
05-15-2026 22:29:51 RAM 1814/7620MB (lfb 3x4MB) SWAP 0/3810MB (cached 0MB) CPU [31%@729,22%@729,26%@729,28%@729,40%@729,38%@729] GR3D_FREQ 0% cpu@39.312C soc2@38.312C soc0@39.5C gpu@40.031C tj@40.031C soc1@40.031C VDD_IN 6380mW/6654mW VDD_CPU_GPU_CV 1722mW/1787mW VDD_SOC 1645mW/1719mW
