&&&& RUNNING TensorRT.trtexec [TensorRT v100300] # /usr/src/tensorrt/bin/trtexec --onnx=/home/risenano01/jetson-orin-nano-internal-lab/models/resnet18_random_seed42_opset17.onnx --saveEngine=/home/risenano01/jetson-orin-nano-internal-lab/artifacts/engines/resnet18_fp16_20260513_125323.engine --fp16
[05/13/2026-12:53:29] [I] === Model Options ===
[05/13/2026-12:53:29] [I] Format: ONNX
[05/13/2026-12:53:29] [I] Model: /home/risenano01/jetson-orin-nano-internal-lab/models/resnet18_random_seed42_opset17.onnx
[05/13/2026-12:53:29] [I] Output:
[05/13/2026-12:53:29] [I] === Build Options ===
[05/13/2026-12:53:29] [I] Memory Pools: workspace: default, dlaSRAM: default, dlaLocalDRAM: default, dlaGlobalDRAM: default, tacticSharedMem: default
[05/13/2026-12:53:29] [I] avgTiming: 8
[05/13/2026-12:53:29] [I] Precision: FP32+FP16
[05/13/2026-12:53:29] [I] LayerPrecisions: 
[05/13/2026-12:53:29] [I] Layer Device Types: 
[05/13/2026-12:53:29] [I] Calibration: 
[05/13/2026-12:53:29] [I] Refit: Disabled
[05/13/2026-12:53:29] [I] Strip weights: Disabled
[05/13/2026-12:53:29] [I] Version Compatible: Disabled
[05/13/2026-12:53:29] [I] ONNX Plugin InstanceNorm: Disabled
[05/13/2026-12:53:29] [I] TensorRT runtime: full
[05/13/2026-12:53:29] [I] Lean DLL Path: 
[05/13/2026-12:53:29] [I] Tempfile Controls: { in_memory: allow, temporary: allow }
[05/13/2026-12:53:29] [I] Exclude Lean Runtime: Disabled
[05/13/2026-12:53:29] [I] Sparsity: Disabled
[05/13/2026-12:53:29] [I] Safe mode: Disabled
[05/13/2026-12:53:29] [I] Build DLA standalone loadable: Disabled
[05/13/2026-12:53:29] [I] Allow GPU fallback for DLA: Disabled
[05/13/2026-12:53:29] [I] DirectIO mode: Disabled
[05/13/2026-12:53:29] [I] Restricted mode: Disabled
[05/13/2026-12:53:29] [I] Skip inference: Disabled
[05/13/2026-12:53:29] [I] Save engine: /home/risenano01/jetson-orin-nano-internal-lab/artifacts/engines/resnet18_fp16_20260513_125323.engine
[05/13/2026-12:53:29] [I] Load engine: 
[05/13/2026-12:53:29] [I] Profiling verbosity: 0
[05/13/2026-12:53:29] [I] Tactic sources: Using default tactic sources
[05/13/2026-12:53:29] [I] timingCacheMode: local
[05/13/2026-12:53:29] [I] timingCacheFile: 
[05/13/2026-12:53:29] [I] Enable Compilation Cache: Enabled
[05/13/2026-12:53:29] [I] errorOnTimingCacheMiss: Disabled
[05/13/2026-12:53:29] [I] Preview Features: Use default preview flags.
[05/13/2026-12:53:29] [I] MaxAuxStreams: -1
[05/13/2026-12:53:29] [I] BuilderOptimizationLevel: -1
[05/13/2026-12:53:29] [I] Calibration Profile Index: 0
[05/13/2026-12:53:29] [I] Weight Streaming: Disabled
[05/13/2026-12:53:29] [I] Runtime Platform: Same As Build
[05/13/2026-12:53:29] [I] Debug Tensors: 
[05/13/2026-12:53:29] [I] Input(s)s format: fp32:CHW
[05/13/2026-12:53:29] [I] Output(s)s format: fp32:CHW
[05/13/2026-12:53:29] [I] Input build shapes: model
[05/13/2026-12:53:29] [I] Input calibration shapes: model
[05/13/2026-12:53:29] [I] === System Options ===
[05/13/2026-12:53:29] [I] Device: 0
[05/13/2026-12:53:29] [I] DLACore: 
[05/13/2026-12:53:29] [I] Plugins:
[05/13/2026-12:53:29] [I] setPluginsToSerialize:
[05/13/2026-12:53:29] [I] dynamicPlugins:
[05/13/2026-12:53:29] [I] ignoreParsedPluginLibs: 0
[05/13/2026-12:53:29] [I] 
[05/13/2026-12:53:29] [I] === Inference Options ===
[05/13/2026-12:53:29] [I] Batch: Explicit
[05/13/2026-12:53:29] [I] Input inference shapes: model
[05/13/2026-12:53:29] [I] Iterations: 10
[05/13/2026-12:53:29] [I] Duration: 3s (+ 200ms warm up)
[05/13/2026-12:53:29] [I] Sleep time: 0ms
[05/13/2026-12:53:29] [I] Idle time: 0ms
[05/13/2026-12:53:29] [I] Inference Streams: 1
[05/13/2026-12:53:29] [I] ExposeDMA: Disabled
[05/13/2026-12:53:29] [I] Data transfers: Enabled
[05/13/2026-12:53:29] [I] Spin-wait: Disabled
[05/13/2026-12:53:29] [I] Multithreading: Disabled
[05/13/2026-12:53:29] [I] CUDA Graph: Disabled
[05/13/2026-12:53:29] [I] Separate profiling: Disabled
[05/13/2026-12:53:29] [I] Time Deserialize: Disabled
[05/13/2026-12:53:29] [I] Time Refit: Disabled
[05/13/2026-12:53:29] [I] NVTX verbosity: 0
[05/13/2026-12:53:29] [I] Persistent Cache Ratio: 0
[05/13/2026-12:53:29] [I] Optimization Profile Index: 0
[05/13/2026-12:53:29] [I] Weight Streaming Budget: 100.000000%
[05/13/2026-12:53:29] [I] Inputs:
[05/13/2026-12:53:29] [I] Debug Tensor Save Destinations:
[05/13/2026-12:53:29] [I] === Reporting Options ===
[05/13/2026-12:53:29] [I] Verbose: Disabled
[05/13/2026-12:53:29] [I] Averages: 10 inferences
[05/13/2026-12:53:29] [I] Percentiles: 90,95,99
[05/13/2026-12:53:29] [I] Dump refittable layers:Disabled
[05/13/2026-12:53:29] [I] Dump output: Disabled
[05/13/2026-12:53:29] [I] Profile: Disabled
[05/13/2026-12:53:29] [I] Export timing to JSON file: 
[05/13/2026-12:53:29] [I] Export output to JSON file: 
[05/13/2026-12:53:29] [I] Export profile to JSON file: 
[05/13/2026-12:53:29] [I] 
[05/13/2026-12:53:29] [I] === Device Information ===
[05/13/2026-12:53:29] [I] Available Devices: 
[05/13/2026-12:53:29] [I]   Device 0: "Orin" UUID: GPU-c9cccbc0-5465-5480-b668-88085c2f4155
[05/13/2026-12:53:29] [I] Selected Device: Orin
[05/13/2026-12:53:29] [I] Selected Device ID: 0
[05/13/2026-12:53:29] [I] Selected Device UUID: GPU-c9cccbc0-5465-5480-b668-88085c2f4155
[05/13/2026-12:53:29] [I] Compute Capability: 8.7
[05/13/2026-12:53:29] [I] SMs: 8
[05/13/2026-12:53:29] [I] Device Global Memory: 7619 MiB
[05/13/2026-12:53:29] [I] Shared Memory per SM: 164 KiB
[05/13/2026-12:53:29] [I] Memory Bus Width: 128 bits (ECC disabled)
[05/13/2026-12:53:29] [I] Application Compute Clock Rate: 1.02 GHz
[05/13/2026-12:53:29] [I] Application Memory Clock Rate: 0.918 GHz
[05/13/2026-12:53:29] [I] 
[05/13/2026-12:53:29] [I] Note: The application clock rates do not reflect the actual clock rates that the GPU is currently running at.
[05/13/2026-12:53:29] [I] 
[05/13/2026-12:53:29] [I] TensorRT version: 10.3.0
[05/13/2026-12:53:29] [I] Loading standard plugins
[05/13/2026-12:53:29] [I] [TRT] [MemUsageChange] Init CUDA: CPU +2, GPU +0, now: CPU 31, GPU 2388 (MiB)
[05/13/2026-12:53:32] [I] [TRT] [MemUsageChange] Init builder kernel library: CPU +928, GPU +752, now: CPU 1002, GPU 3184 (MiB)
[05/13/2026-12:53:32] [I] Start parsing network model.
[05/13/2026-12:53:32] [I] [TRT] ----------------------------------------------------------------
[05/13/2026-12:53:32] [I] [TRT] Input filename:   /home/risenano01/jetson-orin-nano-internal-lab/models/resnet18_random_seed42_opset17.onnx
[05/13/2026-12:53:32] [I] [TRT] ONNX IR version:  0.0.8
[05/13/2026-12:53:32] [I] [TRT] Opset version:    17
[05/13/2026-12:53:32] [I] [TRT] Producer name:    pytorch
[05/13/2026-12:53:32] [I] [TRT] Producer version: 2.8.0
[05/13/2026-12:53:32] [I] [TRT] Domain:           
[05/13/2026-12:53:32] [I] [TRT] Model version:    0
[05/13/2026-12:53:32] [I] [TRT] Doc string:       
[05/13/2026-12:53:32] [I] [TRT] ----------------------------------------------------------------
[05/13/2026-12:53:32] [I] Finished parsing network model. Parse time: 0.0505765
[05/13/2026-12:53:32] [I] [TRT] Local timing cache in use. Profiling results in this builder pass will not be stored.
[05/13/2026-12:54:07] [I] [TRT] Detected 1 inputs and 1 output network tensors.
[05/13/2026-12:54:10] [I] [TRT] Total Host Persistent Memory: 120832
[05/13/2026-12:54:10] [I] [TRT] Total Device Persistent Memory: 0
[05/13/2026-12:54:10] [I] [TRT] Total Scratch Memory: 0
[05/13/2026-12:54:10] [I] [TRT] [BlockAssignment] Started assigning block shifts. This will take 39 steps to complete.
[05/13/2026-12:54:10] [I] [TRT] [BlockAssignment] Algorithm ShiftNTopDown took 1.31548ms to assign 5 blocks to 39 nodes requiring 2410496 bytes.
[05/13/2026-12:54:10] [I] [TRT] Total Activation Memory: 2410496
[05/13/2026-12:54:10] [I] [TRT] Total Weights Memory: 23375312
[05/13/2026-12:54:10] [I] [TRT] Engine generation completed in 37.9917 seconds.
[05/13/2026-12:54:10] [I] [TRT] [MemUsageStats] Peak memory usage of TRT CPU/GPU memory allocators: CPU 5 MiB, GPU 56 MiB
[05/13/2026-12:54:10] [I] [TRT] [MemUsageStats] Peak memory usage during Engine building and serialization: CPU: 1655 MiB
[05/13/2026-12:54:10] [I] Engine built in 38.0235 sec.
[05/13/2026-12:54:10] [I] Created engine with size: 22.6735 MiB
[05/13/2026-12:54:10] [I] [TRT] Loaded engine size: 22 MiB
[05/13/2026-12:54:10] [I] Engine deserialized in 0.0313498 sec.
[05/13/2026-12:54:10] [I] [TRT] [MemUsageChange] TensorRT-managed allocation in IExecutionContext creation: CPU +0, GPU +2, now: CPU 0, GPU 24 (MiB)
[05/13/2026-12:54:10] [I] Setting persistentCacheLimit to 0 bytes.
[05/13/2026-12:54:10] [I] Created execution context with device memory size: 2.29883 MiB
[05/13/2026-12:54:10] [I] Using random values for input input
[05/13/2026-12:54:10] [I] Input binding for input with dimensions 1x3x224x224 is created.
[05/13/2026-12:54:10] [I] Output binding for output with dimensions 1x1000 is created.
[05/13/2026-12:54:10] [I] Starting inference
[05/13/2026-12:54:14] [I] Warmup completed 155 queries over 200 ms
[05/13/2026-12:54:14] [I] Timing trace has 3350 queries over 3.00256 s
[05/13/2026-12:54:14] [I] 
[05/13/2026-12:54:14] [I] === Trace details ===
[05/13/2026-12:54:14] [I] Trace averages of 10 runs:
[05/13/2026-12:54:14] [I] Average on 10 runs - GPU latency: 1.00477 ms - Host latency: 1.06388 ms (enqueue 0.622626 ms)
[05/13/2026-12:54:14] [I] Average on 10 runs - GPU latency: 1.0059 ms - Host latency: 1.06649 ms (enqueue 0.62274 ms)
[05/13/2026-12:54:14] [I] Average on 10 runs - GPU latency: 1.00519 ms - Host latency: 1.06394 ms (enqueue 0.628732 ms)
[05/13/2026-12:54:14] [I] Average on 10 runs - GPU latency: 1.00618 ms - Host latency: 1.06645 ms (enqueue 0.637617 ms)
[05/13/2026-12:54:14] [I] Average on 10 runs - GPU latency: 1.00539 ms - Host latency: 1.06498 ms (enqueue 0.634624 ms)
[05/13/2026-12:54:14] [I] Average on 10 runs - GPU latency: 1.00573 ms - Host latency: 1.06517 ms (enqueue 0.628621 ms)
[05/13/2026-12:54:14] [I] Average on 10 runs - GPU latency: 1.00523 ms - Host latency: 1.06357 ms (enqueue 0.630463 ms)
[05/13/2026-12:54:14] [I] Average on 10 runs - GPU latency: 1.00591 ms - Host latency: 1.06432 ms (enqueue 0.621387 ms)
[05/13/2026-12:54:14] [I] Average on 10 runs - GPU latency: 1.0067 ms - Host latency: 1.06866 ms (enqueue 0.621414 ms)
[05/13/2026-12:54:14] [I] Average on 10 runs - GPU latency: 1.00503 ms - Host latency: 1.06562 ms (enqueue 0.615933 ms)
[05/13/2026-12:54:14] [I] Average on 10 runs - GPU latency: 1.00542 ms - Host latency: 1.06458 ms (enqueue 0.637244 ms)
[05/13/2026-12:54:14] [I] Average on 10 runs - GPU latency: 1.00608 ms - Host latency: 1.06466 ms (enqueue 0.623798 ms)
[05/13/2026-12:54:14] [I] Average on 10 runs - GPU latency: 1.00565 ms - Host latency: 1.06501 ms (enqueue 0.621829 ms)
[05/13/2026-12:54:14] [I] Average on 10 runs - GPU latency: 1.00455 ms - Host latency: 1.06546 ms (enqueue 0.637131 ms)
[05/13/2026-12:54:14] [I] Average on 10 runs - GPU latency: 1.00509 ms - Host latency: 1.06444 ms (enqueue 0.62695 ms)
[05/13/2026-12:54:14] [I] Average on 10 runs - GPU latency: 1.0056 ms - Host latency: 1.06596 ms (enqueue 0.634241 ms)
[05/13/2026-12:54:14] [I] Average on 10 runs - GPU latency: 1.00489 ms - Host latency: 1.06415 ms (enqueue 0.628448 ms)
[05/13/2026-12:54:14] [I] Average on 10 runs - GPU latency: 1.00446 ms - Host latency: 1.06176 ms (enqueue 0.629376 ms)
[05/13/2026-12:54:14] [I] Average on 10 runs - GPU latency: 1.00582 ms - Host latency: 1.06485 ms (enqueue 0.622824 ms)
[05/13/2026-12:54:14] [I] Average on 10 runs - GPU latency: 1.00576 ms - Host latency: 1.06348 ms (enqueue 0.620859 ms)
[05/13/2026-12:54:14] [I] Average on 10 runs - GPU latency: 1.0051 ms - Host latency: 1.06743 ms (enqueue 0.622372 ms)
[05/13/2026-12:54:14] [I] Average on 10 runs - GPU latency: 1.00526 ms - Host latency: 1.06328 ms (enqueue 0.615021 ms)
[05/13/2026-12:54:14] [I] Average on 10 runs - GPU latency: 1.00441 ms - Host latency: 1.05876 ms (enqueue 0.617688 ms)
[05/13/2026-12:54:14] [I] Average on 10 runs - GPU latency: 1.00388 ms - Host latency: 1.05949 ms (enqueue 0.631937 ms)
[05/13/2026-12:54:14] [I] Average on 10 runs - GPU latency: 1.00489 ms - Host latency: 1.0651 ms (enqueue 0.627249 ms)
[05/13/2026-12:54:14] [I] Average on 10 runs - GPU latency: 1.00513 ms - Host latency: 1.06593 ms (enqueue 0.630765 ms)
[05/13/2026-12:54:14] [I] Average on 10 runs - GPU latency: 1.00384 ms - Host latency: 1.06327 ms (enqueue 0.623178 ms)
[05/13/2026-12:54:14] [I] Average on 10 runs - GPU latency: 1.00401 ms - Host latency: 1.06318 ms (enqueue 0.630377 ms)
[05/13/2026-12:54:14] [I] Average on 10 runs - GPU latency: 1.0056 ms - Host latency: 1.06653 ms (enqueue 0.625513 ms)
[05/13/2026-12:54:14] [I] Average on 10 runs - GPU latency: 1.00471 ms - Host latency: 1.06521 ms (enqueue 0.634741 ms)
[05/13/2026-12:54:14] [I] Average on 10 runs - GPU latency: 1.00565 ms - Host latency: 1.06485 ms (enqueue 0.599503 ms)
[05/13/2026-12:54:14] [I] Average on 10 runs - GPU latency: 1.00473 ms - Host latency: 1.06562 ms (enqueue 0.613129 ms)
[05/13/2026-12:54:14] [I] Average on 10 runs - GPU latency: 1.00573 ms - Host latency: 1.06655 ms (enqueue 0.617859 ms)
[05/13/2026-12:54:14] [I] Average on 10 runs - GPU latency: 1.00413 ms - Host latency: 1.06474 ms (enqueue 0.618494 ms)
[05/13/2026-12:54:14] [I] Average on 10 runs - GPU latency: 1.00582 ms - Host latency: 1.067 ms (enqueue 0.616534 ms)
[05/13/2026-12:54:14] [I] Average on 10 runs - GPU latency: 1.00461 ms - Host latency: 1.06375 ms (enqueue 0.62793 ms)
[05/13/2026-12:54:14] [I] Average on 10 runs - GPU latency: 1.0059 ms - Host latency: 1.06677 ms (enqueue 0.635767 ms)
[05/13/2026-12:54:14] [I] Average on 10 runs - GPU latency: 1.00449 ms - Host latency: 1.06332 ms (enqueue 0.628058 ms)
[05/13/2026-12:54:14] [I] Average on 10 runs - GPU latency: 1.00471 ms - Host latency: 1.06419 ms (enqueue 0.632812 ms)
[05/13/2026-12:54:14] [I] Average on 10 runs - GPU latency: 1.01776 ms - Host latency: 1.0788 ms (enqueue 0.629187 ms)
[05/13/2026-12:54:14] [I] Average on 10 runs - GPU latency: 0.891199 ms - Host latency: 0.944232 ms (enqueue 0.611664 ms)
[05/13/2026-12:54:14] [I] Average on 10 runs - GPU latency: 0.877802 ms - Host latency: 0.927838 ms (enqueue 0.608093 ms)
[05/13/2026-12:54:14] [I] Average on 10 runs - GPU latency: 0.877899 ms - Host latency: 0.925037 ms (enqueue 0.572766 ms)
[05/13/2026-12:54:14] [I] Average on 10 runs - GPU latency: 0.878479 ms - Host latency: 0.926813 ms (enqueue 0.566998 ms)
[05/13/2026-12:54:14] [I] Average on 10 runs - GPU latency: 0.878332 ms - Host latency: 0.92738 ms (enqueue 0.568018 ms)
[05/13/2026-12:54:14] [I] Average on 10 runs - GPU latency: 0.878027 ms - Host latency: 0.927618 ms (enqueue 0.568048 ms)
[05/13/2026-12:54:14] [I] Average on 10 runs - GPU latency: 0.877234 ms - Host latency: 0.925146 ms (enqueue 0.57088 ms)
[05/13/2026-12:54:14] [I] Average on 10 runs - GPU latency: 0.87879 ms - Host latency: 0.926337 ms (enqueue 0.567023 ms)
[05/13/2026-12:54:14] [I] Average on 10 runs - GPU latency: 0.878149 ms - Host latency: 0.92641 ms (enqueue 0.572699 ms)
[05/13/2026-12:54:14] [I] Average on 10 runs - GPU latency: 0.878626 ms - Host latency: 0.926532 ms (enqueue 0.543298 ms)
[05/13/2026-12:54:14] [I] Average on 10 runs - GPU latency: 0.877374 ms - Host latency: 0.925079 ms (enqueue 0.549616 ms)
[05/13/2026-12:54:14] [I] Average on 10 runs - GPU latency: 0.877289 ms - Host latency: 0.925409 ms (enqueue 0.538007 ms)
[05/13/2026-12:54:14] [I] Average on 10 runs - GPU latency: 0.878418 ms - Host latency: 0.925934 ms (enqueue 0.550403 ms)
[05/13/2026-12:54:14] [I] Average on 10 runs - GPU latency: 0.877515 ms - Host latency: 0.925769 ms (enqueue 0.540784 ms)
[05/13/2026-12:54:14] [I] Average on 10 runs - GPU latency: 0.878253 ms - Host latency: 0.927057 ms (enqueue 0.543286 ms)
[05/13/2026-12:54:14] [I] Average on 10 runs - GPU latency: 0.878107 ms - Host latency: 0.926038 ms (enqueue 0.541901 ms)
[05/13/2026-12:54:14] [I] Average on 10 runs - GPU latency: 0.877985 ms - Host latency: 0.926379 ms (enqueue 0.543585 ms)
[05/13/2026-12:54:14] [I] Average on 10 runs - GPU latency: 0.877374 ms - Host latency: 0.925934 ms (enqueue 0.539008 ms)
[05/13/2026-12:54:14] [I] Average on 10 runs - GPU latency: 0.87807 ms - Host latency: 0.925995 ms (enqueue 0.542303 ms)
[05/13/2026-12:54:14] [I] Average on 10 runs - GPU latency: 0.876703 ms - Host latency: 0.923627 ms (enqueue 0.541815 ms)
[05/13/2026-12:54:14] [I] Average on 10 runs - GPU latency: 0.877502 ms - Host latency: 0.926178 ms (enqueue 0.541797 ms)
[05/13/2026-12:54:14] [I] Average on 10 runs - GPU latency: 0.878931 ms - Host latency: 0.928833 ms (enqueue 0.54389 ms)
[05/13/2026-12:54:14] [I] Average on 10 runs - GPU latency: 0.877344 ms - Host latency: 0.924023 ms (enqueue 0.537164 ms)
[05/13/2026-12:54:14] [I] Average on 10 runs - GPU latency: 0.877979 ms - Host latency: 0.925592 ms (enqueue 0.546912 ms)
[05/13/2026-12:54:14] [I] Average on 10 runs - GPU latency: 0.878687 ms - Host latency: 0.92738 ms (enqueue 0.545605 ms)
[05/13/2026-12:54:14] [I] Average on 10 runs - GPU latency: 0.877631 ms - Host latency: 0.925604 ms (enqueue 0.536169 ms)
[05/13/2026-12:54:14] [I] Average on 10 runs - GPU latency: 0.878064 ms - Host latency: 0.925934 ms (enqueue 0.541748 ms)
[05/13/2026-12:54:14] [I] Average on 10 runs - GPU latency: 0.877411 ms - Host latency: 0.925177 ms (enqueue 0.550476 ms)
[05/13/2026-12:54:14] [I] Average on 10 runs - GPU latency: 0.878363 ms - Host latency: 0.928137 ms (enqueue 0.551031 ms)
[05/13/2026-12:54:14] [I] Average on 10 runs - GPU latency: 0.87804 ms - Host latency: 0.924927 ms (enqueue 0.550183 ms)
[05/13/2026-12:54:14] [I] Average on 10 runs - GPU latency: 0.878015 ms - Host latency: 0.927289 ms (enqueue 0.552325 ms)
[05/13/2026-12:54:14] [I] Average on 10 runs - GPU latency: 0.878003 ms - Host latency: 0.9263 ms (enqueue 0.561255 ms)
[05/13/2026-12:54:14] [I] Average on 10 runs - GPU latency: 0.878784 ms - Host latency: 0.92818 ms (enqueue 0.547516 ms)
[05/13/2026-12:54:14] [I] Average on 10 runs - GPU latency: 0.877484 ms - Host latency: 0.92478 ms (enqueue 0.537091 ms)
[05/13/2026-12:54:14] [I] Average on 10 runs - GPU latency: 0.879193 ms - Host latency: 0.92749 ms (enqueue 0.522357 ms)
[05/13/2026-12:54:14] [I] Average on 10 runs - GPU latency: 0.878332 ms - Host latency: 0.92702 ms (enqueue 0.550018 ms)
[05/13/2026-12:54:14] [I] Average on 10 runs - GPU latency: 0.877539 ms - Host latency: 0.924634 ms (enqueue 0.520844 ms)
[05/13/2026-12:54:14] [I] Average on 10 runs - GPU latency: 0.878778 ms - Host latency: 0.926886 ms (enqueue 0.519684 ms)
[05/13/2026-12:54:14] [I] Average on 10 runs - GPU latency: 0.878003 ms - Host latency: 0.925818 ms (enqueue 0.538538 ms)
[05/13/2026-12:54:14] [I] Average on 10 runs - GPU latency: 0.878412 ms - Host latency: 0.925531 ms (enqueue 0.520471 ms)
[05/13/2026-12:54:14] [I] Average on 10 runs - GPU latency: 0.878015 ms - Host latency: 0.925897 ms (enqueue 0.525287 ms)
[05/13/2026-12:54:14] [I] Average on 10 runs - GPU latency: 0.878003 ms - Host latency: 0.925415 ms (enqueue 0.521466 ms)
[05/13/2026-12:54:14] [I] Average on 10 runs - GPU latency: 0.877405 ms - Host latency: 0.923828 ms (enqueue 0.523041 ms)
[05/13/2026-12:54:14] [I] Average on 10 runs - GPU latency: 0.877625 ms - Host latency: 0.924408 ms (enqueue 0.522095 ms)
[05/13/2026-12:54:14] [I] Average on 10 runs - GPU latency: 0.87782 ms - Host latency: 0.926239 ms (enqueue 0.527686 ms)
[05/13/2026-12:54:14] [I] Average on 10 runs - GPU latency: 0.877368 ms - Host latency: 0.925507 ms (enqueue 0.527094 ms)
[05/13/2026-12:54:14] [I] Average on 10 runs - GPU latency: 0.877673 ms - Host latency: 0.925769 ms (enqueue 0.514838 ms)
[05/13/2026-12:54:14] [I] Average on 10 runs - GPU latency: 0.877295 ms - Host latency: 0.924469 ms (enqueue 0.516907 ms)
[05/13/2026-12:54:14] [I] Average on 10 runs - GPU latency: 0.878198 ms - Host latency: 0.927124 ms (enqueue 0.517603 ms)
[05/13/2026-12:54:14] [I] Average on 10 runs - GPU latency: 0.878076 ms - Host latency: 0.926086 ms (enqueue 0.516577 ms)
[05/13/2026-12:54:14] [I] Average on 10 runs - GPU latency: 0.87898 ms - Host latency: 0.92594 ms (enqueue 0.524304 ms)
[05/13/2026-12:54:14] [I] Average on 10 runs - GPU latency: 0.877173 ms - Host latency: 0.926099 ms (enqueue 0.516321 ms)
[05/13/2026-12:54:14] [I] Average on 10 runs - GPU latency: 0.876904 ms - Host latency: 0.925098 ms (enqueue 0.522717 ms)
[05/13/2026-12:54:14] [I] Average on 10 runs - GPU latency: 0.87793 ms - Host latency: 0.925623 ms (enqueue 0.518005 ms)
[05/13/2026-12:54:14] [I] Average on 10 runs - GPU latency: 0.877527 ms - Host latency: 0.924255 ms (enqueue 0.522766 ms)
[05/13/2026-12:54:14] [I] Average on 10 runs - GPU latency: 0.877771 ms - Host latency: 0.92627 ms (enqueue 0.531775 ms)
[05/13/2026-12:54:14] [I] Average on 10 runs - GPU latency: 0.877478 ms - Host latency: 0.925623 ms (enqueue 0.520813 ms)
[05/13/2026-12:54:14] [I] Average on 10 runs - GPU latency: 0.877783 ms - Host latency: 0.925488 ms (enqueue 0.52583 ms)
[05/13/2026-12:54:14] [I] Average on 10 runs - GPU latency: 0.877588 ms - Host latency: 0.926294 ms (enqueue 0.530945 ms)
[05/13/2026-12:54:14] [I] Average on 10 runs - GPU latency: 0.878235 ms - Host latency: 0.927173 ms (enqueue 0.532617 ms)
[05/13/2026-12:54:14] [I] Average on 10 runs - GPU latency: 0.877429 ms - Host latency: 0.925134 ms (enqueue 0.54502 ms)
[05/13/2026-12:54:14] [I] Average on 10 runs - GPU latency: 0.876733 ms - Host latency: 0.925134 ms (enqueue 0.521069 ms)
[05/13/2026-12:54:14] [I] Average on 10 runs - GPU latency: 0.877966 ms - Host latency: 0.925891 ms (enqueue 0.527954 ms)
[05/13/2026-12:54:14] [I] Average on 10 runs - GPU latency: 0.877563 ms - Host latency: 0.925769 ms (enqueue 0.532825 ms)
[05/13/2026-12:54:14] [I] Average on 10 runs - GPU latency: 0.877246 ms - Host latency: 0.925061 ms (enqueue 0.524341 ms)
[05/13/2026-12:54:14] [I] Average on 10 runs - GPU latency: 0.877686 ms - Host latency: 0.926733 ms (enqueue 0.537476 ms)
[05/13/2026-12:54:14] [I] Average on 10 runs - GPU latency: 0.877905 ms - Host latency: 0.925745 ms (enqueue 0.530713 ms)
[05/13/2026-12:54:14] [I] Average on 10 runs - GPU latency: 0.877917 ms - Host latency: 0.927454 ms (enqueue 0.526929 ms)
[05/13/2026-12:54:14] [I] Average on 10 runs - GPU latency: 0.876648 ms - Host latency: 0.924512 ms (enqueue 0.533533 ms)
[05/13/2026-12:54:14] [I] Average on 10 runs - GPU latency: 0.878088 ms - Host latency: 0.926575 ms (enqueue 0.534729 ms)
[05/13/2026-12:54:14] [I] Average on 10 runs - GPU latency: 0.87749 ms - Host latency: 0.925159 ms (enqueue 0.53396 ms)
[05/13/2026-12:54:14] [I] Average on 10 runs - GPU latency: 0.876917 ms - Host latency: 0.924048 ms (enqueue 0.526025 ms)
[05/13/2026-12:54:14] [I] Average on 10 runs - GPU latency: 0.877991 ms - Host latency: 0.926672 ms (enqueue 0.531921 ms)
[05/13/2026-12:54:14] [I] Average on 10 runs - GPU latency: 0.877576 ms - Host latency: 0.926538 ms (enqueue 0.532349 ms)
[05/13/2026-12:54:14] [I] Average on 10 runs - GPU latency: 0.877588 ms - Host latency: 0.925806 ms (enqueue 0.534131 ms)
[05/13/2026-12:54:14] [I] Average on 10 runs - GPU latency: 0.877283 ms - Host latency: 0.925256 ms (enqueue 0.551746 ms)
[05/13/2026-12:54:14] [I] Average on 10 runs - GPU latency: 0.877087 ms - Host latency: 0.926477 ms (enqueue 0.545178 ms)
[05/13/2026-12:54:14] [I] Average on 10 runs - GPU latency: 0.87782 ms - Host latency: 0.925159 ms (enqueue 0.540564 ms)
[05/13/2026-12:54:14] [I] Average on 10 runs - GPU latency: 0.877527 ms - Host latency: 0.924231 ms (enqueue 0.536829 ms)
[05/13/2026-12:54:14] [I] Average on 10 runs - GPU latency: 0.877405 ms - Host latency: 0.924927 ms (enqueue 0.539636 ms)
[05/13/2026-12:54:14] [I] Average on 10 runs - GPU latency: 0.87699 ms - Host latency: 0.926221 ms (enqueue 0.552185 ms)
[05/13/2026-12:54:14] [I] Average on 10 runs - GPU latency: 0.877576 ms - Host latency: 0.924695 ms (enqueue 0.542102 ms)
[05/13/2026-12:54:14] [I] Average on 10 runs - GPU latency: 0.878052 ms - Host latency: 0.92561 ms (enqueue 0.539453 ms)
[05/13/2026-12:54:14] [I] Average on 10 runs - GPU latency: 0.877258 ms - Host latency: 0.925061 ms (enqueue 0.542114 ms)
[05/13/2026-12:54:14] [I] Average on 10 runs - GPU latency: 0.878125 ms - Host latency: 0.926843 ms (enqueue 0.539453 ms)
[05/13/2026-12:54:14] [I] Average on 10 runs - GPU latency: 0.877661 ms - Host latency: 0.925354 ms (enqueue 0.546521 ms)
[05/13/2026-12:54:14] [I] Average on 10 runs - GPU latency: 0.877063 ms - Host latency: 0.925684 ms (enqueue 0.541968 ms)
[05/13/2026-12:54:14] [I] Average on 10 runs - GPU latency: 0.877844 ms - Host latency: 0.925769 ms (enqueue 0.53938 ms)
[05/13/2026-12:54:14] [I] Average on 10 runs - GPU latency: 0.876489 ms - Host latency: 0.924182 ms (enqueue 0.54281 ms)
[05/13/2026-12:54:14] [I] Average on 10 runs - GPU latency: 0.877087 ms - Host latency: 0.924622 ms (enqueue 0.542932 ms)
[05/13/2026-12:54:14] [I] Average on 10 runs - GPU latency: 0.877979 ms - Host latency: 0.925842 ms (enqueue 0.551611 ms)
[05/13/2026-12:54:14] [I] Average on 10 runs - GPU latency: 0.877576 ms - Host latency: 0.926111 ms (enqueue 0.544202 ms)
[05/13/2026-12:54:14] [I] Average on 10 runs - GPU latency: 0.878223 ms - Host latency: 0.926733 ms (enqueue 0.540869 ms)
[05/13/2026-12:54:14] [I] Average on 10 runs - GPU latency: 0.876965 ms - Host latency: 0.924744 ms (enqueue 0.540295 ms)
[05/13/2026-12:54:14] [I] Average on 10 runs - GPU latency: 0.878345 ms - Host latency: 0.926672 ms (enqueue 0.541101 ms)
[05/13/2026-12:54:14] [I] Average on 10 runs - GPU latency: 0.877063 ms - Host latency: 0.926025 ms (enqueue 0.54812 ms)
[05/13/2026-12:54:14] [I] Average on 10 runs - GPU latency: 0.877551 ms - Host latency: 0.925574 ms (enqueue 0.542529 ms)
[05/13/2026-12:54:14] [I] Average on 10 runs - GPU latency: 0.877905 ms - Host latency: 0.92616 ms (enqueue 0.541174 ms)
[05/13/2026-12:54:14] [I] Average on 10 runs - GPU latency: 0.876953 ms - Host latency: 0.924805 ms (enqueue 0.544299 ms)
[05/13/2026-12:54:14] [I] Average on 10 runs - GPU latency: 0.876941 ms - Host latency: 0.923621 ms (enqueue 0.537695 ms)
[05/13/2026-12:54:14] [I] Average on 10 runs - GPU latency: 0.87771 ms - Host latency: 0.926099 ms (enqueue 0.550427 ms)
[05/13/2026-12:54:14] [I] Average on 10 runs - GPU latency: 0.877271 ms - Host latency: 0.925269 ms (enqueue 0.53822 ms)
[05/13/2026-12:54:14] [I] Average on 10 runs - GPU latency: 0.877625 ms - Host latency: 0.92627 ms (enqueue 0.537683 ms)
[05/13/2026-12:54:14] [I] Average on 10 runs - GPU latency: 0.878296 ms - Host latency: 0.925598 ms (enqueue 0.526196 ms)
[05/13/2026-12:54:14] [I] Average on 10 runs - GPU latency: 0.877368 ms - Host latency: 0.924438 ms (enqueue 0.536719 ms)
[05/13/2026-12:54:14] [I] Average on 10 runs - GPU latency: 0.878491 ms - Host latency: 0.926184 ms (enqueue 0.547986 ms)
[05/13/2026-12:54:14] [I] Average on 10 runs - GPU latency: 0.878162 ms - Host latency: 0.92655 ms (enqueue 0.544189 ms)
[05/13/2026-12:54:14] [I] Average on 10 runs - GPU latency: 0.878638 ms - Host latency: 0.927661 ms (enqueue 0.540039 ms)
[05/13/2026-12:54:14] [I] Average on 10 runs - GPU latency: 0.877246 ms - Host latency: 0.925159 ms (enqueue 0.53739 ms)
[05/13/2026-12:54:14] [I] Average on 10 runs - GPU latency: 0.877014 ms - Host latency: 0.925098 ms (enqueue 0.541077 ms)
[05/13/2026-12:54:14] [I] Average on 10 runs - GPU latency: 0.878235 ms - Host latency: 0.925769 ms (enqueue 0.551025 ms)
[05/13/2026-12:54:14] [I] Average on 10 runs - GPU latency: 0.878308 ms - Host latency: 0.926538 ms (enqueue 0.540479 ms)
[05/13/2026-12:54:14] [I] Average on 10 runs - GPU latency: 0.877783 ms - Host latency: 0.925806 ms (enqueue 0.537256 ms)
[05/13/2026-12:54:14] [I] Average on 10 runs - GPU latency: 0.877283 ms - Host latency: 0.924536 ms (enqueue 0.540784 ms)
[05/13/2026-12:54:14] [I] Average on 10 runs - GPU latency: 0.877112 ms - Host latency: 0.924646 ms (enqueue 0.53457 ms)
[05/13/2026-12:54:14] [I] Average on 10 runs - GPU latency: 0.877893 ms - Host latency: 0.926428 ms (enqueue 0.551685 ms)
[05/13/2026-12:54:14] [I] Average on 10 runs - GPU latency: 0.877625 ms - Host latency: 0.924866 ms (enqueue 0.543616 ms)
[05/13/2026-12:54:14] [I] Average on 10 runs - GPU latency: 0.877722 ms - Host latency: 0.925513 ms (enqueue 0.544287 ms)
[05/13/2026-12:54:14] [I] Average on 10 runs - GPU latency: 0.877222 ms - Host latency: 0.924255 ms (enqueue 0.540894 ms)
[05/13/2026-12:54:14] [I] Average on 10 runs - GPU latency: 0.878027 ms - Host latency: 0.926392 ms (enqueue 0.540552 ms)
[05/13/2026-12:54:14] [I] Average on 10 runs - GPU latency: 0.876868 ms - Host latency: 0.924133 ms (enqueue 0.553223 ms)
[05/13/2026-12:54:14] [I] Average on 10 runs - GPU latency: 0.877954 ms - Host latency: 0.924866 ms (enqueue 0.53855 ms)
[05/13/2026-12:54:14] [I] Average on 10 runs - GPU latency: 0.877405 ms - Host latency: 0.925476 ms (enqueue 0.542993 ms)
[05/13/2026-12:54:14] [I] Average on 10 runs - GPU latency: 0.878186 ms - Host latency: 0.926782 ms (enqueue 0.545605 ms)
[05/13/2026-12:54:14] [I] Average on 10 runs - GPU latency: 0.878626 ms - Host latency: 0.925793 ms (enqueue 0.541687 ms)
[05/13/2026-12:54:14] [I] Average on 10 runs - GPU latency: 0.877783 ms - Host latency: 0.92533 ms (enqueue 0.549463 ms)
[05/13/2026-12:54:14] [I] Average on 10 runs - GPU latency: 0.878186 ms - Host latency: 0.926343 ms (enqueue 0.539221 ms)
[05/13/2026-12:54:14] [I] Average on 10 runs - GPU latency: 0.877478 ms - Host latency: 0.926245 ms (enqueue 0.541382 ms)
[05/13/2026-12:54:14] [I] Average on 10 runs - GPU latency: 0.876892 ms - Host latency: 0.923828 ms (enqueue 0.539734 ms)
[05/13/2026-12:54:14] [I] Average on 10 runs - GPU latency: 0.877722 ms - Host latency: 0.925708 ms (enqueue 0.541785 ms)
[05/13/2026-12:54:14] [I] Average on 10 runs - GPU latency: 0.876941 ms - Host latency: 0.92522 ms (enqueue 0.547766 ms)
[05/13/2026-12:54:14] [I] Average on 10 runs - GPU latency: 0.878101 ms - Host latency: 0.925586 ms (enqueue 0.542041 ms)
[05/13/2026-12:54:14] [I] Average on 10 runs - GPU latency: 0.876953 ms - Host latency: 0.924329 ms (enqueue 0.542151 ms)
[05/13/2026-12:54:14] [I] Average on 10 runs - GPU latency: 0.877527 ms - Host latency: 0.925513 ms (enqueue 0.539612 ms)
[05/13/2026-12:54:14] [I] Average on 10 runs - GPU latency: 0.877356 ms - Host latency: 0.925916 ms (enqueue 0.543799 ms)
[05/13/2026-12:54:14] [I] Average on 10 runs - GPU latency: 0.878198 ms - Host latency: 0.926477 ms (enqueue 0.541846 ms)
[05/13/2026-12:54:14] [I] Average on 10 runs - GPU latency: 0.877246 ms - Host latency: 0.923804 ms (enqueue 0.546887 ms)
[05/13/2026-12:54:14] [I] Average on 10 runs - GPU latency: 0.877197 ms - Host latency: 0.924426 ms (enqueue 0.541101 ms)
[05/13/2026-12:54:14] [I] Average on 10 runs - GPU latency: 0.8771 ms - Host latency: 0.924854 ms (enqueue 0.543665 ms)
[05/13/2026-12:54:14] [I] Average on 10 runs - GPU latency: 0.878381 ms - Host latency: 0.927319 ms (enqueue 0.539917 ms)
[05/13/2026-12:54:14] [I] Average on 10 runs - GPU latency: 0.877856 ms - Host latency: 0.926013 ms (enqueue 0.545117 ms)
[05/13/2026-12:54:14] [I] Average on 10 runs - GPU latency: 0.877283 ms - Host latency: 0.92533 ms (enqueue 0.551587 ms)
[05/13/2026-12:54:14] [I] Average on 10 runs - GPU latency: 0.876843 ms - Host latency: 0.926111 ms (enqueue 0.541785 ms)
[05/13/2026-12:54:14] [I] Average on 10 runs - GPU latency: 0.876477 ms - Host latency: 0.923706 ms (enqueue 0.537109 ms)
[05/13/2026-12:54:14] [I] Average on 10 runs - GPU latency: 0.877173 ms - Host latency: 0.926025 ms (enqueue 0.545874 ms)
[05/13/2026-12:54:14] [I] Average on 10 runs - GPU latency: 0.877832 ms - Host latency: 0.925989 ms (enqueue 0.54187 ms)
[05/13/2026-12:54:14] [I] Average on 10 runs - GPU latency: 0.877698 ms - Host latency: 0.925183 ms (enqueue 0.540015 ms)
[05/13/2026-12:54:14] [I] Average on 10 runs - GPU latency: 0.877844 ms - Host latency: 0.926721 ms (enqueue 0.5422 ms)
[05/13/2026-12:54:14] [I] Average on 10 runs - GPU latency: 0.878223 ms - Host latency: 0.92677 ms (enqueue 0.545923 ms)
[05/13/2026-12:54:14] [I] Average on 10 runs - GPU latency: 0.878174 ms - Host latency: 0.925891 ms (enqueue 0.541638 ms)
[05/13/2026-12:54:14] [I] Average on 10 runs - GPU latency: 0.878442 ms - Host latency: 0.925476 ms (enqueue 0.54292 ms)
[05/13/2026-12:54:14] [I] Average on 10 runs - GPU latency: 0.880493 ms - Host latency: 0.927307 ms (enqueue 0.543701 ms)
[05/13/2026-12:54:14] [I] Average on 10 runs - GPU latency: 0.877795 ms - Host latency: 0.925037 ms (enqueue 0.54679 ms)
[05/13/2026-12:54:14] [I] Average on 10 runs - GPU latency: 0.876575 ms - Host latency: 0.923853 ms (enqueue 0.543445 ms)
[05/13/2026-12:54:14] [I] Average on 10 runs - GPU latency: 0.877783 ms - Host latency: 0.925806 ms (enqueue 0.542639 ms)
[05/13/2026-12:54:14] [I] Average on 10 runs - GPU latency: 0.878528 ms - Host latency: 0.930078 ms (enqueue 0.554749 ms)
[05/13/2026-12:54:14] [I] Average on 10 runs - GPU latency: 0.877344 ms - Host latency: 0.927466 ms (enqueue 0.517261 ms)
[05/13/2026-12:54:14] [I] Average on 10 runs - GPU latency: 0.877393 ms - Host latency: 0.925232 ms (enqueue 0.515723 ms)
[05/13/2026-12:54:14] [I] Average on 10 runs - GPU latency: 0.880457 ms - Host latency: 0.928662 ms (enqueue 0.510718 ms)
[05/13/2026-12:54:14] [I] Average on 10 runs - GPU latency: 0.878674 ms - Host latency: 0.926599 ms (enqueue 0.524988 ms)
[05/13/2026-12:54:14] [I] Average on 10 runs - GPU latency: 0.879321 ms - Host latency: 0.925476 ms (enqueue 0.516235 ms)
[05/13/2026-12:54:14] [I] Average on 10 runs - GPU latency: 0.88031 ms - Host latency: 0.926123 ms (enqueue 0.514807 ms)
[05/13/2026-12:54:14] [I] Average on 10 runs - GPU latency: 0.879895 ms - Host latency: 0.925903 ms (enqueue 0.511243 ms)
[05/13/2026-12:54:14] [I] Average on 10 runs - GPU latency: 0.879749 ms - Host latency: 0.925928 ms (enqueue 0.542895 ms)
[05/13/2026-12:54:14] [I] Average on 10 runs - GPU latency: 0.879663 ms - Host latency: 0.925501 ms (enqueue 0.550195 ms)
[05/13/2026-12:54:14] [I] Average on 10 runs - GPU latency: 0.878613 ms - Host latency: 0.925879 ms (enqueue 0.523389 ms)
[05/13/2026-12:54:14] [I] Average on 10 runs - GPU latency: 0.877393 ms - Host latency: 0.926392 ms (enqueue 0.513867 ms)
[05/13/2026-12:54:14] [I] Average on 10 runs - GPU latency: 0.878467 ms - Host latency: 0.928271 ms (enqueue 0.532959 ms)
[05/13/2026-12:54:14] [I] Average on 10 runs - GPU latency: 0.87771 ms - Host latency: 0.92627 ms (enqueue 0.527808 ms)
[05/13/2026-12:54:14] [I] Average on 10 runs - GPU latency: 0.877222 ms - Host latency: 0.925293 ms (enqueue 0.525049 ms)
[05/13/2026-12:54:14] [I] Average on 10 runs - GPU latency: 0.87793 ms - Host latency: 0.926147 ms (enqueue 0.520337 ms)
[05/13/2026-12:54:14] [I] Average on 10 runs - GPU latency: 0.877246 ms - Host latency: 0.925586 ms (enqueue 0.518823 ms)
[05/13/2026-12:54:14] [I] Average on 10 runs - GPU latency: 0.87832 ms - Host latency: 0.926709 ms (enqueue 0.526611 ms)
[05/13/2026-12:54:14] [I] Average on 10 runs - GPU latency: 0.876685 ms - Host latency: 0.924854 ms (enqueue 0.532568 ms)
[05/13/2026-12:54:14] [I] Average on 10 runs - GPU latency: 0.876929 ms - Host latency: 0.924487 ms (enqueue 0.524561 ms)
[05/13/2026-12:54:14] [I] Average on 10 runs - GPU latency: 0.876855 ms - Host latency: 0.925195 ms (enqueue 0.518701 ms)
[05/13/2026-12:54:14] [I] Average on 10 runs - GPU latency: 0.878247 ms - Host latency: 0.925415 ms (enqueue 0.52312 ms)
[05/13/2026-12:54:14] [I] Average on 10 runs - GPU latency: 0.876831 ms - Host latency: 0.924731 ms (enqueue 0.517773 ms)
[05/13/2026-12:54:14] [I] Average on 10 runs - GPU latency: 0.877222 ms - Host latency: 0.924585 ms (enqueue 0.528223 ms)
[05/13/2026-12:54:14] [I] Average on 10 runs - GPU latency: 0.877417 ms - Host latency: 0.924585 ms (enqueue 0.529321 ms)
[05/13/2026-12:54:14] [I] Average on 10 runs - GPU latency: 0.877051 ms - Host latency: 0.92522 ms (enqueue 0.524341 ms)
[05/13/2026-12:54:14] [I] Average on 10 runs - GPU latency: 0.877222 ms - Host latency: 0.924487 ms (enqueue 0.528418 ms)
[05/13/2026-12:54:14] [I] Average on 10 runs - GPU latency: 0.878467 ms - Host latency: 0.925684 ms (enqueue 0.533154 ms)
[05/13/2026-12:54:14] [I] Average on 10 runs - GPU latency: 0.880298 ms - Host latency: 0.925855 ms (enqueue 0.529443 ms)
[05/13/2026-12:54:14] [I] Average on 10 runs - GPU latency: 0.879639 ms - Host latency: 0.926221 ms (enqueue 0.54397 ms)
[05/13/2026-12:54:14] [I] Average on 10 runs - GPU latency: 0.878857 ms - Host latency: 0.926807 ms (enqueue 0.534497 ms)
[05/13/2026-12:54:14] [I] Average on 10 runs - GPU latency: 0.877808 ms - Host latency: 0.92605 ms (enqueue 0.538745 ms)
[05/13/2026-12:54:14] [I] Average on 10 runs - GPU latency: 0.877222 ms - Host latency: 0.92417 ms (enqueue 0.527979 ms)
[05/13/2026-12:54:14] [I] Average on 10 runs - GPU latency: 0.876782 ms - Host latency: 0.924902 ms (enqueue 0.532861 ms)
[05/13/2026-12:54:14] [I] Average on 10 runs - GPU latency: 0.878052 ms - Host latency: 0.926367 ms (enqueue 0.535449 ms)
[05/13/2026-12:54:14] [I] Average on 10 runs - GPU latency: 0.877393 ms - Host latency: 0.92522 ms (enqueue 0.535205 ms)
[05/13/2026-12:54:14] [I] Average on 10 runs - GPU latency: 0.877148 ms - Host latency: 0.923535 ms (enqueue 0.532739 ms)
[05/13/2026-12:54:14] [I] Average on 10 runs - GPU latency: 0.878271 ms - Host latency: 0.926587 ms (enqueue 0.53562 ms)
[05/13/2026-12:54:14] [I] Average on 10 runs - GPU latency: 0.877466 ms - Host latency: 0.924756 ms (enqueue 0.534009 ms)
[05/13/2026-12:54:14] [I] Average on 10 runs - GPU latency: 0.877026 ms - Host latency: 0.925098 ms (enqueue 0.535986 ms)
[05/13/2026-12:54:14] [I] Average on 10 runs - GPU latency: 0.877637 ms - Host latency: 0.925903 ms (enqueue 0.531592 ms)
[05/13/2026-12:54:14] [I] Average on 10 runs - GPU latency: 0.877466 ms - Host latency: 0.924585 ms (enqueue 0.531592 ms)
[05/13/2026-12:54:14] [I] Average on 10 runs - GPU latency: 0.87688 ms - Host latency: 0.92439 ms (enqueue 0.527783 ms)
[05/13/2026-12:54:14] [I] Average on 10 runs - GPU latency: 0.877563 ms - Host latency: 0.926514 ms (enqueue 0.536719 ms)
[05/13/2026-12:54:14] [I] Average on 10 runs - GPU latency: 0.877637 ms - Host latency: 0.925488 ms (enqueue 0.546021 ms)
[05/13/2026-12:54:14] [I] Average on 10 runs - GPU latency: 0.878418 ms - Host latency: 0.926758 ms (enqueue 0.548267 ms)
[05/13/2026-12:54:14] [I] Average on 10 runs - GPU latency: 0.8771 ms - Host latency: 0.924731 ms (enqueue 0.535669 ms)
[05/13/2026-12:54:14] [I] Average on 10 runs - GPU latency: 0.877563 ms - Host latency: 0.924683 ms (enqueue 0.540137 ms)
[05/13/2026-12:54:14] [I] Average on 10 runs - GPU latency: 0.878223 ms - Host latency: 0.926025 ms (enqueue 0.546753 ms)
[05/13/2026-12:54:14] [I] Average on 10 runs - GPU latency: 0.876538 ms - Host latency: 0.924194 ms (enqueue 0.549072 ms)
[05/13/2026-12:54:14] [I] Average on 10 runs - GPU latency: 0.878125 ms - Host latency: 0.927051 ms (enqueue 0.546753 ms)
[05/13/2026-12:54:14] [I] Average on 10 runs - GPU latency: 0.877759 ms - Host latency: 0.925879 ms (enqueue 0.541772 ms)
[05/13/2026-12:54:14] [I] Average on 10 runs - GPU latency: 0.877661 ms - Host latency: 0.926709 ms (enqueue 0.55415 ms)
[05/13/2026-12:54:14] [I] Average on 10 runs - GPU latency: 0.878638 ms - Host latency: 0.925928 ms (enqueue 0.542895 ms)
[05/13/2026-12:54:14] [I] Average on 10 runs - GPU latency: 0.877539 ms - Host latency: 0.926001 ms (enqueue 0.55144 ms)
[05/13/2026-12:54:14] [I] Average on 10 runs - GPU latency: 0.876685 ms - Host latency: 0.922485 ms (enqueue 0.540967 ms)
[05/13/2026-12:54:14] [I] Average on 10 runs - GPU latency: 0.878052 ms - Host latency: 0.924731 ms (enqueue 0.539453 ms)
[05/13/2026-12:54:14] [I] Average on 10 runs - GPU latency: 0.876831 ms - Host latency: 0.923291 ms (enqueue 0.536182 ms)
[05/13/2026-12:54:14] [I] Average on 10 runs - GPU latency: 0.876562 ms - Host latency: 0.925269 ms (enqueue 0.53728 ms)
[05/13/2026-12:54:14] [I] Average on 10 runs - GPU latency: 0.877368 ms - Host latency: 0.92439 ms (enqueue 0.547949 ms)
[05/13/2026-12:54:14] [I] Average on 10 runs - GPU latency: 0.877515 ms - Host latency: 0.924341 ms (enqueue 0.543164 ms)
[05/13/2026-12:54:14] [I] Average on 10 runs - GPU latency: 0.877173 ms - Host latency: 0.924683 ms (enqueue 0.544189 ms)
[05/13/2026-12:54:14] [I] Average on 10 runs - GPU latency: 0.876416 ms - Host latency: 0.923169 ms (enqueue 0.532495 ms)
[05/13/2026-12:54:14] [I] Average on 10 runs - GPU latency: 0.877344 ms - Host latency: 0.926147 ms (enqueue 0.537744 ms)
[05/13/2026-12:54:14] [I] Average on 10 runs - GPU latency: 0.8771 ms - Host latency: 0.92478 ms (enqueue 0.550855 ms)
[05/13/2026-12:54:14] [I] Average on 10 runs - GPU latency: 0.878223 ms - Host latency: 0.925732 ms (enqueue 0.548608 ms)
[05/13/2026-12:54:14] [I] Average on 10 runs - GPU latency: 0.876758 ms - Host latency: 0.924854 ms (enqueue 0.541602 ms)
[05/13/2026-12:54:14] [I] Average on 10 runs - GPU latency: 0.876929 ms - Host latency: 0.924805 ms (enqueue 0.545532 ms)
[05/13/2026-12:54:14] [I] Average on 10 runs - GPU latency: 0.878613 ms - Host latency: 0.926587 ms (enqueue 0.538647 ms)
[05/13/2026-12:54:14] [I] Average on 10 runs - GPU latency: 0.877319 ms - Host latency: 0.924731 ms (enqueue 0.543286 ms)
[05/13/2026-12:54:14] [I] Average on 10 runs - GPU latency: 0.877563 ms - Host latency: 0.924243 ms (enqueue 0.544507 ms)
[05/13/2026-12:54:14] [I] Average on 10 runs - GPU latency: 0.877686 ms - Host latency: 0.925781 ms (enqueue 0.53728 ms)
[05/13/2026-12:54:14] [I] Average on 10 runs - GPU latency: 0.878003 ms - Host latency: 0.925244 ms (enqueue 0.540454 ms)
[05/13/2026-12:54:14] [I] Average on 10 runs - GPU latency: 0.87832 ms - Host latency: 0.924634 ms (enqueue 0.544678 ms)
[05/13/2026-12:54:14] [I] Average on 10 runs - GPU latency: 0.878101 ms - Host latency: 0.926733 ms (enqueue 0.549512 ms)
[05/13/2026-12:54:14] [I] Average on 10 runs - GPU latency: 0.876855 ms - Host latency: 0.925098 ms (enqueue 0.541431 ms)
[05/13/2026-12:54:14] [I] Average on 10 runs - GPU latency: 0.877344 ms - Host latency: 0.925195 ms (enqueue 0.546338 ms)
[05/13/2026-12:54:14] [I] Average on 10 runs - GPU latency: 0.877783 ms - Host latency: 0.923999 ms (enqueue 0.540991 ms)
[05/13/2026-12:54:14] [I] Average on 10 runs - GPU latency: 0.877368 ms - Host latency: 0.926221 ms (enqueue 0.54873 ms)
[05/13/2026-12:54:14] [I] Average on 10 runs - GPU latency: 0.87876 ms - Host latency: 0.927026 ms (enqueue 0.546948 ms)
[05/13/2026-12:54:14] [I] Average on 10 runs - GPU latency: 0.877808 ms - Host latency: 0.925977 ms (enqueue 0.546313 ms)
[05/13/2026-12:54:14] [I] Average on 10 runs - GPU latency: 0.877588 ms - Host latency: 0.925562 ms (enqueue 0.541772 ms)
[05/13/2026-12:54:14] [I] Average on 10 runs - GPU latency: 0.87688 ms - Host latency: 0.925244 ms (enqueue 0.544141 ms)
[05/13/2026-12:54:14] [I] Average on 10 runs - GPU latency: 0.878101 ms - Host latency: 0.928101 ms (enqueue 0.543042 ms)
[05/13/2026-12:54:14] [I] Average on 10 runs - GPU latency: 0.876587 ms - Host latency: 0.924902 ms (enqueue 0.547852 ms)
[05/13/2026-12:54:14] [I] Average on 10 runs - GPU latency: 0.87644 ms - Host latency: 0.923682 ms (enqueue 0.546143 ms)
[05/13/2026-12:54:14] [I] Average on 10 runs - GPU latency: 0.87771 ms - Host latency: 0.926221 ms (enqueue 0.543848 ms)
[05/13/2026-12:54:14] [I] Average on 10 runs - GPU latency: 0.877905 ms - Host latency: 0.926025 ms (enqueue 0.543457 ms)
[05/13/2026-12:54:14] [I] Average on 10 runs - GPU latency: 0.878149 ms - Host latency: 0.926514 ms (enqueue 0.538379 ms)
[05/13/2026-12:54:14] [I] Average on 10 runs - GPU latency: 0.877637 ms - Host latency: 0.925903 ms (enqueue 0.557324 ms)
[05/13/2026-12:54:14] [I] Average on 10 runs - GPU latency: 0.876782 ms - Host latency: 0.925195 ms (enqueue 0.540064 ms)
[05/13/2026-12:54:14] [I] Average on 10 runs - GPU latency: 0.878149 ms - Host latency: 0.92522 ms (enqueue 0.545459 ms)
[05/13/2026-12:54:14] [I] Average on 10 runs - GPU latency: 0.877637 ms - Host latency: 0.92417 ms (enqueue 0.540039 ms)
[05/13/2026-12:54:14] [I] Average on 10 runs - GPU latency: 0.878247 ms - Host latency: 0.926123 ms (enqueue 0.5448 ms)
[05/13/2026-12:54:14] [I] Average on 10 runs - GPU latency: 0.876929 ms - Host latency: 0.924854 ms (enqueue 0.548657 ms)
[05/13/2026-12:54:14] [I] Average on 10 runs - GPU latency: 0.87688 ms - Host latency: 0.925073 ms (enqueue 0.541455 ms)
[05/13/2026-12:54:14] [I] Average on 10 runs - GPU latency: 0.877124 ms - Host latency: 0.924097 ms (enqueue 0.543652 ms)
[05/13/2026-12:54:14] [I] Average on 10 runs - GPU latency: 0.877783 ms - Host latency: 0.925879 ms (enqueue 0.540283 ms)
[05/13/2026-12:54:14] [I] Average on 10 runs - GPU latency: 0.877661 ms - Host latency: 0.925586 ms (enqueue 0.532666 ms)
[05/13/2026-12:54:14] [I] Average on 10 runs - GPU latency: 0.877344 ms - Host latency: 0.924902 ms (enqueue 0.54856 ms)
[05/13/2026-12:54:14] [I] Average on 10 runs - GPU latency: 0.877539 ms - Host latency: 0.925342 ms (enqueue 0.542261 ms)
[05/13/2026-12:54:14] [I] Average on 10 runs - GPU latency: 0.876831 ms - Host latency: 0.924585 ms (enqueue 0.535645 ms)
[05/13/2026-12:54:14] [I] Average on 10 runs - GPU latency: 0.878076 ms - Host latency: 0.927979 ms (enqueue 0.543457 ms)
[05/13/2026-12:54:14] [I] Average on 10 runs - GPU latency: 0.878564 ms - Host latency: 0.927734 ms (enqueue 0.544556 ms)
[05/13/2026-12:54:14] [I] Average on 10 runs - GPU latency: 0.877612 ms - Host latency: 0.926953 ms (enqueue 0.546851 ms)
[05/13/2026-12:54:14] [I] Average on 10 runs - GPU latency: 0.877466 ms - Host latency: 0.924927 ms (enqueue 0.547412 ms)
[05/13/2026-12:54:14] [I] Average on 10 runs - GPU latency: 0.87832 ms - Host latency: 0.925488 ms (enqueue 0.54397 ms)
[05/13/2026-12:54:14] [I] Average on 10 runs - GPU latency: 0.878833 ms - Host latency: 0.926587 ms (enqueue 0.54314 ms)
[05/13/2026-12:54:14] [I] Average on 10 runs - GPU latency: 0.877905 ms - Host latency: 0.925732 ms (enqueue 0.545459 ms)
[05/13/2026-12:54:14] [I] Average on 10 runs - GPU latency: 0.878149 ms - Host latency: 0.925439 ms (enqueue 0.545093 ms)
[05/13/2026-12:54:14] [I] Average on 10 runs - GPU latency: 0.877173 ms - Host latency: 0.924121 ms (enqueue 0.54624 ms)
[05/13/2026-12:54:14] [I] Average on 10 runs - GPU latency: 0.878418 ms - Host latency: 0.926978 ms (enqueue 0.546997 ms)
[05/13/2026-12:54:14] [I] Average on 10 runs - GPU latency: 0.877832 ms - Host latency: 0.925024 ms (enqueue 0.545215 ms)
[05/13/2026-12:54:14] [I] Average on 10 runs - GPU latency: 0.877905 ms - Host latency: 0.926343 ms (enqueue 0.548755 ms)
[05/13/2026-12:54:14] [I] Average on 10 runs - GPU latency: 0.877759 ms - Host latency: 0.925244 ms (enqueue 0.549878 ms)
[05/13/2026-12:54:14] [I] Average on 10 runs - GPU latency: 0.877856 ms - Host latency: 0.924634 ms (enqueue 0.551001 ms)
[05/13/2026-12:54:14] [I] Average on 10 runs - GPU latency: 0.878223 ms - Host latency: 0.926465 ms (enqueue 0.560742 ms)
[05/13/2026-12:54:14] [I] Average on 10 runs - GPU latency: 0.876929 ms - Host latency: 0.924048 ms (enqueue 0.535864 ms)
[05/13/2026-12:54:14] [I] Average on 10 runs - GPU latency: 0.877222 ms - Host latency: 0.924365 ms (enqueue 0.537451 ms)
[05/13/2026-12:54:14] [I] Average on 10 runs - GPU latency: 0.877661 ms - Host latency: 0.924487 ms (enqueue 0.546631 ms)
[05/13/2026-12:54:14] [I] Average on 10 runs - GPU latency: 0.876685 ms - Host latency: 0.923145 ms (enqueue 0.543555 ms)
[05/13/2026-12:54:14] [I] Average on 10 runs - GPU latency: 0.877734 ms - Host latency: 0.925098 ms (enqueue 0.546362 ms)
[05/13/2026-12:54:14] [I] Average on 10 runs - GPU latency: 0.876562 ms - Host latency: 0.924072 ms (enqueue 0.53772 ms)
[05/13/2026-12:54:14] [I] Average on 10 runs - GPU latency: 0.877466 ms - Host latency: 0.924365 ms (enqueue 0.541064 ms)
[05/13/2026-12:54:14] [I] Average on 10 runs - GPU latency: 0.877686 ms - Host latency: 0.925439 ms (enqueue 0.547925 ms)
[05/13/2026-12:54:14] [I] Average on 10 runs - GPU latency: 0.877612 ms - Host latency: 0.925781 ms (enqueue 0.551196 ms)
[05/13/2026-12:54:14] [I] Average on 10 runs - GPU latency: 0.877661 ms - Host latency: 0.925391 ms (enqueue 0.542139 ms)
[05/13/2026-12:54:14] [I] Average on 10 runs - GPU latency: 0.877856 ms - Host latency: 0.925244 ms (enqueue 0.547119 ms)
[05/13/2026-12:54:14] [I] Average on 10 runs - GPU latency: 0.87771 ms - Host latency: 0.925537 ms (enqueue 0.544531 ms)
[05/13/2026-12:54:14] [I] Average on 10 runs - GPU latency: 0.878027 ms - Host latency: 0.92583 ms (enqueue 0.544873 ms)
[05/13/2026-12:54:14] [I] Average on 10 runs - GPU latency: 0.877417 ms - Host latency: 0.923511 ms (enqueue 0.538818 ms)
[05/13/2026-12:54:14] [I] Average on 10 runs - GPU latency: 0.876733 ms - Host latency: 0.923291 ms (enqueue 0.541455 ms)
[05/13/2026-12:54:14] [I] Average on 10 runs - GPU latency: 0.876733 ms - Host latency: 0.923584 ms (enqueue 0.539502 ms)
[05/13/2026-12:54:14] [I] Average on 10 runs - GPU latency: 0.876953 ms - Host latency: 0.924829 ms (enqueue 0.540137 ms)
[05/13/2026-12:54:14] [I] Average on 10 runs - GPU latency: 0.876416 ms - Host latency: 0.922876 ms (enqueue 0.545435 ms)
[05/13/2026-12:54:14] [I] Average on 10 runs - GPU latency: 0.877271 ms - Host latency: 0.927783 ms (enqueue 0.54292 ms)
[05/13/2026-12:54:14] [I] Average on 10 runs - GPU latency: 0.877637 ms - Host latency: 0.924243 ms (enqueue 0.541553 ms)
[05/13/2026-12:54:14] [I] Average on 10 runs - GPU latency: 0.879004 ms - Host latency: 0.926367 ms (enqueue 0.547632 ms)
[05/13/2026-12:54:14] [I] Average on 10 runs - GPU latency: 0.877051 ms - Host latency: 0.923853 ms (enqueue 0.54707 ms)
[05/13/2026-12:54:14] [I] Average on 10 runs - GPU latency: 0.876611 ms - Host latency: 0.923926 ms (enqueue 0.547656 ms)
[05/13/2026-12:54:14] [I] 
[05/13/2026-12:54:14] [I] === Performance summary ===
[05/13/2026-12:54:14] [I] Throughput: 1115.71 qps
[05/13/2026-12:54:14] [I] Latency: min = 0.917725 ms, max = 1.09412 ms, mean = 0.942287 ms, median = 0.925781 ms, percentile(90%) = 1.06091 ms, percentile(95%) = 1.06522 ms, percentile(99%) = 1.07092 ms
[05/13/2026-12:54:14] [I] Enqueue Time: min = 0.489441 ms, max = 0.769745 ms, mean = 0.550309 ms, median = 0.53833 ms, percentile(90%) = 0.611877 ms, percentile(95%) = 0.621948 ms, percentile(99%) = 0.678101 ms
[05/13/2026-12:54:14] [I] H2D Latency: min = 0.0356445 ms, max = 0.0792847 ms, mean = 0.0423513 ms, median = 0.0407715 ms, percentile(90%) = 0.0498962 ms, percentile(95%) = 0.0523224 ms, percentile(99%) = 0.0559692 ms
[05/13/2026-12:54:14] [I] GPU Compute Time: min = 0.87207 ms, max = 1.0282 ms, mean = 0.893011 ms, median = 0.87793 ms, percentile(90%) = 1.00305 ms, percentile(95%) = 1.00565 ms, percentile(99%) = 1.00876 ms
[05/13/2026-12:54:14] [I] D2H Latency: min = 0.00402832 ms, max = 0.0132751 ms, mean = 0.00692449 ms, median = 0.00683594 ms, percentile(90%) = 0.00915527 ms, percentile(95%) = 0.00952148 ms, percentile(99%) = 0.0100098 ms
[05/13/2026-12:54:14] [I] Total Host Walltime: 3.00256 s
[05/13/2026-12:54:14] [I] Total GPU Compute Time: 2.99159 s
[05/13/2026-12:54:14] [W] * GPU compute time is unstable, with coefficient of variance = 4.65123%.
[05/13/2026-12:54:14] [W]   If not already in use, locking GPU clock frequency or adding --useSpinWait may improve the stability.
[05/13/2026-12:54:14] [I] Explanations of the performance metrics are printed in the verbose logs.
[05/13/2026-12:54:14] [I] 
&&&& PASSED TensorRT.trtexec [TensorRT v100300] # /usr/src/tensorrt/bin/trtexec --onnx=/home/risenano01/jetson-orin-nano-internal-lab/models/resnet18_random_seed42_opset17.onnx --saveEngine=/home/risenano01/jetson-orin-nano-internal-lab/artifacts/engines/resnet18_fp16_20260513_125323.engine --fp16
